[ 2014-08-09T15:03:03+08:00 ] ERR: (ThinkException) 无法加载模块:Fheader
[ 2014-08-09T15:03:08+08:00 ] ERR: (ThinkException) 无法加载模块:Header
[ 2014-08-09T15:03:14+08:00 ] ERR: (ThinkException) 无法加载模块:Header
[ 2014-08-09T15:04:49+08:00 ] ERR: (ThinkException) 无法加载模块:Header
[ 2014-08-09T15:24:18+08:00 ] ERR: (ThinkException) 非法操作:index
[ 2014-08-09T15:24:52+08:00 ] ERR: (ThinkException) 非法操作:index
[ 2014-08-09T15:25:22+08:00 ] ERR: (ThinkException) 非法操作:index
[ 2014-08-09T15:25:41+08:00 ] ERR: (ThinkException) 非法操作:index
[ 2014-08-09T15:26:04+08:00 ] ERR: (ThinkException) 非法操作:index
[ 2014-08-09T15:26:09+08:00 ] ERR: (ThinkException) 非法操作:index
[ 2014-08-09T15:26:18+08:00 ] ERR: (ThinkException) 非法操作:index
[ 2014-08-09T21:43:46+08:00 ] ERR: (ThinkException) 非法操作:__js__
[ 2014-08-09T21:43:46+08:00 ] ERR: (ThinkException) 非法操作:__js__
[ 2014-08-09T21:43:48+08:00 ] ERR: (ThinkException) 非法操作:__js__
[ 2014-08-09T21:43:48+08:00 ] ERR: (ThinkException) 非法操作:__js__
[ 2014-08-09T21:43:58+08:00 ] ERR: (ThinkException) 非法操作:__js__
[ 2014-08-09T21:43:58+08:00 ] ERR: (ThinkException) 非法操作:__js__
[ 2014-08-09T21:44:29+08:00 ] ERR: (ThinkException) 非法操作:__js__
[ 2014-08-09T21:44:29+08:00 ] ERR: (ThinkException) 非法操作:__js__
[ 2014-08-09T21:45:33+08:00 ] ERR: (ThinkException) 非法操作:__js__
[ 2014-08-09T21:45:33+08:00 ] ERR: (ThinkException) 非法操作:__js__
[ 2014-08-09T21:49:17+08:00 ] ERR: (ThinkException) 非法操作:__js__
[ 2014-08-09T21:49:48+08:00 ] ERR: (ThinkException) 非法操作:js
[ 2014-08-09T21:49:48+08:00 ] ERR: (ThinkException) 非法操作:js
[ 2014-08-09T21:49:48+08:00 ] ERR: (ThinkException) 非法操作:js
[ 2014-08-09T21:55:28+08:00 ] ERR: (ThinkException) 非法操作:__js__
[ 2014-08-09T21:55:31+08:00 ] ERR: (ThinkException) 非法操作:js
[ 2014-08-09T21:55:31+08:00 ] ERR: (ThinkException) 非法操作:js
[ 2014-08-09T21:55:31+08:00 ] ERR: (ThinkException) 非法操作:js
[ 2014-08-09T21:55:31+08:00 ] ERR: (ThinkException) 非法操作:js
[ 2014-08-09T21:55:31+08:00 ] ERR: (ThinkException) 非法操作:js
[ 2014-08-09T21:55:31+08:00 ] ERR: (ThinkException) 非法操作:js
[ 2014-08-09T21:56:09+08:00 ] ERR: (ThinkException) 非法操作:js
[ 2014-08-09T21:56:09+08:00 ] ERR: (ThinkException) 非法操作:js
[ 2014-08-09T21:56:09+08:00 ] ERR: (ThinkException) 非法操作:js
[ 2014-08-09T21:56:51+08:00 ] ERR: (ThinkException) 非法操作:js
[ 2014-08-09T21:56:52+08:00 ] ERR: (ThinkException) 非法操作:js
[ 2014-08-09T22:00:24+08:00 ] ERR: (ThinkException) 非法操作:undefinedlang
[ 2014-08-09T22:00:24+08:00 ] ERR: (ThinkException) 非法操作:undefinedthemes
