[ 2014-06-07T15:34:18+08:00 ] 127.0.0.1 /wyulianjiang/index.php
INFO: [ app_begin ] --START--
INFO: Run ReadHtmlCache Behavior [ RunTime:0.016422s ]
INFO: [ app_begin ] --END-- [ RunTime:0.016516s ]
SQL: SHOW COLUMNS FROM `lj_source` [ RunTime:0.003586s ]
SQL: SELECT `sourceid`,`showname` FROM `lj_source` WHERE ( `status` = 0 ) ORDER BY downloadcount desc LIMIT 5   [ RunTime:0.000333s ]
SQL: SHOW COLUMNS FROM `lj_showpicture` [ RunTime:0.002630s ]
SQL: SELECT * FROM `lj_showpicture` WHERE ( status=1 ) ORDER BY showpictureid desc LIMIT 10   [ RunTime:0.000266s ]
SQL: SHOW COLUMNS FROM `lj_article` [ RunTime:0.003327s ]
SQL: SELECT `articleid`,`title`,`slidepicture` FROM `lj_article` WHERE ( slidestatus=1 ) ORDER BY addtime desc LIMIT 5   [ RunTime:0.000329s ]
SQL: SELECT `articleid`,`title`,`addtime` FROM `lj_article` WHERE ( classid=0 ) ORDER BY priority,addtime desc LIMIT 5   [ RunTime:0.000228s ]
SQL: SHOW COLUMNS FROM `lj_website` [ RunTime:0.002937s ]
SQL: SHOW COLUMNS FROM `lj_website` [ RunTime:0.002441s ]
SQL: SELECT * FROM `lj_website` WHERE ( `group` = 'contact' )  [ RunTime:0.000259s ]
SQL: SHOW COLUMNS FROM `lj_link` [ RunTime:0.002436s ]
SQL: SELECT * FROM `lj_link` WHERE ( linkstatus=0 ) ORDER BY linkid LIMIT 5   [ RunTime:0.000214s ]
SQL: SELECT `articleid`,`title`,`addtime` FROM `lj_article` WHERE ( classid=1 ) ORDER BY priority,addtime desc LIMIT 5   [ RunTime:0.000284s ]
SQL: SHOW COLUMNS FROM `lj_activity` [ RunTime:0.002888s ]
SQL: SELECT `activityid`,`title`,`begintime` FROM `lj_activity` WHERE ( status=0 ) ORDER BY priority,begintime desc LIMIT 4   [ RunTime:0.000371s ]
SQL: SHOW COLUMNS FROM `lj_borrow` [ RunTime:0.002804s ]
SQL: SELECT * FROM `lj_borrow` ORDER BY borrowid desc LIMIT 4   [ RunTime:0.000236s ]
SQL: SHOW COLUMNS FROM `lj_user` [ RunTime:0.003050s ]
SQL: SELECT * FROM `lj_user` WHERE ( 1=1 AND userid='ap1006454' ) LIMIT 1   [ RunTime:0.000296s ]
SQL: SELECT * FROM `lj_user` WHERE ( 1=1 AND userid='' ) LIMIT 1   [ RunTime:0.000223s ]
SQL: SHOW COLUMNS FROM `lj_book` [ RunTime:0.002824s ]
SQL: SELECT * FROM `lj_book` WHERE ( 1=1 AND isbn='9781840785371' ) LIMIT 1   [ RunTime:0.000277s ]
SQL: SELECT * FROM `lj_user` WHERE ( 1=1 AND userid='ap1006429' ) LIMIT 1   [ RunTime:0.000219s ]
SQL: SELECT * FROM `lj_user` WHERE ( 1=1 AND userid='' ) LIMIT 1   [ RunTime:0.000198s ]
SQL: SELECT * FROM `lj_book` WHERE ( 1=1 AND isbn='9787040195835' ) LIMIT 1   [ RunTime:0.000210s ]
SQL: SELECT * FROM `lj_user` WHERE ( 1=1 AND userid='AP1006453' ) LIMIT 1   [ RunTime:0.000198s ]
SQL: SELECT * FROM `lj_user` WHERE ( 1=1 AND userid='' ) LIMIT 1   [ RunTime:0.000188s ]
SQL: SELECT * FROM `lj_book` WHERE ( 1=1 AND isbn='9787550228559' ) LIMIT 1   [ RunTime:0.000202s ]
SQL: SELECT * FROM `lj_user` WHERE ( 1=1 AND userid='AP1006453' ) LIMIT 1   [ RunTime:0.000210s ]
SQL: SELECT * FROM `lj_user` WHERE ( 1=1 AND userid='' ) LIMIT 1   [ RunTime:0.000158s ]
SQL: SELECT * FROM `lj_book` WHERE ( 1=1 AND isbn='9787807590231' ) LIMIT 1   [ RunTime:0.000182s ]
INFO: [ view_template ] --START--
INFO: Run LocationTemplate Behavior [ RunTime:0.068556s ]
INFO: [ view_template ] --END-- [ RunTime:0.068631s ]
INFO: [ view_parse ] --START--
NOTIC: [8] Undefined index: userid F:\server\workspace\wyulianjiang\LjHome\Runtime\Cache\9db315b8a37b3c9f6a562a8ca9a15572.php 第 249 行.
INFO: Run ParseTemplate Behavior [ RunTime:0.117829s ]
INFO: [ view_parse ] --END-- [ RunTime:0.117893s ]
INFO: [ view_filter ] --START--
INFO: Run ContentReplace Behavior [ RunTime:0.070670s ]
INFO: Run TokenBuild Behavior [ RunTime:0.013693s ]
INFO: Run WriteHtmlCache Behavior [ RunTime:0.022045s ]
INFO: Run ShowRuntime Behavior [ RunTime:0.009180s ]
INFO: [ view_filter ] --END-- [ RunTime:0.115843s ]
INFO: [ view_end ] --START--
INFO: Run ShowPageTrace Behavior [ RunTime:0.017135s ]
INFO: [ view_end ] --END-- [ RunTime:0.017208s ]

