[ 2014-07-27T17:38:59+08:00 ] ERR: (ThinkException) 模板不存在[./LjHome/Tpl/Feedback/showone.html]
[ 2014-07-27T17:39:22+08:00 ] ERR: (ThinkException) 模板不存在[./LjHome/Tpl/Feedback/showone.html]
[ 2014-07-27T17:43:20+08:00 ] ERR: (ThinkException) 非法操作:images
[ 2014-07-27T17:43:20+08:00 ] ERR: (ThinkException) 非法操作:images
[ 2014-07-27T17:49:33+08:00 ] ERR: (ThinkException) 非法操作:images
[ 2014-07-27T17:50:12+08:00 ] ERR: (ThinkException) 非法操作:images
[ 2014-07-27T17:50:12+08:00 ] ERR: (ThinkException) 非法操作:images
[ 2014-07-27T17:57:23+08:00 ] ERR: (ThinkException) 非法操作:images
[ 2014-07-27T17:58:10+08:00 ] ERR: (ThinkException) 非法操作:images
[ 2014-07-27T17:58:10+08:00 ] ERR: (ThinkException) 非法操作:images
[ 2014-07-27T18:01:23+08:00 ] ERR: (ThinkException) 非法操作:images
[ 2014-07-27T18:01:26+08:00 ] ERR: (ThinkException) 非法操作:images
[ 2014-07-27T18:01:26+08:00 ] ERR: (ThinkException) 非法操作:images
[ 2014-07-27T18:01:35+08:00 ] ERR: (ThinkException) 非法操作:images
[ 2014-07-27T18:01:42+08:00 ] ERR: (ThinkException) 非法操作:images
[ 2014-07-27T18:01:42+08:00 ] ERR: (ThinkException) 非法操作:images
[ 2014-07-27T18:01:52+08:00 ] ERR: (ThinkException) 非法操作:images
[ 2014-07-27T19:20:51+08:00 ] ERR: (ThinkException) 无法加载模块:Lj
[ 2014-07-27T19:21:31+08:00 ] ERR: (ThinkException) 无法加载模块:Lj
[ 2014-07-27T19:23:20+08:00 ] ERR: (ThinkException) 非法操作:__url__
[ 2014-07-27T19:24:59+08:00 ] ERR: (ThinkException) 无法加载模块:Lj
[ 2014-07-27T19:28:01+08:00 ] ERR: (ThinkException) 非法操作:feedback
[ 2014-07-27T19:28:34+08:00 ] ERR: (ThinkException) 非法操作:feedback
[ 2014-07-27T19:44:39+08:00 ] ERR: (ThinkException) 模板不存在[./LjHome/Tpl/Feedback/add.html]
[ 2014-07-27T20:04:17+08:00 ] ERR: (ThinkException) 无法加载模块:Lj
[ 2014-07-27T20:04:46+08:00 ] ERR: (ThinkException) Action:U您所请求的方法不存在！
[ 2014-07-27T20:05:51+08:00 ] ERR: (ThinkException) 无法加载模块:Lj
