[ 2014-06-09T10:52:43+08:00 ] 127.0.0.1 /wyulianjiang/index.php
INFO: [ app_begin ] --START--
INFO: Run ReadHtmlCache Behavior [ RunTime:0.001005s ]
INFO: [ app_begin ] --END-- [ RunTime:0.001137s ]
SQL: SHOW COLUMNS FROM `lj_source` [ RunTime:0.004381s ]
SQL: SELECT `sourceid`,`showname` FROM `lj_source` WHERE ( `status` = 0 ) ORDER BY downloadcount desc LIMIT 5   [ RunTime:0.000329s ]
SQL: SHOW COLUMNS FROM `lj_showpicture` [ RunTime:0.003117s ]
SQL: SELECT * FROM `lj_showpicture` WHERE ( status=1 ) ORDER BY showpictureid desc LIMIT 10   [ RunTime:0.000693s ]
SQL: SHOW COLUMNS FROM `lj_article` [ RunTime:0.003408s ]
SQL: SELECT `articleid`,`title`,`slidepicture` FROM `lj_article` WHERE ( slidestatus=1 ) ORDER BY addtime desc LIMIT 5   [ RunTime:0.000263s ]
SQL: SELECT `articleid`,`title`,`addtime` FROM `lj_article` WHERE ( classid=0 ) ORDER BY priority,addtime desc LIMIT 5   [ RunTime:0.000229s ]
SQL: SHOW COLUMNS FROM `lj_website` [ RunTime:0.002650s ]
SQL: SHOW COLUMNS FROM `lj_website` [ RunTime:0.002385s ]
SQL: SELECT * FROM `lj_website` WHERE ( `group` = 'contact' )  [ RunTime:0.000220s ]
SQL: SHOW COLUMNS FROM `lj_link` [ RunTime:0.002417s ]
SQL: SELECT * FROM `lj_link` WHERE ( linkstatus=0 ) ORDER BY linkid LIMIT 5   [ RunTime:0.000251s ]
SQL: SELECT `articleid`,`title`,`addtime` FROM `lj_article` WHERE ( classid=1 ) ORDER BY priority,addtime desc LIMIT 5   [ RunTime:0.000219s ]
SQL: SHOW COLUMNS FROM `lj_activity` [ RunTime:0.002692s ]
SQL: SELECT `activityid`,`title`,`begintime` FROM `lj_activity` WHERE ( status=0 ) ORDER BY priority,begintime desc LIMIT 4   [ RunTime:0.000213s ]
SQL: SHOW COLUMNS FROM `lj_borrow` [ RunTime:0.002572s ]
SQL: SELECT * FROM `lj_borrow` ORDER BY borrowid desc LIMIT 4   [ RunTime:0.000208s ]
SQL: SHOW COLUMNS FROM `lj_user` [ RunTime:0.002923s ]
SQL: SELECT * FROM `lj_user` WHERE ( 1=1 AND userid='ap1006454' ) LIMIT 1   [ RunTime:0.000235s ]
SQL: SELECT * FROM `lj_user` WHERE ( 1=1 AND userid='' ) LIMIT 1   [ RunTime:0.000132s ]
SQL: SHOW COLUMNS FROM `lj_book` [ RunTime:0.002778s ]
SQL: SELECT * FROM `lj_book` WHERE ( 1=1 AND isbn='9781840785371' ) LIMIT 1   [ RunTime:0.000229s ]
SQL: SELECT * FROM `lj_user` WHERE ( 1=1 AND userid='ap1006429' ) LIMIT 1   [ RunTime:0.000450s ]
SQL: SELECT * FROM `lj_user` WHERE ( 1=1 AND userid='' ) LIMIT 1   [ RunTime:0.000244s ]
SQL: SELECT * FROM `lj_book` WHERE ( 1=1 AND isbn='9787040195835' ) LIMIT 1   [ RunTime:0.000222s ]
SQL: SELECT * FROM `lj_user` WHERE ( 1=1 AND userid='AP1006453' ) LIMIT 1   [ RunTime:0.000176s ]
SQL: SELECT * FROM `lj_user` WHERE ( 1=1 AND userid='' ) LIMIT 1   [ RunTime:0.000133s ]
SQL: SELECT * FROM `lj_book` WHERE ( 1=1 AND isbn='9787550228559' ) LIMIT 1   [ RunTime:0.000133s ]
SQL: SELECT * FROM `lj_user` WHERE ( 1=1 AND userid='AP1006453' ) LIMIT 1   [ RunTime:0.000124s ]
SQL: SELECT * FROM `lj_user` WHERE ( 1=1 AND userid='' ) LIMIT 1   [ RunTime:0.000149s ]
SQL: SELECT * FROM `lj_book` WHERE ( 1=1 AND isbn='9787807590231' ) LIMIT 1   [ RunTime:0.000137s ]
INFO: [ view_template ] --START--
INFO: Run LocationTemplate Behavior [ RunTime:0.000814s ]
INFO: [ view_template ] --END-- [ RunTime:0.000867s ]
INFO: [ view_parse ] --START--
NOTIC: [8] Undefined index: userid F:\server\workspace\wyulianjiang\LjHome\Runtime\Cache\9db315b8a37b3c9f6a562a8ca9a15572.php 第 249 行.
INFO: Run ParseTemplate Behavior [ RunTime:0.024550s ]
INFO: [ view_parse ] --END-- [ RunTime:0.024608s ]
INFO: [ view_filter ] --START--
INFO: Run ContentReplace Behavior [ RunTime:0.001281s ]
INFO: Run TokenBuild Behavior [ RunTime:0.000493s ]
INFO: Run WriteHtmlCache Behavior [ RunTime:0.000330s ]
INFO: Run ShowRuntime Behavior [ RunTime:0.000525s ]
INFO: [ view_filter ] --END-- [ RunTime:0.002782s ]
INFO: [ view_end ] --START--
INFO: Run ShowPageTrace Behavior [ RunTime:0.000706s ]
INFO: [ view_end ] --END-- [ RunTime:0.000778s ]

