[ 2014-07-25T16:37:47+08:00 ] 127.0.0.1 /lj/
INFO: [ app_begin ] --START--
INFO: Run ReadHtmlCache Behavior [ RunTime:0.027625s ]
INFO: [ app_begin ] --END-- [ RunTime:0.068380s ]
SQL: SHOW COLUMNS FROM `lj_source` [ RunTime:0.179140s ]
SQL: SELECT `sourceid`,`showname` FROM `lj_source` WHERE ( `status` = 0 ) ORDER BY downloadcount desc LIMIT 5   [ RunTime:0.053253s ]
SQL: SHOW COLUMNS FROM `lj_showpicture` [ RunTime:0.053070s ]
SQL: SELECT * FROM `lj_showpicture` WHERE ( status=1 ) ORDER BY showpictureid desc LIMIT 10   [ RunTime:0.001130s ]
SQL: SHOW COLUMNS FROM `lj_article` [ RunTime:0.046885s ]
SQL: SELECT `articleid`,`title`,`slidepicture` FROM `lj_article` WHERE ( slidestatus=1 ) ORDER BY addtime desc LIMIT 5   [ RunTime:0.002608s ]
SQL: SELECT `articleid`,`title`,`addtime` FROM `lj_article` WHERE ( classid=0 ) ORDER BY priority,addtime desc LIMIT 5   [ RunTime:0.047527s ]
SQL: SHOW COLUMNS FROM `lj_website` [ RunTime:0.046070s ]
SQL: SHOW COLUMNS FROM `lj_website` [ RunTime:0.011105s ]
SQL: SELECT * FROM `lj_website` WHERE ( `group` = 'contact' )  [ RunTime:0.003724s ]
SQL: SHOW COLUMNS FROM `lj_link` [ RunTime:0.036931s ]
SQL: SELECT * FROM `lj_link` WHERE ( linkstatus=0 ) ORDER BY linkid LIMIT 5   [ RunTime:0.003251s ]
SQL: SELECT `articleid`,`title`,`addtime` FROM `lj_article` WHERE ( classid=1 ) ORDER BY priority,addtime desc LIMIT 5   [ RunTime:0.001206s ]
SQL: SHOW COLUMNS FROM `lj_activity` [ RunTime:0.049045s ]
SQL: SELECT `activityid`,`title`,`begintime` FROM `lj_activity` WHERE ( status=0 ) ORDER BY priority,begintime desc LIMIT 4   [ RunTime:0.004058s ]
ERR: Unknown column 'status' in 'where clause'
 [ SQL语句 ] : SELECT `activityid`,`title`,`begintime` FROM `lj_activity` WHERE ( status=0 ) ORDER BY priority,begintime desc LIMIT 4  
SQL: SHOW COLUMNS FROM `lj_borrow` [ RunTime:0.038357s ]
SQL: SELECT * FROM `lj_borrow` ORDER BY borrowid desc LIMIT 4   [ RunTime:0.002647s ]
SQL: SHOW COLUMNS FROM `lj_user` [ RunTime:0.026988s ]
SQL: SELECT * FROM `lj_user` WHERE ( 1=1 AND userid='11070512' ) LIMIT 1   [ RunTime:0.001857s ]
SQL: SELECT * FROM `lj_user` WHERE ( 1=1 AND userid='' ) LIMIT 1   [ RunTime:0.000815s ]
SQL: SHOW COLUMNS FROM `lj_book` [ RunTime:0.047472s ]
SQL: SELECT * FROM `lj_book` WHERE ( 1=1 AND isbn='9787111330233' ) LIMIT 1   [ RunTime:0.022264s ]
SQL: SELECT * FROM `lj_user` WHERE ( 1=1 AND userid='11070512' ) LIMIT 1   [ RunTime:0.000745s ]
SQL: SELECT * FROM `lj_user` WHERE ( 1=1 AND userid='' ) LIMIT 1   [ RunTime:0.000560s ]
SQL: SELECT * FROM `lj_book` WHERE ( 1=1 AND isbn='9787040119443' ) LIMIT 1   [ RunTime:0.001278s ]
SQL: SELECT * FROM `lj_user` WHERE ( 1=1 AND userid='11070512' ) LIMIT 1   [ RunTime:0.000866s ]
SQL: SELECT * FROM `lj_user` WHERE ( 1=1 AND userid='' ) LIMIT 1   [ RunTime:0.000873s ]
SQL: SELECT * FROM `lj_book` WHERE ( 1=1 AND isbn='sdsd' ) LIMIT 1   [ RunTime:0.000612s ]
SQL: SELECT * FROM `lj_user` WHERE ( 1=1 AND userid='11070512' ) LIMIT 1   [ RunTime:0.000577s ]
SQL: SELECT * FROM `lj_user` WHERE ( 1=1 AND userid='' ) LIMIT 1   [ RunTime:0.000503s ]
SQL: SELECT * FROM `lj_book` WHERE ( 1=1 AND isbn='dvsdf' ) LIMIT 1   [ RunTime:0.000529s ]
INFO: [ view_template ] --START--
INFO: Run LocationTemplate Behavior [ RunTime:0.003115s ]
INFO: [ view_template ] --END-- [ RunTime:0.003268s ]
INFO: [ view_parse ] --START--
NOTIC: [8] Undefined index:  userid F:\software\php\PHPnow-1.5.6\htdocs\lj\LjHome\Runtime\Cache\9db315b8a37b3c9f6a562a8ca9a15572.php 第 250 行.
NOTIC: [8] Undefined index:  contacttitle F:\software\php\PHPnow-1.5.6\htdocs\lj\LjHome\Runtime\Cache\9db315b8a37b3c9f6a562a8ca9a15572.php 第 320 行.
NOTIC: [8] Undefined index:  contactaddress F:\software\php\PHPnow-1.5.6\htdocs\lj\LjHome\Runtime\Cache\9db315b8a37b3c9f6a562a8ca9a15572.php 第 330 行.
NOTIC: [8] Undefined index:  contactphone F:\software\php\PHPnow-1.5.6\htdocs\lj\LjHome\Runtime\Cache\9db315b8a37b3c9f6a562a8ca9a15572.php 第 339 行.
NOTIC: [8] Undefined index:  contactpostcode F:\software\php\PHPnow-1.5.6\htdocs\lj\LjHome\Runtime\Cache\9db315b8a37b3c9f6a562a8ca9a15572.php 第 348 行.
NOTIC: [8] Undefined index:  contactemail F:\software\php\PHPnow-1.5.6\htdocs\lj\LjHome\Runtime\Cache\9db315b8a37b3c9f6a562a8ca9a15572.php 第 357 行.
NOTIC: [8] Undefined index:  contactwebsite F:\software\php\PHPnow-1.5.6\htdocs\lj\LjHome\Runtime\Cache\9db315b8a37b3c9f6a562a8ca9a15572.php 第 366 行.
INFO: Run ParseTemplate Behavior [ RunTime:1.603052s ]
INFO: [ view_parse ] --END-- [ RunTime:1.605159s ]
INFO: [ view_filter ] --START--
INFO: Run ContentReplace Behavior [ RunTime:0.004417s ]
INFO: Run TokenBuild Behavior [ RunTime:0.002834s ]
INFO: Run WriteHtmlCache Behavior [ RunTime:0.001808s ]
INFO: Run ShowRuntime Behavior [ RunTime:0.003104s ]
INFO: [ view_filter ] --END-- [ RunTime:0.012792s ]
INFO: [ view_end ] --START--
INFO: Run ShowPageTrace Behavior [ RunTime:0.005411s ]
INFO: [ view_end ] --END-- [ RunTime:0.005594s ]

[ 2014-07-25T16:37:54+08:00 ] ERR: (ThinkException) 非法操作:images
[ 2014-07-25T16:38:07+08:00 ] 127.0.0.1 /lj/index.php/Website/about
INFO: [ route_check ] --START--
INFO: Run CheckRoute Behavior [ RunTime:0.017559s ]
INFO: [ route_check ] --END-- [ RunTime:0.017779s ]
INFO: [ app_begin ] --START--
INFO: Run ReadHtmlCache Behavior [ RunTime:0.003355s ]
INFO: [ app_begin ] --END-- [ RunTime:0.003678s ]
SQL: SHOW COLUMNS FROM `lj_website` [ RunTime:0.011389s ]
SQL: SHOW COLUMNS FROM `lj_website` [ RunTime:0.006991s ]
SQL: SELECT * FROM `lj_website` WHERE ( `group` = 'about' )  [ RunTime:0.001391s ]
INFO: [ view_template ] --START--
INFO: Run LocationTemplate Behavior [ RunTime:0.003680s ]
INFO: [ view_template ] --END-- [ RunTime:0.004338s ]
INFO: [ view_parse ] --START--
INFO: Run ParseTemplate Behavior [ RunTime:0.057463s ]
INFO: [ view_parse ] --END-- [ RunTime:0.057633s ]
INFO: [ view_filter ] --START--
INFO: Run ContentReplace Behavior [ RunTime:0.002181s ]
INFO: Run TokenBuild Behavior [ RunTime:0.002516s ]
INFO: Run WriteHtmlCache Behavior [ RunTime:0.002474s ]
INFO: Run ShowRuntime Behavior [ RunTime:0.002796s ]
INFO: [ view_filter ] --END-- [ RunTime:0.010443s ]
INFO: [ view_end ] --START--
INFO: Run ShowPageTrace Behavior [ RunTime:0.003574s ]
INFO: [ view_end ] --END-- [ RunTime:0.003731s ]

[ 2014-07-25T16:38:11+08:00 ] 127.0.0.1 /lj/index.php/Article/newslist
INFO: [ route_check ] --START--
INFO: Run CheckRoute Behavior [ RunTime:0.003996s ]
INFO: [ route_check ] --END-- [ RunTime:0.004239s ]
INFO: [ app_begin ] --START--
INFO: Run ReadHtmlCache Behavior [ RunTime:0.001870s ]
INFO: [ app_begin ] --END-- [ RunTime:0.002016s ]
SQL: SHOW COLUMNS FROM `lj_article` [ RunTime:0.006005s ]
SQL: SELECT COUNT(*) AS tp_count FROM `lj_article` WHERE ( `classid` = 1 ) LIMIT 1   [ RunTime:0.000441s ]
SQL: SELECT * FROM `lj_article` WHERE ( `classid` = 1 ) ORDER BY priority,addtime desc LIMIT 0,10   [ RunTime:0.001268s ]
SQL: SHOW COLUMNS FROM `lj_admin` [ RunTime:0.139951s ]
SQL: SELECT `adminname` FROM `lj_admin` WHERE ( 1=1 AND adminid='admin' ) LIMIT 1   [ RunTime:0.003177s ]
SQL: SHOW COLUMNS FROM `lj_class` [ RunTime:0.030815s ]
SQL: SELECT `name` FROM `lj_class` WHERE ( 1=1 AND classid='1' ) LIMIT 1   [ RunTime:0.002053s ]
SQL: SELECT `adminname` FROM `lj_admin` WHERE ( 1=1 AND adminid='admin' ) LIMIT 1   [ RunTime:0.000510s ]
SQL: SELECT `name` FROM `lj_class` WHERE ( 1=1 AND classid='1' ) LIMIT 1   [ RunTime:0.000530s ]
SQL: SELECT `adminname` FROM `lj_admin` WHERE ( 1=1 AND adminid='admin' ) LIMIT 1   [ RunTime:0.000553s ]
SQL: SELECT `name` FROM `lj_class` WHERE ( 1=1 AND classid='1' ) LIMIT 1   [ RunTime:0.000537s ]
SQL: SELECT `adminname` FROM `lj_admin` WHERE ( 1=1 AND adminid='admin' ) LIMIT 1   [ RunTime:0.000482s ]
SQL: SELECT `name` FROM `lj_class` WHERE ( 1=1 AND classid='1' ) LIMIT 1   [ RunTime:0.000875s ]
SQL: SELECT `adminname` FROM `lj_admin` WHERE ( 1=1 AND adminid='admin' ) LIMIT 1   [ RunTime:0.000590s ]
SQL: SELECT `name` FROM `lj_class` WHERE ( 1=1 AND classid='1' ) LIMIT 1   [ RunTime:0.000704s ]
SQL: SELECT `adminname` FROM `lj_admin` WHERE ( 1=1 AND adminid='admin' ) LIMIT 1   [ RunTime:0.000435s ]
SQL: SELECT `name` FROM `lj_class` WHERE ( 1=1 AND classid='1' ) LIMIT 1   [ RunTime:0.000476s ]
SQL: SELECT `adminname` FROM `lj_admin` WHERE ( 1=1 AND adminid='admin' ) LIMIT 1   [ RunTime:0.000767s ]
SQL: SELECT `name` FROM `lj_class` WHERE ( 1=1 AND classid='1' ) LIMIT 1   [ RunTime:0.000748s ]
SQL: SELECT `adminname` FROM `lj_admin` WHERE ( 1=1 AND adminid='admin' ) LIMIT 1   [ RunTime:0.000586s ]
SQL: SELECT `name` FROM `lj_class` WHERE ( 1=1 AND classid='1' ) LIMIT 1   [ RunTime:0.000521s ]
SQL: SELECT `adminname` FROM `lj_admin` WHERE ( 1=1 AND adminid='admin' ) LIMIT 1   [ RunTime:0.000569s ]
SQL: SELECT `name` FROM `lj_class` WHERE ( 1=1 AND classid='1' ) LIMIT 1   [ RunTime:0.000547s ]
SQL: SELECT `adminname` FROM `lj_admin` WHERE ( 1=1 AND adminid='admin' ) LIMIT 1   [ RunTime:0.000415s ]
SQL: SELECT `name` FROM `lj_class` WHERE ( 1=1 AND classid='1' ) LIMIT 1   [ RunTime:0.000566s ]
INFO: [ view_template ] --START--
INFO: Run LocationTemplate Behavior [ RunTime:0.003891s ]
INFO: [ view_template ] --END-- [ RunTime:0.004077s ]
INFO: [ view_parse ] --START--
INFO: Run ParseTemplate Behavior [ RunTime:0.064331s ]
INFO: [ view_parse ] --END-- [ RunTime:0.064510s ]
INFO: [ view_filter ] --START--
INFO: Run ContentReplace Behavior [ RunTime:0.002449s ]
INFO: Run TokenBuild Behavior [ RunTime:0.001918s ]
INFO: Run WriteHtmlCache Behavior [ RunTime:0.001902s ]
INFO: Run ShowRuntime Behavior [ RunTime:0.002083s ]
INFO: [ view_filter ] --END-- [ RunTime:0.008830s ]
INFO: [ view_end ] --START--
INFO: Run ShowPageTrace Behavior [ RunTime:0.003523s ]
INFO: [ view_end ] --END-- [ RunTime:0.003727s ]

[ 2014-07-25T16:38:15+08:00 ] 127.0.0.1 /lj/index.php/Login/login
INFO: [ route_check ] --START--
INFO: Run CheckRoute Behavior [ RunTime:0.006014s ]
INFO: [ route_check ] --END-- [ RunTime:0.006398s ]
INFO: [ app_begin ] --START--
INFO: Run ReadHtmlCache Behavior [ RunTime:0.001347s ]
INFO: [ app_begin ] --END-- [ RunTime:0.001527s ]
SQL: SHOW COLUMNS FROM `lj_user` [ RunTime:0.006425s ]
SQL: SELECT COUNT(*) AS tp_count FROM `lj_user` WHERE ( `userid` = '11070512' ) AND ( `password` = 'e10adc3949ba59abbe56e057f20f883e' ) LIMIT 1   [ RunTime:0.000694s ]
INFO: [ view_template ] --START--
INFO: Run LocationTemplate Behavior [ RunTime:0.002745s ]
INFO: [ view_template ] --END-- [ RunTime:0.003017s ]
INFO: [ view_parse ] --START--
INFO: Run ParseTemplate Behavior [ RunTime:0.019916s ]
INFO: [ view_parse ] --END-- [ RunTime:0.020118s ]
INFO: [ view_filter ] --START--
INFO: Run ContentReplace Behavior [ RunTime:0.000860s ]
INFO: Run TokenBuild Behavior [ RunTime:0.000728s ]
INFO: Run WriteHtmlCache Behavior [ RunTime:0.000578s ]
INFO: Run ShowRuntime Behavior [ RunTime:0.001005s ]
INFO: [ view_filter ] --END-- [ RunTime:0.003629s ]
INFO: [ view_end ] --START--
INFO: Run ShowPageTrace Behavior [ RunTime:0.003915s ]
INFO: [ view_end ] --END-- [ RunTime:0.004114s ]

[ 2014-07-25T16:38:17+08:00 ] 127.0.0.1 /lj/index.php/Source/
INFO: [ route_check ] --START--
INFO: Run CheckRoute Behavior [ RunTime:0.001770s ]
INFO: [ route_check ] --END-- [ RunTime:0.001937s ]
INFO: [ app_begin ] --START--
INFO: Run ReadHtmlCache Behavior [ RunTime:0.001254s ]
INFO: [ app_begin ] --END-- [ RunTime:0.001386s ]
SQL: SHOW COLUMNS FROM `lj_source` [ RunTime:0.004574s ]
SQL: SELECT COUNT(*) AS tp_count FROM `lj_source` WHERE ( `status` = 0 ) LIMIT 1   [ RunTime:0.002008s ]
SQL: SELECT * FROM `lj_source` WHERE ( `status` = 0 ) ORDER BY addtime desc LIMIT 0,10   [ RunTime:0.000579s ]
SQL: SHOW COLUMNS FROM `lj_user` [ RunTime:0.004741s ]
SQL: SELECT `username` FROM `lj_user` WHERE ( 1=1 AND userid='AP1006429' ) LIMIT 1   [ RunTime:0.002009s ]
SQL: SELECT `username` FROM `lj_user` WHERE ( 1=1 AND userid='AP1006429' ) LIMIT 1   [ RunTime:0.000438s ]
SQL: SELECT `username` FROM `lj_user` WHERE ( 1=1 AND userid='AP1006429' ) LIMIT 1   [ RunTime:0.000238s ]
SQL: SELECT `username` FROM `lj_user` WHERE ( 1=1 AND userid='AP1006429' ) LIMIT 1   [ RunTime:0.000185s ]
SQL: SELECT `username` FROM `lj_user` WHERE ( 1=1 AND userid='AP1006429' ) LIMIT 1   [ RunTime:0.000439s ]
SQL: SELECT `username` FROM `lj_user` WHERE ( 1=1 AND userid='ap1006429' ) LIMIT 1   [ RunTime:0.000437s ]
SQL: SELECT `username` FROM `lj_user` WHERE ( 1=1 AND userid='ap1006429' ) LIMIT 1   [ RunTime:0.000376s ]
SQL: SELECT `username` FROM `lj_user` WHERE ( 1=1 AND userid='ap1006429' ) LIMIT 1   [ RunTime:0.000368s ]
SQL: SELECT `username` FROM `lj_user` WHERE ( 1=1 AND userid='ap1006429' ) LIMIT 1   [ RunTime:0.000499s ]
SQL: SELECT `username` FROM `lj_user` WHERE ( 1=1 AND userid='ap1006429' ) LIMIT 1   [ RunTime:0.000547s ]
INFO: [ view_template ] --START--
INFO: Run LocationTemplate Behavior [ RunTime:0.002492s ]
INFO: [ view_template ] --END-- [ RunTime:0.002667s ]
INFO: [ view_parse ] --START--
INFO: Run ParseTemplate Behavior [ RunTime:0.033804s ]
INFO: [ view_parse ] --END-- [ RunTime:0.033990s ]
INFO: [ view_filter ] --START--
INFO: Run ContentReplace Behavior [ RunTime:0.001285s ]
INFO: Run TokenBuild Behavior [ RunTime:0.001660s ]
INFO: Run WriteHtmlCache Behavior [ RunTime:0.000941s ]
INFO: Run ShowRuntime Behavior [ RunTime:0.000976s ]
INFO: [ view_filter ] --END-- [ RunTime:0.005359s ]
INFO: [ view_end ] --START--
INFO: Run ShowPageTrace Behavior [ RunTime:0.001184s ]
INFO: [ view_end ] --END-- [ RunTime:0.001297s ]

[ 2014-07-25T16:38:17+08:00 ] ERR: (ThinkException) 非法操作:images
[ 2014-07-25T16:38:19+08:00 ] 127.0.0.1 /lj/index.php/Discuss/
INFO: [ route_check ] --START--
INFO: Run CheckRoute Behavior [ RunTime:0.004743s ]
INFO: [ route_check ] --END-- [ RunTime:0.004995s ]
INFO: [ app_begin ] --START--
INFO: Run ReadHtmlCache Behavior [ RunTime:0.001430s ]
INFO: [ app_begin ] --END-- [ RunTime:0.001647s ]
INFO: [ view_template ] --START--
INFO: Run LocationTemplate Behavior [ RunTime:0.006969s ]
INFO: [ view_template ] --END-- [ RunTime:0.007242s ]
INFO: [ view_parse ] --START--
INFO: Run ParseTemplate Behavior [ RunTime:0.062338s ]
INFO: [ view_parse ] --END-- [ RunTime:0.062641s ]
INFO: [ view_filter ] --START--
INFO: Run ContentReplace Behavior [ RunTime:0.003840s ]
INFO: Run TokenBuild Behavior [ RunTime:0.005282s ]
INFO: Run WriteHtmlCache Behavior [ RunTime:0.002812s ]
INFO: Run ShowRuntime Behavior [ RunTime:0.003459s ]
INFO: [ view_filter ] --END-- [ RunTime:0.015946s ]
INFO: [ view_end ] --START--
INFO: Run ShowPageTrace Behavior [ RunTime:0.002456s ]
INFO: [ view_end ] --END-- [ RunTime:0.002670s ]

[ 2014-07-25T16:38:20+08:00 ] 127.0.0.1 /lj/index.php/User/
INFO: [ route_check ] --START--
INFO: Run CheckRoute Behavior [ RunTime:0.003204s ]
INFO: [ route_check ] --END-- [ RunTime:0.003496s ]
INFO: [ app_begin ] --START--
INFO: Run ReadHtmlCache Behavior [ RunTime:0.002415s ]
INFO: [ app_begin ] --END-- [ RunTime:0.002783s ]
SQL: SHOW COLUMNS FROM `lj_user` [ RunTime:0.011720s ]
SQL: SELECT * FROM `lj_user` WHERE ( `userid` = '11070512' )  [ RunTime:0.001468s ]
INFO: [ view_template ] --START--
INFO: Run LocationTemplate Behavior [ RunTime:0.003694s ]
INFO: [ view_template ] --END-- [ RunTime:0.003891s ]
INFO: [ view_parse ] --START--
NOTIC: [8] Undefined index:  userid == $user[0] F:\software\php\PHPnow-1.5.6\htdocs\lj\LjHome\Runtime\Cache\30c1118cbccce52e0eea5da18b1e0da9.php 第 183 行.
NOTIC: [8] Undefined index:  sex F:\software\php\PHPnow-1.5.6\htdocs\lj\LjHome\Runtime\Cache\30c1118cbccce52e0eea5da18b1e0da9.php 第 192 行.
NOTIC: [8] Use of undefined constant userid - assumed 'userid' F:\software\php\PHPnow-1.5.6\htdocs\lj\LjHome\Runtime\Cache\30c1118cbccce52e0eea5da18b1e0da9.php 第 436 行.
NOTIC: [8] Use of undefined constant userid - assumed 'userid' F:\software\php\PHPnow-1.5.6\htdocs\lj\LjHome\Runtime\Cache\30c1118cbccce52e0eea5da18b1e0da9.php 第 454 行.
INFO: Run ParseTemplate Behavior [ RunTime:0.039856s ]
INFO: [ view_parse ] --END-- [ RunTime:0.039994s ]
INFO: [ view_filter ] --START--
INFO: Run ContentReplace Behavior [ RunTime:0.000927s ]
INFO: Run TokenBuild Behavior [ RunTime:0.000807s ]
INFO: Run WriteHtmlCache Behavior [ RunTime:0.000944s ]
INFO: Run ShowRuntime Behavior [ RunTime:0.001552s ]
INFO: [ view_filter ] --END-- [ RunTime:0.004623s ]
INFO: [ view_end ] --START--
INFO: Run ShowPageTrace Behavior [ RunTime:0.001631s ]
INFO: [ view_end ] --END-- [ RunTime:0.001772s ]

[ 2014-07-25T16:38:21+08:00 ] 127.0.0.1 /lj/index.php/Website/contact/
INFO: [ route_check ] --START--
INFO: Run CheckRoute Behavior [ RunTime:0.003164s ]
INFO: [ route_check ] --END-- [ RunTime:0.003372s ]
INFO: [ app_begin ] --START--
INFO: Run ReadHtmlCache Behavior [ RunTime:0.002484s ]
INFO: [ app_begin ] --END-- [ RunTime:0.002656s ]
SQL: SHOW COLUMNS FROM `lj_website` [ RunTime:0.006910s ]
SQL: SHOW COLUMNS FROM `lj_website` [ RunTime:0.006627s ]
SQL: SELECT * FROM `lj_website` WHERE ( `group` = 'contact' )  [ RunTime:0.001818s ]
INFO: [ view_template ] --START--
INFO: Run LocationTemplate Behavior [ RunTime:0.003857s ]
INFO: [ view_template ] --END-- [ RunTime:0.004147s ]
INFO: [ view_parse ] --START--
NOTIC: [8] Undefined index:  contacttitle F:\software\php\PHPnow-1.5.6\htdocs\lj\LjHome\Runtime\Cache\520cd06d05c0f4b4cebe6c200cd7be92.php 第 271 行.
NOTIC: [8] Undefined index:  contactaddress F:\software\php\PHPnow-1.5.6\htdocs\lj\LjHome\Runtime\Cache\520cd06d05c0f4b4cebe6c200cd7be92.php 第 277 行.
NOTIC: [8] Undefined index:  contactphone F:\software\php\PHPnow-1.5.6\htdocs\lj\LjHome\Runtime\Cache\520cd06d05c0f4b4cebe6c200cd7be92.php 第 282 行.
NOTIC: [8] Undefined index:  contactpostcode F:\software\php\PHPnow-1.5.6\htdocs\lj\LjHome\Runtime\Cache\520cd06d05c0f4b4cebe6c200cd7be92.php 第 286 行.
NOTIC: [8] Undefined index:  contactemail F:\software\php\PHPnow-1.5.6\htdocs\lj\LjHome\Runtime\Cache\520cd06d05c0f4b4cebe6c200cd7be92.php 第 290 行.
NOTIC: [8] Undefined index:  contactwebsite F:\software\php\PHPnow-1.5.6\htdocs\lj\LjHome\Runtime\Cache\520cd06d05c0f4b4cebe6c200cd7be92.php 第 294 行.
INFO: Run ParseTemplate Behavior [ RunTime:0.056037s ]
INFO: [ view_parse ] --END-- [ RunTime:0.056199s ]
INFO: [ view_filter ] --START--
INFO: Run ContentReplace Behavior [ RunTime:0.002672s ]
INFO: Run TokenBuild Behavior [ RunTime:0.002705s ]
INFO: Run WriteHtmlCache Behavior [ RunTime:0.001999s ]
INFO: Run ShowRuntime Behavior [ RunTime:0.002425s ]
INFO: [ view_filter ] --END-- [ RunTime:0.010279s ]
INFO: [ view_end ] --START--
INFO: Run ShowPageTrace Behavior [ RunTime:0.004928s ]
INFO: [ view_end ] --END-- [ RunTime:0.005102s ]

[ 2014-07-25T16:38:23+08:00 ] 127.0.0.1 /lj/index.php/User/
INFO: [ route_check ] --START--
INFO: Run CheckRoute Behavior [ RunTime:0.001319s ]
INFO: [ route_check ] --END-- [ RunTime:0.001441s ]
INFO: [ app_begin ] --START--
INFO: Run ReadHtmlCache Behavior [ RunTime:0.001096s ]
INFO: [ app_begin ] --END-- [ RunTime:0.001280s ]
SQL: SHOW COLUMNS FROM `lj_user` [ RunTime:0.007980s ]
SQL: SELECT * FROM `lj_user` WHERE ( `userid` = '11070512' )  [ RunTime:0.002867s ]
INFO: [ view_template ] --START--
INFO: Run LocationTemplate Behavior [ RunTime:0.002668s ]
INFO: [ view_template ] --END-- [ RunTime:0.002831s ]
INFO: [ view_parse ] --START--
NOTIC: [8] Undefined index:  userid == $user[0] F:\software\php\PHPnow-1.5.6\htdocs\lj\LjHome\Runtime\Cache\30c1118cbccce52e0eea5da18b1e0da9.php 第 183 行.
NOTIC: [8] Undefined index:  sex F:\software\php\PHPnow-1.5.6\htdocs\lj\LjHome\Runtime\Cache\30c1118cbccce52e0eea5da18b1e0da9.php 第 192 行.
NOTIC: [8] Use of undefined constant userid - assumed 'userid' F:\software\php\PHPnow-1.5.6\htdocs\lj\LjHome\Runtime\Cache\30c1118cbccce52e0eea5da18b1e0da9.php 第 436 行.
NOTIC: [8] Use of undefined constant userid - assumed 'userid' F:\software\php\PHPnow-1.5.6\htdocs\lj\LjHome\Runtime\Cache\30c1118cbccce52e0eea5da18b1e0da9.php 第 454 行.
INFO: Run ParseTemplate Behavior [ RunTime:0.051496s ]
INFO: [ view_parse ] --END-- [ RunTime:0.051686s ]
INFO: [ view_filter ] --START--
INFO: Run ContentReplace Behavior [ RunTime:0.001453s ]
INFO: Run TokenBuild Behavior [ RunTime:0.001119s ]
INFO: Run WriteHtmlCache Behavior [ RunTime:0.000706s ]
INFO: Run ShowRuntime Behavior [ RunTime:0.001592s ]
INFO: [ view_filter ] --END-- [ RunTime:0.005411s ]
INFO: [ view_end ] --START--
INFO: Run ShowPageTrace Behavior [ RunTime:0.001658s ]
INFO: [ view_end ] --END-- [ RunTime:0.001800s ]

[ 2014-07-25T16:38:32+08:00 ] 127.0.0.1 /lj/index.php/Website/contact/
INFO: [ route_check ] --START--
INFO: Run CheckRoute Behavior [ RunTime:0.003364s ]
INFO: [ route_check ] --END-- [ RunTime:0.003713s ]
INFO: [ app_begin ] --START--
INFO: Run ReadHtmlCache Behavior [ RunTime:0.003739s ]
INFO: [ app_begin ] --END-- [ RunTime:0.004060s ]
SQL: SHOW COLUMNS FROM `lj_website` [ RunTime:0.008206s ]
SQL: SHOW COLUMNS FROM `lj_website` [ RunTime:0.006730s ]
SQL: SELECT * FROM `lj_website` WHERE ( `group` = 'contact' )  [ RunTime:0.003932s ]
INFO: [ view_template ] --START--
INFO: Run LocationTemplate Behavior [ RunTime:0.000907s ]
INFO: [ view_template ] --END-- [ RunTime:0.001057s ]
INFO: [ view_parse ] --START--
NOTIC: [8] Undefined index:  contacttitle F:\software\php\PHPnow-1.5.6\htdocs\lj\LjHome\Runtime\Cache\520cd06d05c0f4b4cebe6c200cd7be92.php 第 271 行.
NOTIC: [8] Undefined index:  contactaddress F:\software\php\PHPnow-1.5.6\htdocs\lj\LjHome\Runtime\Cache\520cd06d05c0f4b4cebe6c200cd7be92.php 第 277 行.
NOTIC: [8] Undefined index:  contactphone F:\software\php\PHPnow-1.5.6\htdocs\lj\LjHome\Runtime\Cache\520cd06d05c0f4b4cebe6c200cd7be92.php 第 282 行.
NOTIC: [8] Undefined index:  contactpostcode F:\software\php\PHPnow-1.5.6\htdocs\lj\LjHome\Runtime\Cache\520cd06d05c0f4b4cebe6c200cd7be92.php 第 286 行.
NOTIC: [8] Undefined index:  contactemail F:\software\php\PHPnow-1.5.6\htdocs\lj\LjHome\Runtime\Cache\520cd06d05c0f4b4cebe6c200cd7be92.php 第 290 行.
NOTIC: [8] Undefined index:  contactwebsite F:\software\php\PHPnow-1.5.6\htdocs\lj\LjHome\Runtime\Cache\520cd06d05c0f4b4cebe6c200cd7be92.php 第 294 行.
INFO: Run ParseTemplate Behavior [ RunTime:0.033971s ]
INFO: [ view_parse ] --END-- [ RunTime:0.034145s ]
INFO: [ view_filter ] --START--
INFO: Run ContentReplace Behavior [ RunTime:0.001694s ]
INFO: Run TokenBuild Behavior [ RunTime:0.000984s ]
INFO: Run WriteHtmlCache Behavior [ RunTime:0.001705s ]
INFO: Run ShowRuntime Behavior [ RunTime:0.001319s ]
INFO: [ view_filter ] --END-- [ RunTime:0.006261s ]
INFO: [ view_end ] --START--
INFO: Run ShowPageTrace Behavior [ RunTime:0.001661s ]
INFO: [ view_end ] --END-- [ RunTime:0.001829s ]

[ 2014-07-25T16:38:34+08:00 ] 127.0.0.1 /lj/index.php/User/
INFO: [ route_check ] --START--
INFO: Run CheckRoute Behavior [ RunTime:0.002333s ]
INFO: [ route_check ] --END-- [ RunTime:0.002563s ]
INFO: [ app_begin ] --START--
INFO: Run ReadHtmlCache Behavior [ RunTime:0.003077s ]
INFO: [ app_begin ] --END-- [ RunTime:0.003342s ]
SQL: SHOW COLUMNS FROM `lj_user` [ RunTime:0.005032s ]
SQL: SELECT * FROM `lj_user` WHERE ( `userid` = '11070512' )  [ RunTime:0.002274s ]
INFO: [ view_template ] --START--
INFO: Run LocationTemplate Behavior [ RunTime:0.001580s ]
INFO: [ view_template ] --END-- [ RunTime:0.001794s ]
INFO: [ view_parse ] --START--
NOTIC: [8] Undefined index:  userid == $user[0] F:\software\php\PHPnow-1.5.6\htdocs\lj\LjHome\Runtime\Cache\30c1118cbccce52e0eea5da18b1e0da9.php 第 183 行.
NOTIC: [8] Undefined index:  sex F:\software\php\PHPnow-1.5.6\htdocs\lj\LjHome\Runtime\Cache\30c1118cbccce52e0eea5da18b1e0da9.php 第 192 行.
NOTIC: [8] Use of undefined constant userid - assumed 'userid' F:\software\php\PHPnow-1.5.6\htdocs\lj\LjHome\Runtime\Cache\30c1118cbccce52e0eea5da18b1e0da9.php 第 436 行.
NOTIC: [8] Use of undefined constant userid - assumed 'userid' F:\software\php\PHPnow-1.5.6\htdocs\lj\LjHome\Runtime\Cache\30c1118cbccce52e0eea5da18b1e0da9.php 第 454 行.
INFO: Run ParseTemplate Behavior [ RunTime:0.032430s ]
INFO: [ view_parse ] --END-- [ RunTime:0.032586s ]
INFO: [ view_filter ] --START--
INFO: Run ContentReplace Behavior [ RunTime:0.001141s ]
INFO: Run TokenBuild Behavior [ RunTime:0.001041s ]
INFO: Run WriteHtmlCache Behavior [ RunTime:0.000675s ]
INFO: Run ShowRuntime Behavior [ RunTime:0.001128s ]
INFO: [ view_filter ] --END-- [ RunTime:0.004399s ]
INFO: [ view_end ] --START--
INFO: Run ShowPageTrace Behavior [ RunTime:0.001858s ]
INFO: [ view_end ] --END-- [ RunTime:0.002007s ]

[ 2014-07-25T16:38:35+08:00 ] 127.0.0.1 /lj/index.php/Discuss/
INFO: [ route_check ] --START--
INFO: Run CheckRoute Behavior [ RunTime:0.002175s ]
INFO: [ route_check ] --END-- [ RunTime:0.002353s ]
INFO: [ app_begin ] --START--
INFO: Run ReadHtmlCache Behavior [ RunTime:0.001575s ]
INFO: [ app_begin ] --END-- [ RunTime:0.001749s ]
INFO: [ view_template ] --START--
INFO: Run LocationTemplate Behavior [ RunTime:0.002506s ]
INFO: [ view_template ] --END-- [ RunTime:0.002733s ]
INFO: [ view_parse ] --START--
INFO: Run ParseTemplate Behavior [ RunTime:0.040568s ]
INFO: [ view_parse ] --END-- [ RunTime:0.040841s ]
INFO: [ view_filter ] --START--
INFO: Run ContentReplace Behavior [ RunTime:0.001193s ]
INFO: Run TokenBuild Behavior [ RunTime:0.001107s ]
INFO: Run WriteHtmlCache Behavior [ RunTime:0.000598s ]
INFO: Run ShowRuntime Behavior [ RunTime:0.001332s ]
INFO: [ view_filter ] --END-- [ RunTime:0.004699s ]
INFO: [ view_end ] --START--
INFO: Run ShowPageTrace Behavior [ RunTime:0.002110s ]
INFO: [ view_end ] --END-- [ RunTime:0.002297s ]

[ 2014-07-25T16:38:36+08:00 ] 127.0.0.1 /lj/index.php/Source/
INFO: [ route_check ] --START--
INFO: Run CheckRoute Behavior [ RunTime:0.001835s ]
INFO: [ route_check ] --END-- [ RunTime:0.001998s ]
INFO: [ app_begin ] --START--
INFO: Run ReadHtmlCache Behavior [ RunTime:0.001256s ]
INFO: [ app_begin ] --END-- [ RunTime:0.001397s ]
SQL: SHOW COLUMNS FROM `lj_source` [ RunTime:0.009510s ]
SQL: SELECT COUNT(*) AS tp_count FROM `lj_source` WHERE ( `status` = 0 ) LIMIT 1   [ RunTime:0.000635s ]
SQL: SELECT * FROM `lj_source` WHERE ( `status` = 0 ) ORDER BY addtime desc LIMIT 0,10   [ RunTime:0.000735s ]
SQL: SHOW COLUMNS FROM `lj_user` [ RunTime:0.006464s ]
SQL: SELECT `username` FROM `lj_user` WHERE ( 1=1 AND userid='AP1006429' ) LIMIT 1   [ RunTime:0.002436s ]
SQL: SELECT `username` FROM `lj_user` WHERE ( 1=1 AND userid='AP1006429' ) LIMIT 1   [ RunTime:0.000604s ]
SQL: SELECT `username` FROM `lj_user` WHERE ( 1=1 AND userid='AP1006429' ) LIMIT 1   [ RunTime:0.000814s ]
SQL: SELECT `username` FROM `lj_user` WHERE ( 1=1 AND userid='AP1006429' ) LIMIT 1   [ RunTime:0.000573s ]
SQL: SELECT `username` FROM `lj_user` WHERE ( 1=1 AND userid='AP1006429' ) LIMIT 1   [ RunTime:0.000450s ]
SQL: SELECT `username` FROM `lj_user` WHERE ( 1=1 AND userid='ap1006429' ) LIMIT 1   [ RunTime:0.001414s ]
SQL: SELECT `username` FROM `lj_user` WHERE ( 1=1 AND userid='ap1006429' ) LIMIT 1   [ RunTime:0.000649s ]
SQL: SELECT `username` FROM `lj_user` WHERE ( 1=1 AND userid='ap1006429' ) LIMIT 1   [ RunTime:0.000404s ]
SQL: SELECT `username` FROM `lj_user` WHERE ( 1=1 AND userid='ap1006429' ) LIMIT 1   [ RunTime:0.000388s ]
SQL: SELECT `username` FROM `lj_user` WHERE ( 1=1 AND userid='ap1006429' ) LIMIT 1   [ RunTime:0.000630s ]
INFO: [ view_template ] --START--
INFO: Run LocationTemplate Behavior [ RunTime:0.003001s ]
INFO: [ view_template ] --END-- [ RunTime:0.003229s ]
INFO: [ view_parse ] --START--
INFO: Run ParseTemplate Behavior [ RunTime:0.042620s ]
INFO: [ view_parse ] --END-- [ RunTime:0.042775s ]
INFO: [ view_filter ] --START--
INFO: Run ContentReplace Behavior [ RunTime:0.001725s ]
INFO: Run TokenBuild Behavior [ RunTime:0.000737s ]
INFO: Run WriteHtmlCache Behavior [ RunTime:0.000390s ]
INFO: Run ShowRuntime Behavior [ RunTime:0.000810s ]
INFO: [ view_filter ] --END-- [ RunTime:0.003959s ]
INFO: [ view_end ] --START--
INFO: Run ShowPageTrace Behavior [ RunTime:0.001148s ]
INFO: [ view_end ] --END-- [ RunTime:0.001446s ]

[ 2014-07-25T16:38:37+08:00 ] 127.0.0.1 /lj/index.php/Activity/
INFO: [ route_check ] --START--
INFO: Run CheckRoute Behavior [ RunTime:0.003954s ]
INFO: [ route_check ] --END-- [ RunTime:0.004276s ]
INFO: [ app_begin ] --START--
INFO: Run ReadHtmlCache Behavior [ RunTime:0.001957s ]
INFO: [ app_begin ] --END-- [ RunTime:0.002290s ]
SQL: SHOW COLUMNS FROM `lj_activity` [ RunTime:0.007062s ]
SQL: SELECT COUNT(*) AS tp_count FROM `lj_activity` LIMIT 1   [ RunTime:0.000848s ]
SQL: SELECT * FROM `lj_activity` ORDER BY priority,begintime desc LIMIT 0,15   [ RunTime:0.000356s ]
ERR: Unknown column 'priority' in 'order clause'
 [ SQL语句 ] : SELECT * FROM `lj_activity` ORDER BY priority,begintime desc LIMIT 0,15  
NOTIC: [8] Use of undefined constant activitylist - assumed 'activitylist' F:\software\php\PHPnow-1.5.6\htdocs\lj\LjHome\Lib\Action\ActivityAction.class.php 第 21 行.
INFO: [ view_template ] --START--
INFO: Run LocationTemplate Behavior [ RunTime:0.003400s ]
INFO: [ view_template ] --END-- [ RunTime:0.003633s ]
INFO: [ view_parse ] --START--
INFO: Run ParseTemplate Behavior [ RunTime:0.043987s ]
INFO: [ view_parse ] --END-- [ RunTime:0.044175s ]
INFO: [ view_filter ] --START--
INFO: Run ContentReplace Behavior [ RunTime:0.001342s ]
INFO: Run TokenBuild Behavior [ RunTime:0.001245s ]
INFO: Run WriteHtmlCache Behavior [ RunTime:0.000789s ]
INFO: Run ShowRuntime Behavior [ RunTime:0.001787s ]
INFO: [ view_filter ] --END-- [ RunTime:0.008391s ]
INFO: [ view_end ] --START--
INFO: Run ShowPageTrace Behavior [ RunTime:0.002433s ]
INFO: [ view_end ] --END-- [ RunTime:0.002666s ]

[ 2014-07-25T16:38:38+08:00 ] 127.0.0.1 /lj/index.php/Book/
INFO: [ route_check ] --START--
INFO: Run CheckRoute Behavior [ RunTime:0.002900s ]
INFO: [ route_check ] --END-- [ RunTime:0.003122s ]
INFO: [ app_begin ] --START--
INFO: Run ReadHtmlCache Behavior [ RunTime:0.001188s ]
INFO: [ app_begin ] --END-- [ RunTime:0.001323s ]
SQL: SHOW COLUMNS FROM `lj_borrow` [ RunTime:0.006987s ]
SQL: SELECT COUNT(*) AS tp_count FROM `lj_borrow` WHERE ( `offerid` <> '11070512' ) AND ( `status` = 0 ) LIMIT 1   [ RunTime:0.004652s ]
SQL: SELECT * FROM `lj_borrow` WHERE ( `offerid` <> '11070512' ) AND ( `status` = 0 ) LIMIT 0,10   [ RunTime:0.001187s ]
INFO: [ view_template ] --START--
INFO: Run LocationTemplate Behavior [ RunTime:0.003268s ]
INFO: [ view_template ] --END-- [ RunTime:0.003439s ]
INFO: [ view_parse ] --START--
INFO: Run ParseTemplate Behavior [ RunTime:0.042051s ]
INFO: [ view_parse ] --END-- [ RunTime:0.042629s ]
INFO: [ view_filter ] --START--
INFO: Run ContentReplace Behavior [ RunTime:0.001133s ]
INFO: Run TokenBuild Behavior [ RunTime:0.000916s ]
INFO: Run WriteHtmlCache Behavior [ RunTime:0.000682s ]
INFO: Run ShowRuntime Behavior [ RunTime:0.001373s ]
INFO: [ view_filter ] --END-- [ RunTime:0.004764s ]
INFO: [ view_end ] --START--
INFO: Run ShowPageTrace Behavior [ RunTime:0.001751s ]
INFO: [ view_end ] --END-- [ RunTime:0.001910s ]

[ 2014-07-25T16:38:39+08:00 ] 127.0.0.1 /lj/index.php/Article/newslist
INFO: [ route_check ] --START--
INFO: Run CheckRoute Behavior [ RunTime:0.002637s ]
INFO: [ route_check ] --END-- [ RunTime:0.002869s ]
INFO: [ app_begin ] --START--
INFO: Run ReadHtmlCache Behavior [ RunTime:0.001838s ]
INFO: [ app_begin ] --END-- [ RunTime:0.002022s ]
SQL: SHOW COLUMNS FROM `lj_article` [ RunTime:0.003966s ]
SQL: SELECT COUNT(*) AS tp_count FROM `lj_article` WHERE ( `classid` = 1 ) LIMIT 1   [ RunTime:0.000394s ]
SQL: SELECT * FROM `lj_article` WHERE ( `classid` = 1 ) ORDER BY priority,addtime desc LIMIT 0,10   [ RunTime:0.000672s ]
SQL: SHOW COLUMNS FROM `lj_admin` [ RunTime:0.004884s ]
SQL: SELECT `adminname` FROM `lj_admin` WHERE ( 1=1 AND adminid='admin' ) LIMIT 1   [ RunTime:0.002217s ]
SQL: SHOW COLUMNS FROM `lj_class` [ RunTime:0.005677s ]
SQL: SELECT `name` FROM `lj_class` WHERE ( 1=1 AND classid='1' ) LIMIT 1   [ RunTime:0.001976s ]
SQL: SELECT `adminname` FROM `lj_admin` WHERE ( 1=1 AND adminid='admin' ) LIMIT 1   [ RunTime:0.000448s ]
SQL: SELECT `name` FROM `lj_class` WHERE ( 1=1 AND classid='1' ) LIMIT 1   [ RunTime:0.000362s ]
SQL: SELECT `adminname` FROM `lj_admin` WHERE ( 1=1 AND adminid='admin' ) LIMIT 1   [ RunTime:0.000344s ]
SQL: SELECT `name` FROM `lj_class` WHERE ( 1=1 AND classid='1' ) LIMIT 1   [ RunTime:0.000329s ]
SQL: SELECT `adminname` FROM `lj_admin` WHERE ( 1=1 AND adminid='admin' ) LIMIT 1   [ RunTime:0.000319s ]
SQL: SELECT `name` FROM `lj_class` WHERE ( 1=1 AND classid='1' ) LIMIT 1   [ RunTime:0.000339s ]
SQL: SELECT `adminname` FROM `lj_admin` WHERE ( 1=1 AND adminid='admin' ) LIMIT 1   [ RunTime:0.000362s ]
SQL: SELECT `name` FROM `lj_class` WHERE ( 1=1 AND classid='1' ) LIMIT 1   [ RunTime:0.000989s ]
SQL: SELECT `adminname` FROM `lj_admin` WHERE ( 1=1 AND adminid='admin' ) LIMIT 1   [ RunTime:0.000774s ]
SQL: SELECT `name` FROM `lj_class` WHERE ( 1=1 AND classid='1' ) LIMIT 1   [ RunTime:0.000614s ]
SQL: SELECT `adminname` FROM `lj_admin` WHERE ( 1=1 AND adminid='admin' ) LIMIT 1   [ RunTime:0.003296s ]
SQL: SELECT `name` FROM `lj_class` WHERE ( 1=1 AND classid='1' ) LIMIT 1   [ RunTime:0.000403s ]
SQL: SELECT `adminname` FROM `lj_admin` WHERE ( 1=1 AND adminid='admin' ) LIMIT 1   [ RunTime:0.000690s ]
SQL: SELECT `name` FROM `lj_class` WHERE ( 1=1 AND classid='1' ) LIMIT 1   [ RunTime:0.000755s ]
SQL: SELECT `adminname` FROM `lj_admin` WHERE ( 1=1 AND adminid='admin' ) LIMIT 1   [ RunTime:0.000395s ]
SQL: SELECT `name` FROM `lj_class` WHERE ( 1=1 AND classid='1' ) LIMIT 1   [ RunTime:0.000359s ]
SQL: SELECT `adminname` FROM `lj_admin` WHERE ( 1=1 AND adminid='admin' ) LIMIT 1   [ RunTime:0.000312s ]
SQL: SELECT `name` FROM `lj_class` WHERE ( 1=1 AND classid='1' ) LIMIT 1   [ RunTime:0.000318s ]
INFO: [ view_template ] --START--
INFO: Run LocationTemplate Behavior [ RunTime:0.002702s ]
INFO: [ view_template ] --END-- [ RunTime:0.002918s ]
INFO: [ view_parse ] --START--
INFO: Run ParseTemplate Behavior [ RunTime:0.033500s ]
INFO: [ view_parse ] --END-- [ RunTime:0.033666s ]
INFO: [ view_filter ] --START--
INFO: Run ContentReplace Behavior [ RunTime:0.001819s ]
INFO: Run TokenBuild Behavior [ RunTime:0.000857s ]
INFO: Run WriteHtmlCache Behavior [ RunTime:0.000528s ]
INFO: Run ShowRuntime Behavior [ RunTime:0.000994s ]
INFO: [ view_filter ] --END-- [ RunTime:0.004623s ]
INFO: [ view_end ] --START--
INFO: Run ShowPageTrace Behavior [ RunTime:0.001323s ]
INFO: [ view_end ] --END-- [ RunTime:0.001466s ]

[ 2014-07-25T16:38:40+08:00 ] 127.0.0.1 /lj/index.php/Website/about
INFO: [ route_check ] --START--
INFO: Run CheckRoute Behavior [ RunTime:0.005255s ]
INFO: [ route_check ] --END-- [ RunTime:0.005481s ]
INFO: [ app_begin ] --START--
INFO: Run ReadHtmlCache Behavior [ RunTime:0.001760s ]
INFO: [ app_begin ] --END-- [ RunTime:0.002085s ]
SQL: SHOW COLUMNS FROM `lj_website` [ RunTime:0.006384s ]
SQL: SHOW COLUMNS FROM `lj_website` [ RunTime:0.007150s ]
SQL: SELECT * FROM `lj_website` WHERE ( `group` = 'about' )  [ RunTime:0.003116s ]
INFO: [ view_template ] --START--
INFO: Run LocationTemplate Behavior [ RunTime:0.003915s ]
INFO: [ view_template ] --END-- [ RunTime:0.004154s ]
INFO: [ view_parse ] --START--
INFO: Run ParseTemplate Behavior [ RunTime:0.035071s ]
INFO: [ view_parse ] --END-- [ RunTime:0.035299s ]
INFO: [ view_filter ] --START--
INFO: Run ContentReplace Behavior [ RunTime:0.001404s ]
INFO: Run TokenBuild Behavior [ RunTime:0.001242s ]
INFO: Run WriteHtmlCache Behavior [ RunTime:0.000788s ]
INFO: Run ShowRuntime Behavior [ RunTime:0.001117s ]
INFO: [ view_filter ] --END-- [ RunTime:0.005114s ]
INFO: [ view_end ] --START--
INFO: Run ShowPageTrace Behavior [ RunTime:0.001376s ]
INFO: [ view_end ] --END-- [ RunTime:0.001581s ]

[ 2014-07-25T16:38:41+08:00 ] 127.0.0.1 /lj/
INFO: [ app_begin ] --START--
INFO: Run ReadHtmlCache Behavior [ RunTime:0.002932s ]
INFO: [ app_begin ] --END-- [ RunTime:0.003203s ]
SQL: SHOW COLUMNS FROM `lj_source` [ RunTime:0.006677s ]
SQL: SELECT `sourceid`,`showname` FROM `lj_source` WHERE ( `status` = 0 ) ORDER BY downloadcount desc LIMIT 5   [ RunTime:0.003042s ]
SQL: SHOW COLUMNS FROM `lj_showpicture` [ RunTime:0.006509s ]
SQL: SELECT * FROM `lj_showpicture` WHERE ( status=1 ) ORDER BY showpictureid desc LIMIT 10   [ RunTime:0.003144s ]
SQL: SHOW COLUMNS FROM `lj_article` [ RunTime:0.007395s ]
SQL: SELECT `articleid`,`title`,`slidepicture` FROM `lj_article` WHERE ( slidestatus=1 ) ORDER BY addtime desc LIMIT 5   [ RunTime:0.006132s ]
SQL: SELECT `articleid`,`title`,`addtime` FROM `lj_article` WHERE ( classid=0 ) ORDER BY priority,addtime desc LIMIT 5   [ RunTime:0.000744s ]
SQL: SHOW COLUMNS FROM `lj_website` [ RunTime:0.006292s ]
SQL: SHOW COLUMNS FROM `lj_website` [ RunTime:0.007957s ]
SQL: SELECT * FROM `lj_website` WHERE ( `group` = 'contact' )  [ RunTime:0.002349s ]
SQL: SHOW COLUMNS FROM `lj_link` [ RunTime:0.006764s ]
SQL: SELECT * FROM `lj_link` WHERE ( linkstatus=0 ) ORDER BY linkid LIMIT 5   [ RunTime:0.002631s ]
SQL: SELECT `articleid`,`title`,`addtime` FROM `lj_article` WHERE ( classid=1 ) ORDER BY priority,addtime desc LIMIT 5   [ RunTime:0.000685s ]
SQL: SHOW COLUMNS FROM `lj_activity` [ RunTime:0.006349s ]
SQL: SELECT `activityid`,`title`,`begintime` FROM `lj_activity` WHERE ( status=0 ) ORDER BY priority,begintime desc LIMIT 4   [ RunTime:0.002505s ]
ERR: Unknown column 'status' in 'where clause'
 [ SQL语句 ] : SELECT `activityid`,`title`,`begintime` FROM `lj_activity` WHERE ( status=0 ) ORDER BY priority,begintime desc LIMIT 4  
SQL: SHOW COLUMNS FROM `lj_borrow` [ RunTime:0.004838s ]
SQL: SELECT * FROM `lj_borrow` ORDER BY borrowid desc LIMIT 4   [ RunTime:0.002537s ]
SQL: SHOW COLUMNS FROM `lj_user` [ RunTime:0.005123s ]
SQL: SELECT * FROM `lj_user` WHERE ( 1=1 AND userid='11070512' ) LIMIT 1   [ RunTime:0.004616s ]
SQL: SELECT * FROM `lj_user` WHERE ( 1=1 AND userid='' ) LIMIT 1   [ RunTime:0.000854s ]
SQL: SHOW COLUMNS FROM `lj_book` [ RunTime:0.007167s ]
SQL: SELECT * FROM `lj_book` WHERE ( 1=1 AND isbn='9787111330233' ) LIMIT 1   [ RunTime:0.002792s ]
SQL: SELECT * FROM `lj_user` WHERE ( 1=1 AND userid='11070512' ) LIMIT 1   [ RunTime:0.000492s ]
SQL: SELECT * FROM `lj_user` WHERE ( 1=1 AND userid='' ) LIMIT 1   [ RunTime:0.000450s ]
SQL: SELECT * FROM `lj_book` WHERE ( 1=1 AND isbn='9787040119443' ) LIMIT 1   [ RunTime:0.000629s ]
SQL: SELECT * FROM `lj_user` WHERE ( 1=1 AND userid='11070512' ) LIMIT 1   [ RunTime:0.000581s ]
SQL: SELECT * FROM `lj_user` WHERE ( 1=1 AND userid='' ) LIMIT 1   [ RunTime:0.000518s ]
SQL: SELECT * FROM `lj_book` WHERE ( 1=1 AND isbn='sdsd' ) LIMIT 1   [ RunTime:0.001298s ]
SQL: SELECT * FROM `lj_user` WHERE ( 1=1 AND userid='11070512' ) LIMIT 1   [ RunTime:0.000671s ]
SQL: SELECT * FROM `lj_user` WHERE ( 1=1 AND userid='' ) LIMIT 1   [ RunTime:0.001116s ]
SQL: SELECT * FROM `lj_book` WHERE ( 1=1 AND isbn='dvsdf' ) LIMIT 1   [ RunTime:0.000796s ]
INFO: [ view_template ] --START--
INFO: Run LocationTemplate Behavior [ RunTime:0.003004s ]
INFO: [ view_template ] --END-- [ RunTime:0.003299s ]
INFO: [ view_parse ] --START--
NOTIC: [8] Undefined index:  contacttitle F:\software\php\PHPnow-1.5.6\htdocs\lj\LjHome\Runtime\Cache\9db315b8a37b3c9f6a562a8ca9a15572.php 第 320 行.
NOTIC: [8] Undefined index:  contactaddress F:\software\php\PHPnow-1.5.6\htdocs\lj\LjHome\Runtime\Cache\9db315b8a37b3c9f6a562a8ca9a15572.php 第 330 行.
NOTIC: [8] Undefined index:  contactphone F:\software\php\PHPnow-1.5.6\htdocs\lj\LjHome\Runtime\Cache\9db315b8a37b3c9f6a562a8ca9a15572.php 第 339 行.
NOTIC: [8] Undefined index:  contactpostcode F:\software\php\PHPnow-1.5.6\htdocs\lj\LjHome\Runtime\Cache\9db315b8a37b3c9f6a562a8ca9a15572.php 第 348 行.
NOTIC: [8] Undefined index:  contactemail F:\software\php\PHPnow-1.5.6\htdocs\lj\LjHome\Runtime\Cache\9db315b8a37b3c9f6a562a8ca9a15572.php 第 357 行.
NOTIC: [8] Undefined index:  contactwebsite F:\software\php\PHPnow-1.5.6\htdocs\lj\LjHome\Runtime\Cache\9db315b8a37b3c9f6a562a8ca9a15572.php 第 366 行.
INFO: Run ParseTemplate Behavior [ RunTime:0.081141s ]
INFO: [ view_parse ] --END-- [ RunTime:0.081281s ]
INFO: [ view_filter ] --START--
INFO: Run ContentReplace Behavior [ RunTime:0.001781s ]
INFO: Run TokenBuild Behavior [ RunTime:0.001260s ]
INFO: Run WriteHtmlCache Behavior [ RunTime:0.000823s ]
INFO: Run ShowRuntime Behavior [ RunTime:0.001300s ]
INFO: [ view_filter ] --END-- [ RunTime:0.005833s ]
INFO: [ view_end ] --START--
INFO: Run ShowPageTrace Behavior [ RunTime:0.001528s ]
INFO: [ view_end ] --END-- [ RunTime:0.001779s ]

[ 2014-07-25T18:45:34+08:00 ] 127.0.0.1 /lj/
INFO: [ app_begin ] --START--
INFO: Run ReadHtmlCache Behavior [ RunTime:0.010574s ]
INFO: [ app_begin ] --END-- [ RunTime:0.036778s ]
SQL: SHOW COLUMNS FROM `lj_source` [ RunTime:0.565624s ]
SQL: SELECT `sourceid`,`showname` FROM `lj_source` WHERE ( `status` = 0 ) ORDER BY downloadcount desc LIMIT 5   [ RunTime:0.120131s ]
SQL: SHOW COLUMNS FROM `lj_showpicture` [ RunTime:0.067829s ]
SQL: SELECT * FROM `lj_showpicture` WHERE ( status=1 ) ORDER BY showpictureid desc LIMIT 10   [ RunTime:0.011598s ]
SQL: SHOW COLUMNS FROM `lj_article` [ RunTime:0.091104s ]
SQL: SELECT `articleid`,`title`,`slidepicture` FROM `lj_article` WHERE ( slidestatus=1 ) ORDER BY addtime desc LIMIT 5   [ RunTime:0.011061s ]
SQL: SELECT `articleid`,`title`,`addtime` FROM `lj_article` WHERE ( classid=0 ) ORDER BY priority,addtime desc LIMIT 5   [ RunTime:0.066820s ]
SQL: SHOW COLUMNS FROM `lj_website` [ RunTime:0.004864s ]
SQL: SHOW COLUMNS FROM `lj_website` [ RunTime:0.003476s ]
SQL: SELECT * FROM `lj_website` WHERE ( `group` = 'contact' )  [ RunTime:0.001307s ]
SQL: SHOW COLUMNS FROM `lj_link` [ RunTime:0.050159s ]
SQL: SELECT * FROM `lj_link` WHERE ( linkstatus=0 ) ORDER BY linkid LIMIT 5   [ RunTime:0.001428s ]
SQL: SELECT `articleid`,`title`,`addtime` FROM `lj_article` WHERE ( classid=1 ) ORDER BY priority,addtime desc LIMIT 5   [ RunTime:0.000445s ]
SQL: SHOW COLUMNS FROM `lj_activity` [ RunTime:0.042318s ]
SQL: SELECT `activityid`,`title`,`begintime` FROM `lj_activity` WHERE ( status=0 ) ORDER BY priority,begintime desc LIMIT 4   [ RunTime:0.000508s ]
ERR: Unknown column 'status' in 'where clause'
 [ SQL语句 ] : SELECT `activityid`,`title`,`begintime` FROM `lj_activity` WHERE ( status=0 ) ORDER BY priority,begintime desc LIMIT 4  
SQL: SHOW COLUMNS FROM `lj_borrow` [ RunTime:0.040635s ]
SQL: SELECT * FROM `lj_borrow` ORDER BY borrowid desc LIMIT 4   [ RunTime:0.056012s ]
SQL: SHOW COLUMNS FROM `lj_user` [ RunTime:0.256674s ]
SQL: SELECT * FROM `lj_user` WHERE ( 1=1 AND userid='11070512' ) LIMIT 1   [ RunTime:0.096783s ]
SQL: SELECT * FROM `lj_user` WHERE ( 1=1 AND userid='' ) LIMIT 1   [ RunTime:0.000434s ]
SQL: SHOW COLUMNS FROM `lj_book` [ RunTime:0.034538s ]
SQL: SELECT * FROM `lj_book` WHERE ( 1=1 AND isbn='9787111330233' ) LIMIT 1   [ RunTime:0.023601s ]
SQL: SELECT * FROM `lj_user` WHERE ( 1=1 AND userid='11070512' ) LIMIT 1   [ RunTime:0.000401s ]
SQL: SELECT * FROM `lj_user` WHERE ( 1=1 AND userid='' ) LIMIT 1   [ RunTime:0.000282s ]
SQL: SELECT * FROM `lj_book` WHERE ( 1=1 AND isbn='9787040119443' ) LIMIT 1   [ RunTime:0.000247s ]
SQL: SELECT * FROM `lj_user` WHERE ( 1=1 AND userid='11070512' ) LIMIT 1   [ RunTime:0.000227s ]
SQL: SELECT * FROM `lj_user` WHERE ( 1=1 AND userid='' ) LIMIT 1   [ RunTime:0.000198s ]
SQL: SELECT * FROM `lj_book` WHERE ( 1=1 AND isbn='sdsd' ) LIMIT 1   [ RunTime:0.000205s ]
SQL: SELECT * FROM `lj_user` WHERE ( 1=1 AND userid='11070512' ) LIMIT 1   [ RunTime:0.000170s ]
SQL: SELECT * FROM `lj_user` WHERE ( 1=1 AND userid='' ) LIMIT 1   [ RunTime:0.000189s ]
SQL: SELECT * FROM `lj_book` WHERE ( 1=1 AND isbn='dvsdf' ) LIMIT 1   [ RunTime:0.000210s ]
INFO: [ view_template ] --START--
INFO: Run LocationTemplate Behavior [ RunTime:0.016069s ]
INFO: [ view_template ] --END-- [ RunTime:0.016165s ]
INFO: [ view_parse ] --START--
NOTIC: [8] Undefined index:  contacttitle F:\software\php\PHPnow-1.5.6\htdocs\lj\LjHome\Runtime\Cache\9db315b8a37b3c9f6a562a8ca9a15572.php 第 320 行.
NOTIC: [8] Undefined index:  contactaddress F:\software\php\PHPnow-1.5.6\htdocs\lj\LjHome\Runtime\Cache\9db315b8a37b3c9f6a562a8ca9a15572.php 第 330 行.
NOTIC: [8] Undefined index:  contactphone F:\software\php\PHPnow-1.5.6\htdocs\lj\LjHome\Runtime\Cache\9db315b8a37b3c9f6a562a8ca9a15572.php 第 339 行.
NOTIC: [8] Undefined index:  contactpostcode F:\software\php\PHPnow-1.5.6\htdocs\lj\LjHome\Runtime\Cache\9db315b8a37b3c9f6a562a8ca9a15572.php 第 348 行.
NOTIC: [8] Undefined index:  contactemail F:\software\php\PHPnow-1.5.6\htdocs\lj\LjHome\Runtime\Cache\9db315b8a37b3c9f6a562a8ca9a15572.php 第 357 行.
NOTIC: [8] Undefined index:  contactwebsite F:\software\php\PHPnow-1.5.6\htdocs\lj\LjHome\Runtime\Cache\9db315b8a37b3c9f6a562a8ca9a15572.php 第 366 行.
INFO: Run ParseTemplate Behavior [ RunTime:0.495799s ]
INFO: [ view_parse ] --END-- [ RunTime:0.495918s ]
INFO: [ view_filter ] --START--
INFO: Run ContentReplace Behavior [ RunTime:0.001911s ]
INFO: Run TokenBuild Behavior [ RunTime:0.001223s ]
INFO: Run WriteHtmlCache Behavior [ RunTime:0.006226s ]
INFO: Run ShowRuntime Behavior [ RunTime:0.001304s ]
INFO: [ view_filter ] --END-- [ RunTime:0.010925s ]
INFO: [ view_end ] --START--
INFO: Run ShowPageTrace Behavior [ RunTime:0.013501s ]
INFO: [ view_end ] --END-- [ RunTime:0.013607s ]

[ 2014-07-25T18:45:36+08:00 ] ERR: (ThinkException) 非法操作:images
[ 2014-07-25T19:03:32+08:00 ] 127.0.0.1 /lj/
INFO: [ app_begin ] --START--
INFO: Run ReadHtmlCache Behavior [ RunTime:0.001368s ]
INFO: [ app_begin ] --END-- [ RunTime:0.001487s ]
SQL: SHOW COLUMNS FROM `lj_source` [ RunTime:0.003141s ]
SQL: SELECT `sourceid`,`showname` FROM `lj_source` WHERE ( `status` = 0 ) ORDER BY downloadcount desc LIMIT 5   [ RunTime:0.000772s ]
SQL: SHOW COLUMNS FROM `lj_showpicture` [ RunTime:0.003687s ]
SQL: SELECT * FROM `lj_showpicture` WHERE ( status=1 ) ORDER BY showpictureid desc LIMIT 10   [ RunTime:0.001232s ]
SQL: SHOW COLUMNS FROM `lj_article` [ RunTime:0.006175s ]
SQL: SELECT `articleid`,`title`,`slidepicture` FROM `lj_article` WHERE ( slidestatus=1 ) ORDER BY addtime desc LIMIT 5   [ RunTime:0.001960s ]
SQL: SELECT `articleid`,`title`,`addtime` FROM `lj_article` WHERE ( classid=0 ) ORDER BY priority,addtime desc LIMIT 5   [ RunTime:0.000736s ]
SQL: SHOW COLUMNS FROM `lj_website` [ RunTime:0.006432s ]
SQL: SHOW COLUMNS FROM `lj_website` [ RunTime:0.004167s ]
SQL: SELECT * FROM `lj_website` WHERE ( `group` = 'contact' )  [ RunTime:0.000902s ]
SQL: SHOW COLUMNS FROM `lj_link` [ RunTime:0.008574s ]
SQL: SELECT * FROM `lj_link` WHERE ( linkstatus=0 ) ORDER BY linkid LIMIT 5   [ RunTime:0.003048s ]
SQL: SELECT `articleid`,`title`,`addtime` FROM `lj_article` WHERE ( classid=1 ) ORDER BY priority,addtime desc LIMIT 5   [ RunTime:0.000728s ]
SQL: SHOW COLUMNS FROM `lj_activity` [ RunTime:0.009353s ]
SQL: SELECT `activityid`,`title`,`begintime` FROM `lj_activity` WHERE ( status=0 ) ORDER BY priority,begintime desc LIMIT 4   [ RunTime:0.000923s ]
ERR: Unknown column 'status' in 'where clause'
 [ SQL语句 ] : SELECT `activityid`,`title`,`begintime` FROM `lj_activity` WHERE ( status=0 ) ORDER BY priority,begintime desc LIMIT 4  
SQL: SHOW COLUMNS FROM `lj_borrow` [ RunTime:0.004078s ]
SQL: SELECT * FROM `lj_borrow` ORDER BY borrowid desc LIMIT 4   [ RunTime:0.017606s ]
SQL: SHOW COLUMNS FROM `lj_user` [ RunTime:0.004563s ]
SQL: SELECT * FROM `lj_user` WHERE ( 1=1 AND userid='11070512' ) LIMIT 1   [ RunTime:0.001799s ]
SQL: SELECT * FROM `lj_user` WHERE ( 1=1 AND userid='' ) LIMIT 1   [ RunTime:0.000492s ]
SQL: SHOW COLUMNS FROM `lj_book` [ RunTime:0.004715s ]
SQL: SELECT * FROM `lj_book` WHERE ( 1=1 AND isbn='9787111330233' ) LIMIT 1   [ RunTime:0.001741s ]
SQL: SELECT * FROM `lj_user` WHERE ( 1=1 AND userid='11070512' ) LIMIT 1   [ RunTime:0.000351s ]
SQL: SELECT * FROM `lj_user` WHERE ( 1=1 AND userid='' ) LIMIT 1   [ RunTime:0.000216s ]
SQL: SELECT * FROM `lj_book` WHERE ( 1=1 AND isbn='9787040119443' ) LIMIT 1   [ RunTime:0.000315s ]
SQL: SELECT * FROM `lj_user` WHERE ( 1=1 AND userid='11070512' ) LIMIT 1   [ RunTime:0.000255s ]
SQL: SELECT * FROM `lj_user` WHERE ( 1=1 AND userid='' ) LIMIT 1   [ RunTime:0.000214s ]
SQL: SELECT * FROM `lj_book` WHERE ( 1=1 AND isbn='sdsd' ) LIMIT 1   [ RunTime:0.000225s ]
SQL: SELECT * FROM `lj_user` WHERE ( 1=1 AND userid='11070512' ) LIMIT 1   [ RunTime:0.000282s ]
SQL: SELECT * FROM `lj_user` WHERE ( 1=1 AND userid='' ) LIMIT 1   [ RunTime:0.000209s ]
SQL: SELECT * FROM `lj_book` WHERE ( 1=1 AND isbn='dvsdf' ) LIMIT 1   [ RunTime:0.000570s ]
INFO: [ view_template ] --START--
INFO: Run LocationTemplate Behavior [ RunTime:0.002882s ]
INFO: [ view_template ] --END-- [ RunTime:0.003072s ]
INFO: [ view_parse ] --START--
NOTIC: [8] Undefined index:  contacttitle F:\software\php\PHPnow-1.5.6\htdocs\lj\LjHome\Runtime\Cache\9db315b8a37b3c9f6a562a8ca9a15572.php 第 320 行.
NOTIC: [8] Undefined index:  contactaddress F:\software\php\PHPnow-1.5.6\htdocs\lj\LjHome\Runtime\Cache\9db315b8a37b3c9f6a562a8ca9a15572.php 第 330 行.
NOTIC: [8] Undefined index:  contactphone F:\software\php\PHPnow-1.5.6\htdocs\lj\LjHome\Runtime\Cache\9db315b8a37b3c9f6a562a8ca9a15572.php 第 339 行.
NOTIC: [8] Undefined index:  contactpostcode F:\software\php\PHPnow-1.5.6\htdocs\lj\LjHome\Runtime\Cache\9db315b8a37b3c9f6a562a8ca9a15572.php 第 348 行.
NOTIC: [8] Undefined index:  contactemail F:\software\php\PHPnow-1.5.6\htdocs\lj\LjHome\Runtime\Cache\9db315b8a37b3c9f6a562a8ca9a15572.php 第 357 行.
NOTIC: [8] Undefined index:  contactwebsite F:\software\php\PHPnow-1.5.6\htdocs\lj\LjHome\Runtime\Cache\9db315b8a37b3c9f6a562a8ca9a15572.php 第 366 行.
INFO: Run ParseTemplate Behavior [ RunTime:0.078034s ]
INFO: [ view_parse ] --END-- [ RunTime:0.078173s ]
INFO: [ view_filter ] --START--
INFO: Run ContentReplace Behavior [ RunTime:0.003883s ]
INFO: Run TokenBuild Behavior [ RunTime:0.002966s ]
INFO: Run WriteHtmlCache Behavior [ RunTime:0.002342s ]
INFO: Run ShowRuntime Behavior [ RunTime:0.002123s ]
INFO: [ view_filter ] --END-- [ RunTime:0.011836s ]
INFO: [ view_end ] --START--
INFO: Run ShowPageTrace Behavior [ RunTime:0.002232s ]
INFO: [ view_end ] --END-- [ RunTime:0.002377s ]

[ 2014-07-25T19:03:33+08:00 ] ERR: (ThinkException) 非法操作:images
[ 2014-07-25T23:01:49+08:00 ] 127.0.0.1 /lj/
INFO: [ app_begin ] --START--
INFO: Run ReadHtmlCache Behavior [ RunTime:0.132706s ]
INFO: [ app_begin ] --END-- [ RunTime:0.167643s ]
SQL: SHOW COLUMNS FROM `lj_source` [ RunTime:0.755506s ]
SQL: SELECT `sourceid`,`showname` FROM `lj_source` WHERE ( `status` = 0 ) ORDER BY downloadcount desc LIMIT 5   [ RunTime:0.119981s ]
SQL: SHOW COLUMNS FROM `lj_showpicture` [ RunTime:0.070044s ]
SQL: SELECT * FROM `lj_showpicture` WHERE ( status=1 ) ORDER BY showpictureid desc LIMIT 10   [ RunTime:0.003537s ]
SQL: SHOW COLUMNS FROM `lj_article` [ RunTime:0.232179s ]
SQL: SELECT `articleid`,`title`,`slidepicture` FROM `lj_article` WHERE ( slidestatus=1 ) ORDER BY addtime desc LIMIT 5   [ RunTime:0.008601s ]
SQL: SELECT `articleid`,`title`,`addtime` FROM `lj_article` WHERE ( classid=0 ) ORDER BY priority,addtime desc LIMIT 5   [ RunTime:0.052998s ]
SQL: SHOW COLUMNS FROM `lj_website` [ RunTime:0.062632s ]
SQL: SHOW COLUMNS FROM `lj_website` [ RunTime:0.006068s ]
SQL: SELECT * FROM `lj_website` WHERE ( `group` = 'contact' )  [ RunTime:0.079128s ]
SQL: SHOW COLUMNS FROM `lj_link` [ RunTime:0.254193s ]
SQL: SELECT * FROM `lj_link` WHERE ( linkstatus=0 ) ORDER BY linkid LIMIT 5   [ RunTime:0.001284s ]
SQL: SELECT `articleid`,`title`,`addtime` FROM `lj_article` WHERE ( classid=1 ) ORDER BY priority,addtime desc LIMIT 5   [ RunTime:0.000524s ]
SQL: SHOW COLUMNS FROM `lj_activity` [ RunTime:0.040118s ]
SQL: SELECT `activityid`,`title`,`begintime` FROM `lj_activity` WHERE ( status=0 ) ORDER BY priority,begintime desc LIMIT 4   [ RunTime:0.001708s ]
ERR: Unknown column 'status' in 'where clause'
 [ SQL语句 ] : SELECT `activityid`,`title`,`begintime` FROM `lj_activity` WHERE ( status=0 ) ORDER BY priority,begintime desc LIMIT 4  
SQL: SHOW COLUMNS FROM `lj_borrow` [ RunTime:0.044978s ]
SQL: SELECT * FROM `lj_borrow` ORDER BY borrowid desc LIMIT 4   [ RunTime:0.002103s ]
SQL: SHOW COLUMNS FROM `lj_user` [ RunTime:0.022216s ]
SQL: SELECT * FROM `lj_user` WHERE ( 1=1 AND userid='11070512' ) LIMIT 1   [ RunTime:0.034136s ]
SQL: SELECT * FROM `lj_user` WHERE ( 1=1 AND userid='' ) LIMIT 1   [ RunTime:0.001061s ]
SQL: SHOW COLUMNS FROM `lj_book` [ RunTime:0.040385s ]
SQL: SELECT * FROM `lj_book` WHERE ( 1=1 AND isbn='9787111330233' ) LIMIT 1   [ RunTime:0.161183s ]
SQL: SELECT * FROM `lj_user` WHERE ( 1=1 AND userid='11070512' ) LIMIT 1   [ RunTime:0.000954s ]
SQL: SELECT * FROM `lj_user` WHERE ( 1=1 AND userid='' ) LIMIT 1   [ RunTime:0.000808s ]
SQL: SELECT * FROM `lj_book` WHERE ( 1=1 AND isbn='9787040119443' ) LIMIT 1   [ RunTime:0.000480s ]
SQL: SELECT * FROM `lj_user` WHERE ( 1=1 AND userid='11070512' ) LIMIT 1   [ RunTime:0.000673s ]
SQL: SELECT * FROM `lj_user` WHERE ( 1=1 AND userid='' ) LIMIT 1   [ RunTime:0.000713s ]
SQL: SELECT * FROM `lj_book` WHERE ( 1=1 AND isbn='sdsd' ) LIMIT 1   [ RunTime:0.000499s ]
SQL: SELECT * FROM `lj_user` WHERE ( 1=1 AND userid='11070512' ) LIMIT 1   [ RunTime:0.000861s ]
SQL: SELECT * FROM `lj_user` WHERE ( 1=1 AND userid='' ) LIMIT 1   [ RunTime:0.000562s ]
SQL: SELECT * FROM `lj_book` WHERE ( 1=1 AND isbn='dvsdf' ) LIMIT 1   [ RunTime:0.000455s ]
INFO: [ view_template ] --START--
INFO: Run LocationTemplate Behavior [ RunTime:0.033661s ]
INFO: [ view_template ] --END-- [ RunTime:0.033838s ]
INFO: [ view_parse ] --START--
NOTIC: [8] Undefined index:  userid F:\software\php\PHPnow-1.5.6\htdocs\lj\LjHome\Runtime\Cache\9db315b8a37b3c9f6a562a8ca9a15572.php 第 250 行.
NOTIC: [8] Undefined index:  contacttitle F:\software\php\PHPnow-1.5.6\htdocs\lj\LjHome\Runtime\Cache\9db315b8a37b3c9f6a562a8ca9a15572.php 第 320 行.
NOTIC: [8] Undefined index:  contactaddress F:\software\php\PHPnow-1.5.6\htdocs\lj\LjHome\Runtime\Cache\9db315b8a37b3c9f6a562a8ca9a15572.php 第 330 行.
NOTIC: [8] Undefined index:  contactphone F:\software\php\PHPnow-1.5.6\htdocs\lj\LjHome\Runtime\Cache\9db315b8a37b3c9f6a562a8ca9a15572.php 第 339 行.
NOTIC: [8] Undefined index:  contactpostcode F:\software\php\PHPnow-1.5.6\htdocs\lj\LjHome\Runtime\Cache\9db315b8a37b3c9f6a562a8ca9a15572.php 第 348 行.
NOTIC: [8] Undefined index:  contactemail F:\software\php\PHPnow-1.5.6\htdocs\lj\LjHome\Runtime\Cache\9db315b8a37b3c9f6a562a8ca9a15572.php 第 357 行.
NOTIC: [8] Undefined index:  contactwebsite F:\software\php\PHPnow-1.5.6\htdocs\lj\LjHome\Runtime\Cache\9db315b8a37b3c9f6a562a8ca9a15572.php 第 366 行.
INFO: Run ParseTemplate Behavior [ RunTime:0.780999s ]
INFO: [ view_parse ] --END-- [ RunTime:0.781177s ]
INFO: [ view_filter ] --START--
INFO: Run ContentReplace Behavior [ RunTime:0.010749s ]
INFO: Run TokenBuild Behavior [ RunTime:0.004497s ]
INFO: Run WriteHtmlCache Behavior [ RunTime:0.002972s ]
INFO: Run ShowRuntime Behavior [ RunTime:0.005065s ]
INFO: [ view_filter ] --END-- [ RunTime:0.024108s ]
INFO: [ view_end ] --START--
INFO: Run ShowPageTrace Behavior [ RunTime:0.003728s ]
INFO: [ view_end ] --END-- [ RunTime:0.003866s ]

[ 2014-07-25T23:01:50+08:00 ] ERR: (ThinkException) 非法操作:images
[ 2014-07-25T23:25:10+08:00 ] 127.0.0.1 /lj/
INFO: [ app_begin ] --START--
INFO: Run ReadHtmlCache Behavior [ RunTime:0.002554s ]
INFO: [ app_begin ] --END-- [ RunTime:0.002836s ]
SQL: SHOW COLUMNS FROM `lj_source` [ RunTime:0.010762s ]
SQL: SELECT `sourceid`,`showname` FROM `lj_source` WHERE ( `status` = 0 ) ORDER BY downloadcount desc LIMIT 5   [ RunTime:0.004328s ]
SQL: SHOW COLUMNS FROM `lj_showpicture` [ RunTime:0.010150s ]
SQL: SELECT * FROM `lj_showpicture` WHERE ( status=1 ) ORDER BY showpictureid desc LIMIT 10   [ RunTime:0.002719s ]
SQL: SHOW COLUMNS FROM `lj_article` [ RunTime:0.010046s ]
SQL: SELECT `articleid`,`title`,`slidepicture` FROM `lj_article` WHERE ( slidestatus=1 ) ORDER BY addtime desc LIMIT 5   [ RunTime:0.002264s ]
SQL: SELECT `articleid`,`title`,`addtime` FROM `lj_article` WHERE ( classid=0 ) ORDER BY priority,addtime desc LIMIT 5   [ RunTime:0.000624s ]
SQL: SHOW COLUMNS FROM `lj_website` [ RunTime:0.010907s ]
SQL: SHOW COLUMNS FROM `lj_website` [ RunTime:0.008754s ]
SQL: SELECT * FROM `lj_website` WHERE ( `group` = 'contact' )  [ RunTime:0.000860s ]
SQL: SHOW COLUMNS FROM `lj_link` [ RunTime:0.009413s ]
SQL: SELECT * FROM `lj_link` WHERE ( linkstatus=0 ) ORDER BY linkid LIMIT 5   [ RunTime:0.002981s ]
SQL: SELECT `articleid`,`title`,`addtime` FROM `lj_article` WHERE ( classid=1 ) ORDER BY priority,addtime desc LIMIT 5   [ RunTime:0.001175s ]
SQL: SHOW COLUMNS FROM `lj_activity` [ RunTime:0.011369s ]
SQL: SELECT `activityid`,`title`,`begintime` FROM `lj_activity` WHERE ( status=0 ) ORDER BY priority,begintime desc LIMIT 4   [ RunTime:0.000677s ]
ERR: Unknown column 'status' in 'where clause'
 [ SQL语句 ] : SELECT `activityid`,`title`,`begintime` FROM `lj_activity` WHERE ( status=0 ) ORDER BY priority,begintime desc LIMIT 4  
SQL: SHOW COLUMNS FROM `lj_borrow` [ RunTime:0.014558s ]
SQL: SELECT * FROM `lj_borrow` ORDER BY borrowid desc LIMIT 4   [ RunTime:0.001024s ]
SQL: SHOW COLUMNS FROM `lj_user` [ RunTime:0.009903s ]
SQL: SELECT * FROM `lj_user` WHERE ( 1=1 AND userid='11070512' ) LIMIT 1   [ RunTime:0.002484s ]
SQL: SELECT * FROM `lj_user` WHERE ( 1=1 AND userid='' ) LIMIT 1   [ RunTime:0.000474s ]
SQL: SHOW COLUMNS FROM `lj_book` [ RunTime:0.009211s ]
SQL: SELECT * FROM `lj_book` WHERE ( 1=1 AND isbn='9787111330233' ) LIMIT 1   [ RunTime:0.003106s ]
SQL: SELECT * FROM `lj_user` WHERE ( 1=1 AND userid='11070512' ) LIMIT 1   [ RunTime:0.000553s ]
SQL: SELECT * FROM `lj_user` WHERE ( 1=1 AND userid='' ) LIMIT 1   [ RunTime:0.000477s ]
SQL: SELECT * FROM `lj_book` WHERE ( 1=1 AND isbn='9787040119443' ) LIMIT 1   [ RunTime:0.000568s ]
SQL: SELECT * FROM `lj_user` WHERE ( 1=1 AND userid='11070512' ) LIMIT 1   [ RunTime:0.000641s ]
SQL: SELECT * FROM `lj_user` WHERE ( 1=1 AND userid='' ) LIMIT 1   [ RunTime:0.001171s ]
SQL: SELECT * FROM `lj_book` WHERE ( 1=1 AND isbn='sdsd' ) LIMIT 1   [ RunTime:0.000815s ]
SQL: SELECT * FROM `lj_user` WHERE ( 1=1 AND userid='11070512' ) LIMIT 1   [ RunTime:0.000559s ]
SQL: SELECT * FROM `lj_user` WHERE ( 1=1 AND userid='' ) LIMIT 1   [ RunTime:0.000982s ]
SQL: SELECT * FROM `lj_book` WHERE ( 1=1 AND isbn='dvsdf' ) LIMIT 1   [ RunTime:0.000750s ]
INFO: [ view_template ] --START--
INFO: Run LocationTemplate Behavior [ RunTime:0.003907s ]
INFO: [ view_template ] --END-- [ RunTime:0.004105s ]
INFO: [ view_parse ] --START--
NOTIC: [8] Undefined index:  userid F:\software\php\PHPnow-1.5.6\htdocs\lj\LjHome\Runtime\Cache\9db315b8a37b3c9f6a562a8ca9a15572.php 第 250 行.
NOTIC: [8] Undefined index:  contacttitle F:\software\php\PHPnow-1.5.6\htdocs\lj\LjHome\Runtime\Cache\9db315b8a37b3c9f6a562a8ca9a15572.php 第 320 行.
NOTIC: [8] Undefined index:  contactaddress F:\software\php\PHPnow-1.5.6\htdocs\lj\LjHome\Runtime\Cache\9db315b8a37b3c9f6a562a8ca9a15572.php 第 330 行.
NOTIC: [8] Undefined index:  contactphone F:\software\php\PHPnow-1.5.6\htdocs\lj\LjHome\Runtime\Cache\9db315b8a37b3c9f6a562a8ca9a15572.php 第 339 行.
NOTIC: [8] Undefined index:  contactpostcode F:\software\php\PHPnow-1.5.6\htdocs\lj\LjHome\Runtime\Cache\9db315b8a37b3c9f6a562a8ca9a15572.php 第 348 行.
NOTIC: [8] Undefined index:  contactemail F:\software\php\PHPnow-1.5.6\htdocs\lj\LjHome\Runtime\Cache\9db315b8a37b3c9f6a562a8ca9a15572.php 第 357 行.
NOTIC: [8] Undefined index:  contactwebsite F:\software\php\PHPnow-1.5.6\htdocs\lj\LjHome\Runtime\Cache\9db315b8a37b3c9f6a562a8ca9a15572.php 第 366 行.
INFO: Run ParseTemplate Behavior [ RunTime:0.097904s ]
INFO: [ view_parse ] --END-- [ RunTime:0.098177s ]
INFO: [ view_filter ] --START--
INFO: Run ContentReplace Behavior [ RunTime:0.003639s ]
INFO: Run TokenBuild Behavior [ RunTime:0.003689s ]
INFO: Run WriteHtmlCache Behavior [ RunTime:0.002663s ]
INFO: Run ShowRuntime Behavior [ RunTime:0.002800s ]
INFO: [ view_filter ] --END-- [ RunTime:0.013383s ]
INFO: [ view_end ] --START--
INFO: Run ShowPageTrace Behavior [ RunTime:0.003300s ]
INFO: [ view_end ] --END-- [ RunTime:0.003464s ]

[ 2014-07-25T23:25:11+08:00 ] ERR: (ThinkException) 非法操作:images
[ 2014-07-25T23:26:40+08:00 ] ERR: (ThinkException) Unknown database 'wyulj'
[ 2014-07-25T23:27:12+08:00 ] 127.0.0.1 /lj/
INFO: [ app_begin ] --START--
INFO: Run ReadHtmlCache Behavior [ RunTime:0.004033s ]
INFO: [ app_begin ] --END-- [ RunTime:0.004397s ]
SQL: SHOW COLUMNS FROM `lj_source` [ RunTime:0.018221s ]
SQL: SELECT `sourceid`,`showname` FROM `lj_source` WHERE ( `status` = 0 ) ORDER BY downloadcount desc LIMIT 5   [ RunTime:0.001383s ]
SQL: SHOW COLUMNS FROM `lj_showpicture` [ RunTime:0.007858s ]
SQL: SELECT * FROM `lj_showpicture` WHERE ( status=1 ) ORDER BY showpictureid desc LIMIT 10   [ RunTime:0.003287s ]
SQL: SHOW COLUMNS FROM `lj_article` [ RunTime:0.011253s ]
SQL: SELECT `articleid`,`title`,`slidepicture` FROM `lj_article` WHERE ( slidestatus=1 ) ORDER BY addtime desc LIMIT 5   [ RunTime:0.000779s ]
SQL: SELECT `articleid`,`title`,`addtime` FROM `lj_article` WHERE ( classid=0 ) ORDER BY priority,addtime desc LIMIT 5   [ RunTime:0.003272s ]
SQL: SHOW COLUMNS FROM `lj_website` [ RunTime:0.007885s ]
SQL: SHOW COLUMNS FROM `lj_website` [ RunTime:0.025361s ]
SQL: SELECT * FROM `lj_website` WHERE ( `group` = 'contact' )  [ RunTime:0.000662s ]
SQL: SHOW COLUMNS FROM `lj_link` [ RunTime:0.007057s ]
SQL: SELECT * FROM `lj_link` WHERE ( linkstatus=0 ) ORDER BY linkid LIMIT 5   [ RunTime:0.003354s ]
SQL: SELECT `articleid`,`title`,`addtime` FROM `lj_article` WHERE ( classid=1 ) ORDER BY priority,addtime desc LIMIT 5   [ RunTime:0.001564s ]
SQL: SHOW COLUMNS FROM `lj_activity` [ RunTime:0.011868s ]
SQL: SELECT `activityid`,`title`,`begintime` FROM `lj_activity` WHERE ( status=0 ) ORDER BY priority,begintime desc LIMIT 4   [ RunTime:0.004327s ]
SQL: SHOW COLUMNS FROM `lj_borrow` [ RunTime:0.007914s ]
SQL: SELECT * FROM `lj_borrow` ORDER BY borrowid desc LIMIT 4   [ RunTime:0.005829s ]
SQL: SHOW COLUMNS FROM `lj_user` [ RunTime:0.009861s ]
SQL: SELECT * FROM `lj_user` WHERE ( 1=1 AND userid='ap1006454' ) LIMIT 1   [ RunTime:0.002320s ]
SQL: SELECT * FROM `lj_user` WHERE ( 1=1 AND userid='' ) LIMIT 1   [ RunTime:0.000835s ]
SQL: SHOW COLUMNS FROM `lj_book` [ RunTime:0.011741s ]
SQL: SELECT * FROM `lj_book` WHERE ( 1=1 AND isbn='9781840785371' ) LIMIT 1   [ RunTime:0.001300s ]
SQL: SELECT * FROM `lj_user` WHERE ( 1=1 AND userid='ap1006429' ) LIMIT 1   [ RunTime:0.000976s ]
SQL: SELECT * FROM `lj_user` WHERE ( 1=1 AND userid='' ) LIMIT 1   [ RunTime:0.000811s ]
SQL: SELECT * FROM `lj_book` WHERE ( 1=1 AND isbn='9787040195835' ) LIMIT 1   [ RunTime:0.002817s ]
SQL: SELECT * FROM `lj_user` WHERE ( 1=1 AND userid='AP1006453' ) LIMIT 1   [ RunTime:0.000584s ]
SQL: SELECT * FROM `lj_user` WHERE ( 1=1 AND userid='' ) LIMIT 1   [ RunTime:0.000867s ]
SQL: SELECT * FROM `lj_book` WHERE ( 1=1 AND isbn='9787550228559' ) LIMIT 1   [ RunTime:0.000643s ]
SQL: SELECT * FROM `lj_user` WHERE ( 1=1 AND userid='AP1006453' ) LIMIT 1   [ RunTime:0.001006s ]
SQL: SELECT * FROM `lj_user` WHERE ( 1=1 AND userid='' ) LIMIT 1   [ RunTime:0.000604s ]
SQL: SELECT * FROM `lj_book` WHERE ( 1=1 AND isbn='9787807590231' ) LIMIT 1   [ RunTime:0.001037s ]
INFO: [ view_template ] --START--
INFO: Run LocationTemplate Behavior [ RunTime:0.006180s ]
INFO: [ view_template ] --END-- [ RunTime:0.006465s ]
INFO: [ view_parse ] --START--
NOTIC: [8] Undefined index:  userid F:\software\php\PHPnow-1.5.6\htdocs\lj\LjHome\Runtime\Cache\9db315b8a37b3c9f6a562a8ca9a15572.php 第 250 行.
INFO: Run ParseTemplate Behavior [ RunTime:0.188303s ]
INFO: [ view_parse ] --END-- [ RunTime:0.189164s ]
INFO: [ view_filter ] --START--
INFO: Run ContentReplace Behavior [ RunTime:0.005073s ]
INFO: Run TokenBuild Behavior [ RunTime:0.002977s ]
INFO: Run WriteHtmlCache Behavior [ RunTime:0.002966s ]
INFO: Run ShowRuntime Behavior [ RunTime:0.003238s ]
INFO: [ view_filter ] --END-- [ RunTime:0.014900s ]
INFO: [ view_end ] --START--
INFO: Run ShowPageTrace Behavior [ RunTime:0.003806s ]
INFO: [ view_end ] --END-- [ RunTime:0.004012s ]

[ 2014-07-25T23:27:16+08:00 ] 127.0.0.1 /lj/index.php/Discuss/
INFO: [ route_check ] --START--
INFO: Run CheckRoute Behavior [ RunTime:0.005928s ]
INFO: [ route_check ] --END-- [ RunTime:0.006256s ]
INFO: [ app_begin ] --START--
INFO: Run ReadHtmlCache Behavior [ RunTime:0.002412s ]
INFO: [ app_begin ] --END-- [ RunTime:0.002654s ]
INFO: [ view_template ] --START--
INFO: Run LocationTemplate Behavior [ RunTime:0.004923s ]
INFO: [ view_template ] --END-- [ RunTime:0.005261s ]
INFO: [ view_parse ] --START--
INFO: Run ParseTemplate Behavior [ RunTime:0.256443s ]
INFO: [ view_parse ] --END-- [ RunTime:0.256687s ]
INFO: [ view_filter ] --START--
INFO: Run ContentReplace Behavior [ RunTime:0.003540s ]
INFO: Run TokenBuild Behavior [ RunTime:0.001817s ]
INFO: Run WriteHtmlCache Behavior [ RunTime:0.001191s ]
INFO: Run ShowRuntime Behavior [ RunTime:0.001334s ]
INFO: [ view_filter ] --END-- [ RunTime:0.008500s ]
INFO: [ view_end ] --START--
INFO: Run ShowPageTrace Behavior [ RunTime:0.002493s ]
INFO: [ view_end ] --END-- [ RunTime:0.002761s ]

[ 2014-07-25T23:43:15+08:00 ] ERR: (ThinkException) Access denied for user 'huanglw'@'localhost' (using password: YES)
[ 2014-07-25T23:55:05+08:00 ] ERR: (ThinkException) 无法加载模块:Test
[ 2014-07-25T23:55:28+08:00 ] ERR: (ThinkException) Access denied for user 'huanglw'@'localhost' (using password: YES)
