[ 2014-06-06T16:55:24+08:00 ] 127.0.0.1 /wyulianjiang/index.php
INFO: [ app_begin ] --START--
INFO: Run ReadHtmlCache Behavior [ RunTime:0.009577s ]
INFO: [ app_begin ] --END-- [ RunTime:0.009687s ]
SQL: SHOW COLUMNS FROM `lj_source` [ RunTime:0.003087s ]
SQL: SELECT `sourceid`,`showname` FROM `lj_source` WHERE ( `status` = 0 ) ORDER BY downloadcount desc LIMIT 5   [ RunTime:0.000363s ]
SQL: SHOW COLUMNS FROM `lj_showpicture` [ RunTime:0.002648s ]
SQL: SELECT * FROM `lj_showpicture` WHERE ( status=1 ) ORDER BY showpictureid desc LIMIT 10   [ RunTime:0.000227s ]
SQL: SHOW COLUMNS FROM `lj_article` [ RunTime:0.002817s ]
SQL: SELECT `articleid`,`title`,`slidepicture` FROM `lj_article` WHERE ( slidestatus=1 ) ORDER BY addtime desc LIMIT 5   [ RunTime:0.000359s ]
SQL: SELECT `articleid`,`title`,`addtime` FROM `lj_article` WHERE ( classid=0 ) ORDER BY priority,addtime desc LIMIT 5   [ RunTime:0.000244s ]
SQL: SHOW COLUMNS FROM `lj_website` [ RunTime:0.002976s ]
SQL: SHOW COLUMNS FROM `lj_website` [ RunTime:0.002394s ]
SQL: SELECT * FROM `lj_website` WHERE ( `group` = 'contact' )  [ RunTime:0.000297s ]
SQL: SHOW COLUMNS FROM `lj_link` [ RunTime:0.002540s ]
SQL: SELECT * FROM `lj_link` WHERE ( linkstatus=0 ) ORDER BY linkid LIMIT 5   [ RunTime:0.000260s ]
SQL: SELECT `articleid`,`title`,`addtime` FROM `lj_article` WHERE ( classid=1 ) ORDER BY priority,addtime desc LIMIT 5   [ RunTime:0.000253s ]
SQL: SHOW COLUMNS FROM `lj_activity` [ RunTime:0.002760s ]
SQL: SELECT `activityid`,`title`,`begintime` FROM `lj_activity` WHERE ( status=0 ) ORDER BY priority,begintime desc LIMIT 4   [ RunTime:0.000288s ]
SQL: SHOW COLUMNS FROM `lj_borrow` [ RunTime:0.002688s ]
SQL: SELECT * FROM `lj_borrow` ORDER BY borrowid desc LIMIT 4   [ RunTime:0.000229s ]
SQL: SHOW COLUMNS FROM `lj_user` [ RunTime:0.002865s ]
SQL: SELECT * FROM `lj_user` WHERE ( 1=1 AND userid='ap1006454' ) LIMIT 1   [ RunTime:0.000293s ]
SQL: SELECT * FROM `lj_user` WHERE ( 1=1 AND userid='' ) LIMIT 1   [ RunTime:0.000176s ]
SQL: SHOW COLUMNS FROM `lj_book` [ RunTime:0.002782s ]
SQL: SELECT * FROM `lj_book` WHERE ( 1=1 AND isbn='9781840785371' ) LIMIT 1   [ RunTime:0.000287s ]
SQL: SELECT * FROM `lj_user` WHERE ( 1=1 AND userid='ap1006429' ) LIMIT 1   [ RunTime:0.000227s ]
SQL: SELECT * FROM `lj_user` WHERE ( 1=1 AND userid='' ) LIMIT 1   [ RunTime:0.000175s ]
SQL: SELECT * FROM `lj_book` WHERE ( 1=1 AND isbn='9787040195835' ) LIMIT 1   [ RunTime:0.000183s ]
SQL: SELECT * FROM `lj_user` WHERE ( 1=1 AND userid='AP1006453' ) LIMIT 1   [ RunTime:0.000168s ]
SQL: SELECT * FROM `lj_user` WHERE ( 1=1 AND userid='' ) LIMIT 1   [ RunTime:0.000158s ]
SQL: SELECT * FROM `lj_book` WHERE ( 1=1 AND isbn='9787550228559' ) LIMIT 1   [ RunTime:0.000165s ]
SQL: SELECT * FROM `lj_user` WHERE ( 1=1 AND userid='AP1006453' ) LIMIT 1   [ RunTime:0.000159s ]
SQL: SELECT * FROM `lj_user` WHERE ( 1=1 AND userid='' ) LIMIT 1   [ RunTime:0.000155s ]
SQL: SELECT * FROM `lj_book` WHERE ( 1=1 AND isbn='9787807590231' ) LIMIT 1   [ RunTime:0.000175s ]
INFO: [ view_template ] --START--
INFO: Run LocationTemplate Behavior [ RunTime:0.013430s ]
INFO: [ view_template ] --END-- [ RunTime:0.013500s ]
INFO: [ view_parse ] --START--
NOTIC: [8] Undefined index: userid F:\server\workspace\wyulianjiang\LjHome\Runtime\Cache\9db315b8a37b3c9f6a562a8ca9a15572.php 第 249 行.
INFO: Run ParseTemplate Behavior [ RunTime:0.160213s ]
INFO: [ view_parse ] --END-- [ RunTime:0.160274s ]
INFO: [ view_filter ] --START--
INFO: Run ContentReplace Behavior [ RunTime:0.017389s ]
INFO: Run TokenBuild Behavior [ RunTime:0.014046s ]
INFO: Run WriteHtmlCache Behavior [ RunTime:0.021727s ]
INFO: Run ShowRuntime Behavior [ RunTime:0.064623s ]
INFO: [ view_filter ] --END-- [ RunTime:0.118015s ]
INFO: [ view_end ] --START--
INFO: Run ShowPageTrace Behavior [ RunTime:0.017119s ]
INFO: [ view_end ] --END-- [ RunTime:0.017188s ]

[ 2014-06-06T16:55:36+08:00 ] 127.0.0.1 /wyulianjiang/index.php/Login/login
INFO: [ route_check ] --START--
INFO: Run CheckRoute Behavior [ RunTime:0.022238s ]
INFO: [ route_check ] --END-- [ RunTime:0.022333s ]
INFO: [ app_begin ] --START--
INFO: Run ReadHtmlCache Behavior [ RunTime:0.000497s ]
INFO: [ app_begin ] --END-- [ RunTime:0.000552s ]
SQL: SHOW COLUMNS FROM `lj_user` [ RunTime:0.003575s ]
SQL: SELECT COUNT(*) AS tp_count FROM `lj_user` WHERE ( `userid` = 'AP1006429' ) AND ( `password` = '553b88408d22202bcd10d95e47caff9a' ) LIMIT 1   [ RunTime:0.000331s ]
INFO: [ view_template ] --START--
INFO: Run LocationTemplate Behavior [ RunTime:0.000686s ]
INFO: [ view_template ] --END-- [ RunTime:0.000745s ]
INFO: [ view_parse ] --START--
INFO: Run ParseTemplate Behavior [ RunTime:0.017094s ]
INFO: [ view_parse ] --END-- [ RunTime:0.017185s ]
INFO: [ view_filter ] --START--
INFO: Run ContentReplace Behavior [ RunTime:0.000475s ]
INFO: Run TokenBuild Behavior [ RunTime:0.000429s ]
INFO: Run WriteHtmlCache Behavior [ RunTime:0.000351s ]
INFO: Run ShowRuntime Behavior [ RunTime:0.000564s ]
INFO: [ view_filter ] --END-- [ RunTime:0.001988s ]
INFO: [ view_end ] --START--
INFO: Run ShowPageTrace Behavior [ RunTime:0.000565s ]
INFO: [ view_end ] --END-- [ RunTime:0.000617s ]

[ 2014-06-06T16:55:37+08:00 ] 127.0.0.1 /wyulianjiang/index.php/index/index.html
INFO: [ route_check ] --START--
INFO: Run CheckRoute Behavior [ RunTime:0.000734s ]
INFO: [ route_check ] --END-- [ RunTime:0.000882s ]
INFO: [ app_begin ] --START--
INFO: Run ReadHtmlCache Behavior [ RunTime:0.000432s ]
INFO: [ app_begin ] --END-- [ RunTime:0.000485s ]
SQL: SHOW COLUMNS FROM `lj_source` [ RunTime:0.002564s ]
SQL: SELECT `sourceid`,`showname` FROM `lj_source` WHERE ( `status` = 0 ) ORDER BY downloadcount desc LIMIT 5   [ RunTime:0.000291s ]
SQL: SHOW COLUMNS FROM `lj_showpicture` [ RunTime:0.002534s ]
SQL: SELECT * FROM `lj_showpicture` WHERE ( status=1 ) ORDER BY showpictureid desc LIMIT 10   [ RunTime:0.000252s ]
SQL: SHOW COLUMNS FROM `lj_article` [ RunTime:0.002631s ]
SQL: SELECT `articleid`,`title`,`slidepicture` FROM `lj_article` WHERE ( slidestatus=1 ) ORDER BY addtime desc LIMIT 5   [ RunTime:0.000308s ]
SQL: SELECT `articleid`,`title`,`addtime` FROM `lj_article` WHERE ( classid=0 ) ORDER BY priority,addtime desc LIMIT 5   [ RunTime:0.000247s ]
SQL: SHOW COLUMNS FROM `lj_website` [ RunTime:0.002480s ]
SQL: SHOW COLUMNS FROM `lj_website` [ RunTime:0.002823s ]
SQL: SELECT * FROM `lj_website` WHERE ( `group` = 'contact' )  [ RunTime:0.000260s ]
SQL: SHOW COLUMNS FROM `lj_link` [ RunTime:0.002507s ]
SQL: SELECT * FROM `lj_link` WHERE ( linkstatus=0 ) ORDER BY linkid LIMIT 5   [ RunTime:0.000246s ]
SQL: SELECT `articleid`,`title`,`addtime` FROM `lj_article` WHERE ( classid=1 ) ORDER BY priority,addtime desc LIMIT 5   [ RunTime:0.000304s ]
SQL: SHOW COLUMNS FROM `lj_activity` [ RunTime:0.002653s ]
SQL: SELECT `activityid`,`title`,`begintime` FROM `lj_activity` WHERE ( status=0 ) ORDER BY priority,begintime desc LIMIT 4   [ RunTime:0.000270s ]
SQL: SHOW COLUMNS FROM `lj_borrow` [ RunTime:0.002581s ]
SQL: SELECT * FROM `lj_borrow` ORDER BY borrowid desc LIMIT 4   [ RunTime:0.000289s ]
SQL: SHOW COLUMNS FROM `lj_user` [ RunTime:0.002869s ]
SQL: SELECT * FROM `lj_user` WHERE ( 1=1 AND userid='ap1006454' ) LIMIT 1   [ RunTime:0.000294s ]
SQL: SELECT * FROM `lj_user` WHERE ( 1=1 AND userid='' ) LIMIT 1   [ RunTime:0.000185s ]
SQL: SHOW COLUMNS FROM `lj_book` [ RunTime:0.002623s ]
SQL: SELECT * FROM `lj_book` WHERE ( 1=1 AND isbn='9781840785371' ) LIMIT 1   [ RunTime:0.000278s ]
SQL: SELECT * FROM `lj_user` WHERE ( 1=1 AND userid='ap1006429' ) LIMIT 1   [ RunTime:0.000275s ]
SQL: SELECT * FROM `lj_user` WHERE ( 1=1 AND userid='' ) LIMIT 1   [ RunTime:0.000232s ]
SQL: SELECT * FROM `lj_book` WHERE ( 1=1 AND isbn='9787040195835' ) LIMIT 1   [ RunTime:0.000240s ]
SQL: SELECT * FROM `lj_user` WHERE ( 1=1 AND userid='AP1006453' ) LIMIT 1   [ RunTime:0.000201s ]
SQL: SELECT * FROM `lj_user` WHERE ( 1=1 AND userid='' ) LIMIT 1   [ RunTime:0.000184s ]
SQL: SELECT * FROM `lj_book` WHERE ( 1=1 AND isbn='9787550228559' ) LIMIT 1   [ RunTime:0.000187s ]
SQL: SELECT * FROM `lj_user` WHERE ( 1=1 AND userid='AP1006453' ) LIMIT 1   [ RunTime:0.000160s ]
SQL: SELECT * FROM `lj_user` WHERE ( 1=1 AND userid='' ) LIMIT 1   [ RunTime:0.000144s ]
SQL: SELECT * FROM `lj_book` WHERE ( 1=1 AND isbn='9787807590231' ) LIMIT 1   [ RunTime:0.000188s ]
INFO: [ view_template ] --START--
INFO: Run LocationTemplate Behavior [ RunTime:0.000695s ]
INFO: [ view_template ] --END-- [ RunTime:0.000744s ]
INFO: [ view_parse ] --START--
INFO: Run ParseTemplate Behavior [ RunTime:0.023724s ]
INFO: [ view_parse ] --END-- [ RunTime:0.023815s ]
INFO: [ view_filter ] --START--
INFO: Run ContentReplace Behavior [ RunTime:0.001295s ]
INFO: Run TokenBuild Behavior [ RunTime:0.000341s ]
INFO: Run WriteHtmlCache Behavior [ RunTime:0.000221s ]
INFO: Run ShowRuntime Behavior [ RunTime:0.000391s ]
INFO: [ view_filter ] --END-- [ RunTime:0.002391s ]
INFO: [ view_end ] --START--
INFO: Run ShowPageTrace Behavior [ RunTime:0.000476s ]
INFO: [ view_end ] --END-- [ RunTime:0.000548s ]

[ 2014-06-06T16:55:40+08:00 ] 127.0.0.1 /wyulianjiang/index.php/Article/detail/articleid/17
INFO: [ route_check ] --START--
INFO: Run CheckRoute Behavior [ RunTime:0.000619s ]
INFO: [ route_check ] --END-- [ RunTime:0.000705s ]
INFO: [ app_begin ] --START--
INFO: Run ReadHtmlCache Behavior [ RunTime:0.000412s ]
INFO: [ app_begin ] --END-- [ RunTime:0.000464s ]
SQL: SHOW COLUMNS FROM `lj_article` [ RunTime:0.003718s ]
SQL: SELECT * FROM `lj_article` WHERE ( `articleid` = 17 )  [ RunTime:0.000409s ]
SQL: SHOW COLUMNS FROM `lj_admin` [ RunTime:0.004281s ]
SQL: SELECT `adminname` FROM `lj_admin` WHERE ( 1=1 AND adminid='admin' ) LIMIT 1   [ RunTime:0.000243s ]
SQL: SHOW COLUMNS FROM `lj_class` [ RunTime:0.002777s ]
SQL: SELECT `name` FROM `lj_class` WHERE ( 1=1 AND classid='1' ) LIMIT 1   [ RunTime:0.000240s ]
SQL: UPDATE `lj_article` SET `viewcount`=357 WHERE ( `articleid` = 17 ) [ RunTime:0.012266s ]
SQL: SHOW COLUMNS FROM `lj_articlereview` [ RunTime:0.002776s ]
SQL: SELECT COUNT(*) AS tp_count FROM `lj_articlereview` WHERE ( `articleid` = 17 ) LIMIT 1   [ RunTime:0.000274s ]
SQL: SELECT * FROM `lj_articlereview` WHERE ( `articleid` = 17 ) ORDER BY addtime desc LIMIT 0,5   [ RunTime:0.000258s ]
SQL: SHOW COLUMNS FROM `lj_user` [ RunTime:0.002730s ]
SQL: SELECT `username`,`middlepicture` FROM `lj_user` WHERE ( 1=1 AND userid='AP1006368' ) LIMIT 1   [ RunTime:0.000223s ]
SQL: SELECT `username`,`middlepicture` FROM `lj_user` WHERE ( 1=1 AND userid='ap1006429' ) LIMIT 1   [ RunTime:0.000158s ]
SQL: SELECT `username`,`middlepicture` FROM `lj_user` WHERE ( 1=1 AND userid='ap1006429' ) LIMIT 1   [ RunTime:0.000151s ]
SQL: SELECT `username`,`middlepicture` FROM `lj_user` WHERE ( 1=1 AND userid='ap1006429' ) LIMIT 1   [ RunTime:0.000147s ]
SQL: SELECT `username`,`middlepicture` FROM `lj_user` WHERE ( 1=1 AND userid='ap1006429' ) LIMIT 1   [ RunTime:0.000151s ]
SQL: SELECT * FROM `lj_user` WHERE ( `userid` = 'AP1006429' )  [ RunTime:0.000187s ]
INFO: [ view_template ] --START--
INFO: Run LocationTemplate Behavior [ RunTime:0.000698s ]
INFO: [ view_template ] --END-- [ RunTime:0.000752s ]
INFO: [ view_parse ] --START--
INFO: Run ParseTemplate Behavior [ RunTime:0.039489s ]
INFO: [ view_parse ] --END-- [ RunTime:0.039558s ]
INFO: [ view_filter ] --START--
INFO: Run ContentReplace Behavior [ RunTime:0.000637s ]
INFO: Run TokenBuild Behavior [ RunTime:0.000456s ]
INFO: Run WriteHtmlCache Behavior [ RunTime:0.000302s ]
INFO: Run ShowRuntime Behavior [ RunTime:0.000499s ]
INFO: [ view_filter ] --END-- [ RunTime:0.002078s ]
INFO: [ view_end ] --START--
INFO: Run ShowPageTrace Behavior [ RunTime:0.000414s ]
INFO: [ view_end ] --END-- [ RunTime:0.000459s ]

[ 2014-06-06T16:55:41+08:00 ] 127.0.0.1 /wyulianjiang/index.php/Public/code?w=45&h=25
INFO: [ route_check ] --START--
INFO: Run CheckRoute Behavior [ RunTime:0.000911s ]
INFO: [ route_check ] --END-- [ RunTime:0.001030s ]
INFO: [ app_begin ] --START--
INFO: Run ReadHtmlCache Behavior [ RunTime:0.000497s ]
INFO: [ app_begin ] --END-- [ RunTime:0.000570s ]

[ 2014-06-06T17:52:48+08:00 ] 127.0.0.1 /wyulianjiang/index.php
INFO: [ app_begin ] --START--
INFO: Run ReadHtmlCache Behavior [ RunTime:0.001202s ]
INFO: [ app_begin ] --END-- [ RunTime:0.001345s ]
SQL: SHOW COLUMNS FROM `lj_source` [ RunTime:0.003851s ]
SQL: SELECT `sourceid`,`showname` FROM `lj_source` WHERE ( `status` = 0 ) ORDER BY downloadcount desc LIMIT 5   [ RunTime:0.000650s ]
SQL: SHOW COLUMNS FROM `lj_showpicture` [ RunTime:0.003046s ]
SQL: SELECT * FROM `lj_showpicture` WHERE ( status=1 ) ORDER BY showpictureid desc LIMIT 10   [ RunTime:0.000270s ]
SQL: SHOW COLUMNS FROM `lj_article` [ RunTime:0.003002s ]
SQL: SELECT `articleid`,`title`,`slidepicture` FROM `lj_article` WHERE ( slidestatus=1 ) ORDER BY addtime desc LIMIT 5   [ RunTime:0.000348s ]
SQL: SELECT `articleid`,`title`,`addtime` FROM `lj_article` WHERE ( classid=0 ) ORDER BY priority,addtime desc LIMIT 5   [ RunTime:0.000270s ]
SQL: SHOW COLUMNS FROM `lj_website` [ RunTime:0.003142s ]
SQL: SHOW COLUMNS FROM `lj_website` [ RunTime:0.003059s ]
SQL: SELECT * FROM `lj_website` WHERE ( `group` = 'contact' )  [ RunTime:0.000268s ]
SQL: SHOW COLUMNS FROM `lj_link` [ RunTime:0.003243s ]
SQL: SELECT * FROM `lj_link` WHERE ( linkstatus=0 ) ORDER BY linkid LIMIT 5   [ RunTime:0.000316s ]
SQL: SELECT `articleid`,`title`,`addtime` FROM `lj_article` WHERE ( classid=1 ) ORDER BY priority,addtime desc LIMIT 5   [ RunTime:0.000498s ]
SQL: SHOW COLUMNS FROM `lj_activity` [ RunTime:0.004246s ]
SQL: SELECT `activityid`,`title`,`begintime` FROM `lj_activity` WHERE ( status=0 ) ORDER BY priority,begintime desc LIMIT 4   [ RunTime:0.000458s ]
SQL: SHOW COLUMNS FROM `lj_borrow` [ RunTime:0.003447s ]
SQL: SELECT * FROM `lj_borrow` ORDER BY borrowid desc LIMIT 4   [ RunTime:0.000255s ]
SQL: SHOW COLUMNS FROM `lj_user` [ RunTime:0.003331s ]
SQL: SELECT * FROM `lj_user` WHERE ( 1=1 AND userid='ap1006454' ) LIMIT 1   [ RunTime:0.000337s ]
SQL: SELECT * FROM `lj_user` WHERE ( 1=1 AND userid='' ) LIMIT 1   [ RunTime:0.000263s ]
SQL: SHOW COLUMNS FROM `lj_book` [ RunTime:0.003893s ]
SQL: SELECT * FROM `lj_book` WHERE ( 1=1 AND isbn='9781840785371' ) LIMIT 1   [ RunTime:0.000280s ]
SQL: SELECT * FROM `lj_user` WHERE ( 1=1 AND userid='ap1006429' ) LIMIT 1   [ RunTime:0.000213s ]
SQL: SELECT * FROM `lj_user` WHERE ( 1=1 AND userid='' ) LIMIT 1   [ RunTime:0.000186s ]
SQL: SELECT * FROM `lj_book` WHERE ( 1=1 AND isbn='9787040195835' ) LIMIT 1   [ RunTime:0.000202s ]
SQL: SELECT * FROM `lj_user` WHERE ( 1=1 AND userid='AP1006453' ) LIMIT 1   [ RunTime:0.000213s ]
SQL: SELECT * FROM `lj_user` WHERE ( 1=1 AND userid='' ) LIMIT 1   [ RunTime:0.000268s ]
SQL: SELECT * FROM `lj_book` WHERE ( 1=1 AND isbn='9787550228559' ) LIMIT 1   [ RunTime:0.000208s ]
SQL: SELECT * FROM `lj_user` WHERE ( 1=1 AND userid='AP1006453' ) LIMIT 1   [ RunTime:0.000156s ]
SQL: SELECT * FROM `lj_user` WHERE ( 1=1 AND userid='' ) LIMIT 1   [ RunTime:0.000148s ]
SQL: SELECT * FROM `lj_book` WHERE ( 1=1 AND isbn='9787807590231' ) LIMIT 1   [ RunTime:0.000159s ]
INFO: [ view_template ] --START--
INFO: Run LocationTemplate Behavior [ RunTime:0.000881s ]
INFO: [ view_template ] --END-- [ RunTime:0.001009s ]
INFO: [ view_parse ] --START--
NOTIC: [8] Undefined index: userid F:\server\workspace\wyulianjiang\LjHome\Runtime\Cache\9db315b8a37b3c9f6a562a8ca9a15572.php 第 249 行.
INFO: Run ParseTemplate Behavior [ RunTime:0.028571s ]
INFO: [ view_parse ] --END-- [ RunTime:0.028642s ]
INFO: [ view_filter ] --START--
INFO: Run ContentReplace Behavior [ RunTime:0.001278s ]
INFO: Run TokenBuild Behavior [ RunTime:0.000494s ]
INFO: Run WriteHtmlCache Behavior [ RunTime:0.000296s ]
INFO: Run ShowRuntime Behavior [ RunTime:0.000519s ]
INFO: [ view_filter ] --END-- [ RunTime:0.002731s ]
INFO: [ view_end ] --START--
INFO: Run ShowPageTrace Behavior [ RunTime:0.000491s ]
INFO: [ view_end ] --END-- [ RunTime:0.000535s ]

[ 2014-06-06T22:00:04+08:00 ] 127.0.0.1 /wyulianjiang/index.php
INFO: [ app_begin ] --START--
INFO: Run ReadHtmlCache Behavior [ RunTime:0.001171s ]
INFO: [ app_begin ] --END-- [ RunTime:0.001301s ]
SQL: SHOW COLUMNS FROM `lj_source` [ RunTime:0.003406s ]
SQL: SELECT `sourceid`,`showname` FROM `lj_source` WHERE ( `status` = 0 ) ORDER BY downloadcount desc LIMIT 5   [ RunTime:0.000388s ]
SQL: SHOW COLUMNS FROM `lj_showpicture` [ RunTime:0.003936s ]
SQL: SELECT * FROM `lj_showpicture` WHERE ( status=1 ) ORDER BY showpictureid desc LIMIT 10   [ RunTime:0.000262s ]
SQL: SHOW COLUMNS FROM `lj_article` [ RunTime:0.003493s ]
SQL: SELECT `articleid`,`title`,`slidepicture` FROM `lj_article` WHERE ( slidestatus=1 ) ORDER BY addtime desc LIMIT 5   [ RunTime:0.000375s ]
SQL: SELECT `articleid`,`title`,`addtime` FROM `lj_article` WHERE ( classid=0 ) ORDER BY priority,addtime desc LIMIT 5   [ RunTime:0.000455s ]
SQL: SHOW COLUMNS FROM `lj_website` [ RunTime:0.003665s ]
SQL: SHOW COLUMNS FROM `lj_website` [ RunTime:0.003394s ]
SQL: SELECT * FROM `lj_website` WHERE ( `group` = 'contact' )  [ RunTime:0.000452s ]
SQL: SHOW COLUMNS FROM `lj_link` [ RunTime:0.003385s ]
SQL: SELECT * FROM `lj_link` WHERE ( linkstatus=0 ) ORDER BY linkid LIMIT 5   [ RunTime:0.000220s ]
SQL: SELECT `articleid`,`title`,`addtime` FROM `lj_article` WHERE ( classid=1 ) ORDER BY priority,addtime desc LIMIT 5   [ RunTime:0.000218s ]
SQL: SHOW COLUMNS FROM `lj_activity` [ RunTime:0.002887s ]
SQL: SELECT `activityid`,`title`,`begintime` FROM `lj_activity` WHERE ( status=0 ) ORDER BY priority,begintime desc LIMIT 4   [ RunTime:0.000248s ]
SQL: SHOW COLUMNS FROM `lj_borrow` [ RunTime:0.002568s ]
SQL: SELECT * FROM `lj_borrow` ORDER BY borrowid desc LIMIT 4   [ RunTime:0.000191s ]
SQL: SHOW COLUMNS FROM `lj_user` [ RunTime:0.003088s ]
SQL: SELECT * FROM `lj_user` WHERE ( 1=1 AND userid='ap1006454' ) LIMIT 1   [ RunTime:0.000308s ]
SQL: SELECT * FROM `lj_user` WHERE ( 1=1 AND userid='' ) LIMIT 1   [ RunTime:0.000144s ]
SQL: SHOW COLUMNS FROM `lj_book` [ RunTime:0.002721s ]
SQL: SELECT * FROM `lj_book` WHERE ( 1=1 AND isbn='9781840785371' ) LIMIT 1   [ RunTime:0.000210s ]
SQL: SELECT * FROM `lj_user` WHERE ( 1=1 AND userid='ap1006429' ) LIMIT 1   [ RunTime:0.000152s ]
SQL: SELECT * FROM `lj_user` WHERE ( 1=1 AND userid='' ) LIMIT 1   [ RunTime:0.000128s ]
SQL: SELECT * FROM `lj_book` WHERE ( 1=1 AND isbn='9787040195835' ) LIMIT 1   [ RunTime:0.000141s ]
SQL: SELECT * FROM `lj_user` WHERE ( 1=1 AND userid='AP1006453' ) LIMIT 1   [ RunTime:0.000128s ]
SQL: SELECT * FROM `lj_user` WHERE ( 1=1 AND userid='' ) LIMIT 1   [ RunTime:0.000117s ]
SQL: SELECT * FROM `lj_book` WHERE ( 1=1 AND isbn='9787550228559' ) LIMIT 1   [ RunTime:0.000135s ]
SQL: SELECT * FROM `lj_user` WHERE ( 1=1 AND userid='AP1006453' ) LIMIT 1   [ RunTime:0.000120s ]
SQL: SELECT * FROM `lj_user` WHERE ( 1=1 AND userid='' ) LIMIT 1   [ RunTime:0.000109s ]
SQL: SELECT * FROM `lj_book` WHERE ( 1=1 AND isbn='9787807590231' ) LIMIT 1   [ RunTime:0.000122s ]
INFO: [ view_template ] --START--
INFO: Run LocationTemplate Behavior [ RunTime:0.000797s ]
INFO: [ view_template ] --END-- [ RunTime:0.000849s ]
INFO: [ view_parse ] --START--
NOTIC: [8] Undefined index: userid F:\server\workspace\wyulianjiang\LjHome\Runtime\Cache\9db315b8a37b3c9f6a562a8ca9a15572.php 第 249 行.
INFO: Run ParseTemplate Behavior [ RunTime:0.024525s ]
INFO: [ view_parse ] --END-- [ RunTime:0.024583s ]
INFO: [ view_filter ] --START--
INFO: Run ContentReplace Behavior [ RunTime:0.001624s ]
INFO: Run TokenBuild Behavior [ RunTime:0.000573s ]
INFO: Run WriteHtmlCache Behavior [ RunTime:0.000386s ]
INFO: Run ShowRuntime Behavior [ RunTime:0.000533s ]
INFO: [ view_filter ] --END-- [ RunTime:0.003276s ]
INFO: [ view_end ] --START--
INFO: Run ShowPageTrace Behavior [ RunTime:0.000564s ]
INFO: [ view_end ] --END-- [ RunTime:0.000611s ]

[ 2014-06-06T22:00:19+08:00 ] 127.0.0.1 /wyulianjiang/index.php/Login/login
INFO: [ route_check ] --START--
INFO: Run CheckRoute Behavior [ RunTime:0.000793s ]
INFO: [ route_check ] --END-- [ RunTime:0.000879s ]
INFO: [ app_begin ] --START--
INFO: Run ReadHtmlCache Behavior [ RunTime:0.000493s ]
INFO: [ app_begin ] --END-- [ RunTime:0.000552s ]
SQL: SHOW COLUMNS FROM `lj_user` [ RunTime:0.002849s ]
SQL: SELECT COUNT(*) AS tp_count FROM `lj_user` WHERE ( `userid` = 'AP1006429' ) AND ( `password` = '553b88408d22202bcd10d95e47caff9a' ) LIMIT 1   [ RunTime:0.000273s ]
INFO: [ view_template ] --START--
INFO: Run LocationTemplate Behavior [ RunTime:0.000651s ]
INFO: [ view_template ] --END-- [ RunTime:0.000711s ]
INFO: [ view_parse ] --START--
INFO: Run ParseTemplate Behavior [ RunTime:0.006509s ]
INFO: [ view_parse ] --END-- [ RunTime:0.006597s ]
INFO: [ view_filter ] --START--
INFO: Run ContentReplace Behavior [ RunTime:0.000448s ]
INFO: Run TokenBuild Behavior [ RunTime:0.000357s ]
INFO: Run WriteHtmlCache Behavior [ RunTime:0.000304s ]
INFO: Run ShowRuntime Behavior [ RunTime:0.000385s ]
INFO: [ view_filter ] --END-- [ RunTime:0.001616s ]
INFO: [ view_end ] --START--
INFO: Run ShowPageTrace Behavior [ RunTime:0.000606s ]
INFO: [ view_end ] --END-- [ RunTime:0.000655s ]

[ 2014-06-06T22:00:20+08:00 ] 127.0.0.1 /wyulianjiang/index.php/User/
INFO: [ route_check ] --START--
INFO: Run CheckRoute Behavior [ RunTime:0.000570s ]
INFO: [ route_check ] --END-- [ RunTime:0.000642s ]
INFO: [ app_begin ] --START--
INFO: Run ReadHtmlCache Behavior [ RunTime:0.000357s ]
INFO: [ app_begin ] --END-- [ RunTime:0.000403s ]
SQL: SHOW COLUMNS FROM `lj_user` [ RunTime:0.003247s ]
SQL: SELECT * FROM `lj_user` WHERE ( `userid` = 'AP1006429' )  [ RunTime:0.000306s ]
INFO: [ view_template ] --START--
INFO: Run LocationTemplate Behavior [ RunTime:0.000730s ]
INFO: [ view_template ] --END-- [ RunTime:0.000784s ]
INFO: [ view_parse ] --START--
NOTIC: [8] Undefined index: userid == $user[0] F:\server\workspace\wyulianjiang\LjHome\Runtime\Cache\30c1118cbccce52e0eea5da18b1e0da9.php 第 182 行.
NOTIC: [8] Use of undefined constant userid - assumed 'userid' F:\server\workspace\wyulianjiang\LjHome\Runtime\Cache\30c1118cbccce52e0eea5da18b1e0da9.php 第 435 行.
NOTIC: [8] Use of undefined constant userid - assumed 'userid' F:\server\workspace\wyulianjiang\LjHome\Runtime\Cache\30c1118cbccce52e0eea5da18b1e0da9.php 第 453 行.
INFO: Run ParseTemplate Behavior [ RunTime:0.065506s ]
INFO: [ view_parse ] --END-- [ RunTime:0.065575s ]
INFO: [ view_filter ] --START--
INFO: Run ContentReplace Behavior [ RunTime:0.000688s ]
INFO: Run TokenBuild Behavior [ RunTime:0.000480s ]
INFO: Run WriteHtmlCache Behavior [ RunTime:0.000310s ]
INFO: Run ShowRuntime Behavior [ RunTime:0.000373s ]
INFO: [ view_filter ] --END-- [ RunTime:0.002045s ]
INFO: [ view_end ] --START--
INFO: Run ShowPageTrace Behavior [ RunTime:0.000377s ]
INFO: [ view_end ] --END-- [ RunTime:0.000417s ]

[ 2014-06-06T22:00:29+08:00 ] 127.0.0.1 /wyulianjiang/index.php/User/address
INFO: [ route_check ] --START--
INFO: Run CheckRoute Behavior [ RunTime:0.000764s ]
INFO: [ route_check ] --END-- [ RunTime:0.000832s ]
INFO: [ app_begin ] --START--
INFO: Run ReadHtmlCache Behavior [ RunTime:0.000458s ]
INFO: [ app_begin ] --END-- [ RunTime:0.000507s ]
SQL: SHOW COLUMNS FROM `lj_user` [ RunTime:0.002813s ]
SQL: SELECT COUNT(*) AS tp_count FROM `lj_user` LIMIT 1   [ RunTime:0.000207s ]
SQL: SELECT * FROM `lj_user` ORDER BY username desc LIMIT 0,25   [ RunTime:0.000445s ]
INFO: [ view_template ] --START--
INFO: Run LocationTemplate Behavior [ RunTime:0.020743s ]
INFO: [ view_template ] --END-- [ RunTime:0.020830s ]
INFO: [ view_parse ] --START--
INFO: Run ParseTemplate Behavior [ RunTime:0.028320s ]
INFO: [ view_parse ] --END-- [ RunTime:0.028400s ]
INFO: [ view_filter ] --START--
INFO: Run ContentReplace Behavior [ RunTime:0.000674s ]
INFO: Run TokenBuild Behavior [ RunTime:0.000360s ]
INFO: Run WriteHtmlCache Behavior [ RunTime:0.000268s ]
INFO: Run ShowRuntime Behavior [ RunTime:0.000491s ]
INFO: [ view_filter ] --END-- [ RunTime:0.001938s ]
INFO: [ view_end ] --START--
INFO: Run ShowPageTrace Behavior [ RunTime:0.000970s ]
INFO: [ view_end ] --END-- [ RunTime:0.001043s ]

[ 2014-06-06T22:00:30+08:00 ] 127.0.0.1 /wyulianjiang/index.php/User/
INFO: [ route_check ] --START--
INFO: Run CheckRoute Behavior [ RunTime:0.000523s ]
INFO: [ route_check ] --END-- [ RunTime:0.000591s ]
INFO: [ app_begin ] --START--
INFO: Run ReadHtmlCache Behavior [ RunTime:0.000346s ]
INFO: [ app_begin ] --END-- [ RunTime:0.000391s ]
SQL: SHOW COLUMNS FROM `lj_user` [ RunTime:0.003147s ]
SQL: SELECT * FROM `lj_user` WHERE ( `userid` = 'AP1006429' )  [ RunTime:0.000269s ]
INFO: [ view_template ] --START--
INFO: Run LocationTemplate Behavior [ RunTime:0.000541s ]
INFO: [ view_template ] --END-- [ RunTime:0.000608s ]
INFO: [ view_parse ] --START--
NOTIC: [8] Undefined index: userid == $user[0] F:\server\workspace\wyulianjiang\LjHome\Runtime\Cache\30c1118cbccce52e0eea5da18b1e0da9.php 第 182 行.
NOTIC: [8] Use of undefined constant userid - assumed 'userid' F:\server\workspace\wyulianjiang\LjHome\Runtime\Cache\30c1118cbccce52e0eea5da18b1e0da9.php 第 435 行.
NOTIC: [8] Use of undefined constant userid - assumed 'userid' F:\server\workspace\wyulianjiang\LjHome\Runtime\Cache\30c1118cbccce52e0eea5da18b1e0da9.php 第 453 行.
INFO: Run ParseTemplate Behavior [ RunTime:0.011353s ]
INFO: [ view_parse ] --END-- [ RunTime:0.011410s ]
INFO: [ view_filter ] --START--
INFO: Run ContentReplace Behavior [ RunTime:0.000556s ]
INFO: Run TokenBuild Behavior [ RunTime:0.000298s ]
INFO: Run WriteHtmlCache Behavior [ RunTime:0.000202s ]
INFO: Run ShowRuntime Behavior [ RunTime:0.000343s ]
INFO: [ view_filter ] --END-- [ RunTime:0.001523s ]
INFO: [ view_end ] --START--
INFO: Run ShowPageTrace Behavior [ RunTime:0.000406s ]
INFO: [ view_end ] --END-- [ RunTime:0.000450s ]

[ 2014-06-06T22:00:31+08:00 ] 127.0.0.1 /wyulianjiang/index.php/User/address
INFO: [ route_check ] --START--
INFO: Run CheckRoute Behavior [ RunTime:0.000724s ]
INFO: [ route_check ] --END-- [ RunTime:0.000815s ]
INFO: [ app_begin ] --START--
INFO: Run ReadHtmlCache Behavior [ RunTime:0.000440s ]
INFO: [ app_begin ] --END-- [ RunTime:0.000509s ]
SQL: SHOW COLUMNS FROM `lj_user` [ RunTime:0.003001s ]
SQL: SELECT COUNT(*) AS tp_count FROM `lj_user` LIMIT 1   [ RunTime:0.000228s ]
SQL: SELECT * FROM `lj_user` ORDER BY username desc LIMIT 0,25   [ RunTime:0.000439s ]
INFO: [ view_template ] --START--
INFO: Run LocationTemplate Behavior [ RunTime:0.000409s ]
INFO: [ view_template ] --END-- [ RunTime:0.000461s ]
INFO: [ view_parse ] --START--
INFO: Run ParseTemplate Behavior [ RunTime:0.011319s ]
INFO: [ view_parse ] --END-- [ RunTime:0.011399s ]
INFO: [ view_filter ] --START--
INFO: Run ContentReplace Behavior [ RunTime:0.000562s ]
INFO: Run TokenBuild Behavior [ RunTime:0.000307s ]
INFO: Run WriteHtmlCache Behavior [ RunTime:0.000190s ]
INFO: Run ShowRuntime Behavior [ RunTime:0.000321s ]
INFO: [ view_filter ] --END-- [ RunTime:0.001507s ]
INFO: [ view_end ] --START--
INFO: Run ShowPageTrace Behavior [ RunTime:0.000409s ]
INFO: [ view_end ] --END-- [ RunTime:0.000450s ]

[ 2014-06-06T22:00:32+08:00 ] 127.0.0.1 /wyulianjiang/index.php/Book/
INFO: [ route_check ] --START--
INFO: Run CheckRoute Behavior [ RunTime:0.000591s ]
INFO: [ route_check ] --END-- [ RunTime:0.000662s ]
INFO: [ app_begin ] --START--
INFO: Run ReadHtmlCache Behavior [ RunTime:0.000392s ]
INFO: [ app_begin ] --END-- [ RunTime:0.000438s ]
SQL: SHOW COLUMNS FROM `lj_borrow` [ RunTime:0.002517s ]
SQL: SELECT COUNT(*) AS tp_count FROM `lj_borrow` WHERE ( `offerid` <> 'AP1006429' ) AND ( `status` = 0 ) LIMIT 1   [ RunTime:0.002096s ]
SQL: SELECT * FROM `lj_borrow` WHERE ( `offerid` <> 'AP1006429' ) AND ( `status` = 0 ) LIMIT 0,10   [ RunTime:0.000443s ]
SQL: SHOW COLUMNS FROM `lj_user` [ RunTime:0.003548s ]
SQL: SELECT * FROM `lj_user` WHERE ( 1=1 AND userid='AP1006453' ) LIMIT 1   [ RunTime:0.000270s ]
SQL: SELECT * FROM `lj_user` WHERE ( 1=1 AND userid='' ) LIMIT 1   [ RunTime:0.000154s ]
SQL: SHOW COLUMNS FROM `lj_book` [ RunTime:0.002682s ]
SQL: SELECT * FROM `lj_book` WHERE ( 1=1 AND isbn='9787506065221' ) LIMIT 1   [ RunTime:0.000236s ]
SQL: SELECT * FROM `lj_user` WHERE ( 1=1 AND userid='AP1006453' ) LIMIT 1   [ RunTime:0.000166s ]
SQL: SELECT * FROM `lj_user` WHERE ( 1=1 AND userid='' ) LIMIT 1   [ RunTime:0.000136s ]
SQL: SELECT * FROM `lj_book` WHERE ( 1=1 AND isbn='9787564051532' ) LIMIT 1   [ RunTime:0.000139s ]
SQL: SELECT * FROM `lj_user` WHERE ( 1=1 AND userid='AP1006453' ) LIMIT 1   [ RunTime:0.000142s ]
SQL: SELECT * FROM `lj_user` WHERE ( 1=1 AND userid='' ) LIMIT 1   [ RunTime:0.000154s ]
SQL: SELECT * FROM `lj_book` WHERE ( 1=1 AND isbn='9787802287976' ) LIMIT 1   [ RunTime:0.000160s ]
SQL: SELECT * FROM `lj_user` WHERE ( 1=1 AND userid='AP1006453' ) LIMIT 1   [ RunTime:0.000152s ]
SQL: SELECT * FROM `lj_user` WHERE ( 1=1 AND userid='' ) LIMIT 1   [ RunTime:0.000140s ]
SQL: SELECT * FROM `lj_book` WHERE ( 1=1 AND isbn='9787539959627' ) LIMIT 1   [ RunTime:0.000131s ]
SQL: SELECT * FROM `lj_user` WHERE ( 1=1 AND userid='AP1006453' ) LIMIT 1   [ RunTime:0.000139s ]
SQL: SELECT * FROM `lj_user` WHERE ( 1=1 AND userid='' ) LIMIT 1   [ RunTime:0.000186s ]
SQL: SELECT * FROM `lj_book` WHERE ( 1=1 AND isbn='9787514205848' ) LIMIT 1   [ RunTime:0.000186s ]
SQL: SELECT * FROM `lj_user` WHERE ( 1=1 AND userid='AP1006453' ) LIMIT 1   [ RunTime:0.000196s ]
SQL: SELECT * FROM `lj_user` WHERE ( 1=1 AND userid='' ) LIMIT 1   [ RunTime:0.000182s ]
SQL: SELECT * FROM `lj_book` WHERE ( 1=1 AND isbn='9787539973043' ) LIMIT 1   [ RunTime:0.000203s ]
SQL: SELECT * FROM `lj_user` WHERE ( 1=1 AND userid='AP1006453' ) LIMIT 1   [ RunTime:0.000215s ]
SQL: SELECT * FROM `lj_user` WHERE ( 1=1 AND userid='' ) LIMIT 1   [ RunTime:0.000183s ]
SQL: SELECT * FROM `lj_book` WHERE ( 1=1 AND isbn='9787540448806' ) LIMIT 1   [ RunTime:0.000188s ]
SQL: SELECT * FROM `lj_user` WHERE ( 1=1 AND userid='AP1006453' ) LIMIT 1   [ RunTime:0.000189s ]
SQL: SELECT * FROM `lj_user` WHERE ( 1=1 AND userid='' ) LIMIT 1   [ RunTime:0.000186s ]
SQL: SELECT * FROM `lj_book` WHERE ( 1=1 AND isbn='9787511325488' ) LIMIT 1   [ RunTime:0.000156s ]
SQL: SELECT * FROM `lj_user` WHERE ( 1=1 AND userid='AP1006453' ) LIMIT 1   [ RunTime:0.000158s ]
SQL: SELECT * FROM `lj_user` WHERE ( 1=1 AND userid='' ) LIMIT 1   [ RunTime:0.000153s ]
SQL: SELECT * FROM `lj_book` WHERE ( 1=1 AND isbn='9787807590231' ) LIMIT 1   [ RunTime:0.000158s ]
SQL: SELECT * FROM `lj_user` WHERE ( 1=1 AND userid='AP1006453' ) LIMIT 1   [ RunTime:0.000159s ]
SQL: SELECT * FROM `lj_user` WHERE ( 1=1 AND userid='' ) LIMIT 1   [ RunTime:0.000146s ]
SQL: SELECT * FROM `lj_book` WHERE ( 1=1 AND isbn='9787550228559' ) LIMIT 1   [ RunTime:0.000156s ]
INFO: [ view_template ] --START--
INFO: Run LocationTemplate Behavior [ RunTime:0.000680s ]
INFO: [ view_template ] --END-- [ RunTime:0.000731s ]
INFO: [ view_parse ] --START--
INFO: Run ParseTemplate Behavior [ RunTime:0.066955s ]
INFO: [ view_parse ] --END-- [ RunTime:0.067046s ]
INFO: [ view_filter ] --START--
INFO: Run ContentReplace Behavior [ RunTime:0.000532s ]
INFO: Run TokenBuild Behavior [ RunTime:0.000311s ]
INFO: Run WriteHtmlCache Behavior [ RunTime:0.000189s ]
INFO: Run ShowRuntime Behavior [ RunTime:0.000323s ]
INFO: [ view_filter ] --END-- [ RunTime:0.001474s ]
INFO: [ view_end ] --START--
INFO: Run ShowPageTrace Behavior [ RunTime:0.000438s ]
INFO: [ view_end ] --END-- [ RunTime:0.000486s ]

[ 2014-06-06T22:00:33+08:00 ] 127.0.0.1 /wyulianjiang/index.php/Activity/
INFO: [ route_check ] --START--
INFO: Run CheckRoute Behavior [ RunTime:0.000704s ]
INFO: [ route_check ] --END-- [ RunTime:0.000797s ]
INFO: [ app_begin ] --START--
INFO: Run ReadHtmlCache Behavior [ RunTime:0.000413s ]
INFO: [ app_begin ] --END-- [ RunTime:0.000466s ]
SQL: SHOW COLUMNS FROM `lj_activity` [ RunTime:0.002604s ]
SQL: SELECT COUNT(*) AS tp_count FROM `lj_activity` LIMIT 1   [ RunTime:0.000237s ]
SQL: SELECT * FROM `lj_activity` WHERE ( `status` = 0 ) ORDER BY priority,begintime desc LIMIT 0,15   [ RunTime:0.001110s ]
SQL: SHOW COLUMNS FROM `lj_admin` [ RunTime:0.003041s ]
SQL: SELECT `adminname` FROM `lj_admin` WHERE ( 1=1 AND adminid='' ) LIMIT 1   [ RunTime:0.000218s ]
SQL: SELECT `adminname` FROM `lj_admin` WHERE ( 1=1 AND adminid='' ) LIMIT 1   [ RunTime:0.000166s ]
SQL: SELECT `adminname` FROM `lj_admin` WHERE ( 1=1 AND adminid='adminxc' ) LIMIT 1   [ RunTime:0.000159s ]
SQL: SELECT `adminname` FROM `lj_admin` WHERE ( 1=1 AND adminid='adminxc' ) LIMIT 1   [ RunTime:0.000131s ]
SQL: SELECT `adminname` FROM `lj_admin` WHERE ( 1=1 AND adminid='adminxc' ) LIMIT 1   [ RunTime:0.000135s ]
SQL: SELECT `adminname` FROM `lj_admin` WHERE ( 1=1 AND adminid='' ) LIMIT 1   [ RunTime:0.000156s ]
NOTIC: [8] Use of undefined constant activitylist - assumed 'activitylist' F:\server\workspace\wyulianjiang\LjHome\Lib\Action\ActivityAction.class.php 第 21 行.
INFO: [ view_template ] --START--
INFO: Run LocationTemplate Behavior [ RunTime:0.000864s ]
INFO: [ view_template ] --END-- [ RunTime:0.000921s ]
INFO: [ view_parse ] --START--
INFO: Run ParseTemplate Behavior [ RunTime:0.033865s ]
INFO: [ view_parse ] --END-- [ RunTime:0.033932s ]
INFO: [ view_filter ] --START--
INFO: Run ContentReplace Behavior [ RunTime:0.000548s ]
INFO: Run TokenBuild Behavior [ RunTime:0.000273s ]
INFO: Run WriteHtmlCache Behavior [ RunTime:0.000187s ]
INFO: Run ShowRuntime Behavior [ RunTime:0.000345s ]
INFO: [ view_filter ] --END-- [ RunTime:0.001471s ]
INFO: [ view_end ] --START--
INFO: Run ShowPageTrace Behavior [ RunTime:0.000373s ]
INFO: [ view_end ] --END-- [ RunTime:0.000414s ]

[ 2014-06-06T22:00:35+08:00 ] 127.0.0.1 /wyulianjiang/index.php/Source/
INFO: [ route_check ] --START--
INFO: Run CheckRoute Behavior [ RunTime:0.000622s ]
INFO: [ route_check ] --END-- [ RunTime:0.000695s ]
INFO: [ app_begin ] --START--
INFO: Run ReadHtmlCache Behavior [ RunTime:0.000356s ]
INFO: [ app_begin ] --END-- [ RunTime:0.000403s ]
SQL: SHOW COLUMNS FROM `lj_source` [ RunTime:0.002733s ]
SQL: SELECT COUNT(*) AS tp_count FROM `lj_source` WHERE ( `status` = 0 ) LIMIT 1   [ RunTime:0.000260s ]
SQL: SELECT * FROM `lj_source` WHERE ( `status` = 0 ) ORDER BY addtime desc LIMIT 0,10   [ RunTime:0.000394s ]
SQL: SHOW COLUMNS FROM `lj_user` [ RunTime:0.003204s ]
SQL: SELECT `username` FROM `lj_user` WHERE ( 1=1 AND userid='AP1006429' ) LIMIT 1   [ RunTime:0.000269s ]
SQL: SELECT `username` FROM `lj_user` WHERE ( 1=1 AND userid='AP1006429' ) LIMIT 1   [ RunTime:0.000171s ]
SQL: SELECT `username` FROM `lj_user` WHERE ( 1=1 AND userid='ap1006429' ) LIMIT 1   [ RunTime:0.000148s ]
SQL: SELECT `username` FROM `lj_user` WHERE ( 1=1 AND userid='ap1006429' ) LIMIT 1   [ RunTime:0.000140s ]
SQL: SELECT `username` FROM `lj_user` WHERE ( 1=1 AND userid='AP1006453' ) LIMIT 1   [ RunTime:0.000156s ]
SQL: SELECT `username` FROM `lj_user` WHERE ( 1=1 AND userid='AP1006429' ) LIMIT 1   [ RunTime:0.000153s ]
SQL: SELECT `username` FROM `lj_user` WHERE ( 1=1 AND userid='AP1006419' ) LIMIT 1   [ RunTime:0.000142s ]
SQL: SELECT `username` FROM `lj_user` WHERE ( 1=1 AND userid='AP1006429' ) LIMIT 1   [ RunTime:0.000144s ]
SQL: SELECT `username` FROM `lj_user` WHERE ( 1=1 AND userid='AP1006429' ) LIMIT 1   [ RunTime:0.000166s ]
SQL: SELECT `username` FROM `lj_user` WHERE ( 1=1 AND userid='AP1006429' ) LIMIT 1   [ RunTime:0.000129s ]
INFO: [ view_template ] --START--
INFO: Run LocationTemplate Behavior [ RunTime:0.001476s ]
INFO: [ view_template ] --END-- [ RunTime:0.001528s ]
INFO: [ view_parse ] --START--
INFO: Run ParseTemplate Behavior [ RunTime:0.060047s ]
INFO: [ view_parse ] --END-- [ RunTime:0.060149s ]
INFO: [ view_filter ] --START--
INFO: Run ContentReplace Behavior [ RunTime:0.000819s ]
INFO: Run TokenBuild Behavior [ RunTime:0.000414s ]
INFO: Run WriteHtmlCache Behavior [ RunTime:0.000285s ]
INFO: Run ShowRuntime Behavior [ RunTime:0.000528s ]
INFO: [ view_filter ] --END-- [ RunTime:0.002251s ]
INFO: [ view_end ] --START--
INFO: Run ShowPageTrace Behavior [ RunTime:0.000616s ]
INFO: [ view_end ] --END-- [ RunTime:0.000680s ]

[ 2014-06-06T22:00:36+08:00 ] 127.0.0.1 /wyulianjiang/index.php/Activity/
INFO: [ route_check ] --START--
INFO: Run CheckRoute Behavior [ RunTime:0.000567s ]
INFO: [ route_check ] --END-- [ RunTime:0.000640s ]
INFO: [ app_begin ] --START--
INFO: Run ReadHtmlCache Behavior [ RunTime:0.000381s ]
INFO: [ app_begin ] --END-- [ RunTime:0.000431s ]
SQL: SHOW COLUMNS FROM `lj_activity` [ RunTime:0.003073s ]
SQL: SELECT COUNT(*) AS tp_count FROM `lj_activity` LIMIT 1   [ RunTime:0.000305s ]
SQL: SELECT * FROM `lj_activity` WHERE ( `status` = 0 ) ORDER BY priority,begintime desc LIMIT 0,15   [ RunTime:0.000327s ]
SQL: SHOW COLUMNS FROM `lj_admin` [ RunTime:0.002648s ]
SQL: SELECT `adminname` FROM `lj_admin` WHERE ( 1=1 AND adminid='' ) LIMIT 1   [ RunTime:0.000200s ]
SQL: SELECT `adminname` FROM `lj_admin` WHERE ( 1=1 AND adminid='' ) LIMIT 1   [ RunTime:0.000136s ]
SQL: SELECT `adminname` FROM `lj_admin` WHERE ( 1=1 AND adminid='adminxc' ) LIMIT 1   [ RunTime:0.000155s ]
SQL: SELECT `adminname` FROM `lj_admin` WHERE ( 1=1 AND adminid='adminxc' ) LIMIT 1   [ RunTime:0.000162s ]
SQL: SELECT `adminname` FROM `lj_admin` WHERE ( 1=1 AND adminid='adminxc' ) LIMIT 1   [ RunTime:0.000143s ]
SQL: SELECT `adminname` FROM `lj_admin` WHERE ( 1=1 AND adminid='' ) LIMIT 1   [ RunTime:0.000156s ]
NOTIC: [8] Use of undefined constant activitylist - assumed 'activitylist' F:\server\workspace\wyulianjiang\LjHome\Lib\Action\ActivityAction.class.php 第 21 行.
INFO: [ view_template ] --START--
INFO: Run LocationTemplate Behavior [ RunTime:0.000501s ]
INFO: [ view_template ] --END-- [ RunTime:0.000555s ]
INFO: [ view_parse ] --START--
INFO: Run ParseTemplate Behavior [ RunTime:0.009629s ]
INFO: [ view_parse ] --END-- [ RunTime:0.009699s ]
INFO: [ view_filter ] --START--
INFO: Run ContentReplace Behavior [ RunTime:0.000571s ]
INFO: Run TokenBuild Behavior [ RunTime:0.000296s ]
INFO: Run WriteHtmlCache Behavior [ RunTime:0.000289s ]
INFO: Run ShowRuntime Behavior [ RunTime:0.000392s ]
INFO: [ view_filter ] --END-- [ RunTime:0.001800s ]
INFO: [ view_end ] --START--
INFO: Run ShowPageTrace Behavior [ RunTime:0.000444s ]
INFO: [ view_end ] --END-- [ RunTime:0.000493s ]

[ 2014-06-06T22:00:41+08:00 ] 127.0.0.1 /wyulianjiang/index.php/Activity/detail/activityid/6
INFO: [ route_check ] --START--
INFO: Run CheckRoute Behavior [ RunTime:0.000515s ]
INFO: [ route_check ] --END-- [ RunTime:0.000582s ]
INFO: [ app_begin ] --START--
INFO: Run ReadHtmlCache Behavior [ RunTime:0.000370s ]
INFO: [ app_begin ] --END-- [ RunTime:0.000420s ]
SQL: SHOW COLUMNS FROM `lj_activity` [ RunTime:0.002798s ]
SQL: SELECT * FROM `lj_activity` WHERE ( `status` = 0 ) AND ( `activityid` = 6 )  [ RunTime:0.000317s ]
SQL: SHOW COLUMNS FROM `lj_admin` [ RunTime:0.002720s ]
SQL: SELECT `adminname` FROM `lj_admin` WHERE ( 1=1 AND adminid='' ) LIMIT 1   [ RunTime:0.000248s ]
SQL: SHOW COLUMNS FROM `lj_activityinfo` [ RunTime:0.003139s ]
SQL: SELECT `status` FROM `lj_activityinfo` WHERE ( `activityid` = 6 ) AND ( `userid` = 'AP1006429' )  [ RunTime:0.000377s ]
SQL: SELECT SUM(joinnumber) AS tp_sum FROM `lj_activityinfo` WHERE ( `activityid` = 6 ) LIMIT 1   [ RunTime:0.000871s ]
SQL: SELECT * FROM `lj_activityinfo` WHERE ( `activityid` = 6 )  [ RunTime:0.000201s ]
SQL: SHOW COLUMNS FROM `lj_user` [ RunTime:0.002864s ]
SQL: SELECT * FROM `lj_user` WHERE ( 1=1 AND userid='ap1006459' ) LIMIT 1   [ RunTime:0.000267s ]
SQL: SELECT * FROM `lj_user` WHERE ( 1=1 AND userid='AP1006452' ) LIMIT 1   [ RunTime:0.000180s ]
SQL: SELECT * FROM `lj_user` WHERE ( 1=1 AND userid='AP1006429' ) LIMIT 1   [ RunTime:0.000176s ]
SQL: SELECT * FROM `lj_user` WHERE ( 1=1 AND userid='AP1006368' ) LIMIT 1   [ RunTime:0.000173s ]
SQL: SELECT * FROM `lj_user` WHERE ( 1=1 AND userid='ap1006453' ) LIMIT 1   [ RunTime:0.000170s ]
INFO: [ view_template ] --START--
INFO: Run LocationTemplate Behavior [ RunTime:0.000572s ]
INFO: [ view_template ] --END-- [ RunTime:0.000626s ]
INFO: [ view_parse ] --START--
NOTIC: [8] Undefined variable: articlereview F:\server\workspace\wyulianjiang\LjHome\Runtime\Cache\fe1d917322f50d1a544ce4bf2e6d2cb4.php 第 440 行.
NOTIC: [8] Undefined variable: show F:\server\workspace\wyulianjiang\LjHome\Runtime\Cache\fe1d917322f50d1a544ce4bf2e6d2cb4.php 第 455 行.
NOTIC: [8] Undefined variable: user F:\server\workspace\wyulianjiang\LjHome\Runtime\Cache\fe1d917322f50d1a544ce4bf2e6d2cb4.php 第 480 行.
NOTIC: [8] Undefined variable: user F:\server\workspace\wyulianjiang\LjHome\Runtime\Cache\fe1d917322f50d1a544ce4bf2e6d2cb4.php 第 480 行.
NOTIC: [8] Undefined variable: user F:\server\workspace\wyulianjiang\LjHome\Runtime\Cache\fe1d917322f50d1a544ce4bf2e6d2cb4.php 第 481 行.
NOTIC: [8] Undefined variable: user F:\server\workspace\wyulianjiang\LjHome\Runtime\Cache\fe1d917322f50d1a544ce4bf2e6d2cb4.php 第 481 行.
NOTIC: [8] Undefined variable: news F:\server\workspace\wyulianjiang\LjHome\Runtime\Cache\fe1d917322f50d1a544ce4bf2e6d2cb4.php 第 485 行.
INFO: Run ParseTemplate Behavior [ RunTime:0.050195s ]
INFO: [ view_parse ] --END-- [ RunTime:0.050250s ]
INFO: [ view_filter ] --START--
INFO: Run ContentReplace Behavior [ RunTime:0.000621s ]
INFO: Run TokenBuild Behavior [ RunTime:0.000285s ]
INFO: Run WriteHtmlCache Behavior [ RunTime:0.000190s ]
INFO: Run ShowRuntime Behavior [ RunTime:0.000353s ]
INFO: [ view_filter ] --END-- [ RunTime:0.001569s ]
INFO: [ view_end ] --START--
INFO: Run ShowPageTrace Behavior [ RunTime:0.000385s ]
INFO: [ view_end ] --END-- [ RunTime:0.000424s ]

[ 2014-06-06T22:00:44+08:00 ] 127.0.0.1 /wyulianjiang/index.php/Source/
INFO: [ route_check ] --START--
INFO: Run CheckRoute Behavior [ RunTime:0.000853s ]
INFO: [ route_check ] --END-- [ RunTime:0.000960s ]
INFO: [ app_begin ] --START--
INFO: Run ReadHtmlCache Behavior [ RunTime:0.000499s ]
INFO: [ app_begin ] --END-- [ RunTime:0.000560s ]
SQL: SHOW COLUMNS FROM `lj_source` [ RunTime:0.002722s ]
SQL: SELECT COUNT(*) AS tp_count FROM `lj_source` WHERE ( `status` = 0 ) LIMIT 1   [ RunTime:0.000260s ]
SQL: SELECT * FROM `lj_source` WHERE ( `status` = 0 ) ORDER BY addtime desc LIMIT 0,10   [ RunTime:0.000289s ]
SQL: SHOW COLUMNS FROM `lj_user` [ RunTime:0.003870s ]
SQL: SELECT `username` FROM `lj_user` WHERE ( 1=1 AND userid='AP1006429' ) LIMIT 1   [ RunTime:0.000216s ]
SQL: SELECT `username` FROM `lj_user` WHERE ( 1=1 AND userid='AP1006429' ) LIMIT 1   [ RunTime:0.000165s ]
SQL: SELECT `username` FROM `lj_user` WHERE ( 1=1 AND userid='ap1006429' ) LIMIT 1   [ RunTime:0.000152s ]
SQL: SELECT `username` FROM `lj_user` WHERE ( 1=1 AND userid='ap1006429' ) LIMIT 1   [ RunTime:0.000154s ]
SQL: SELECT `username` FROM `lj_user` WHERE ( 1=1 AND userid='AP1006453' ) LIMIT 1   [ RunTime:0.000135s ]
SQL: SELECT `username` FROM `lj_user` WHERE ( 1=1 AND userid='AP1006429' ) LIMIT 1   [ RunTime:0.000146s ]
SQL: SELECT `username` FROM `lj_user` WHERE ( 1=1 AND userid='AP1006419' ) LIMIT 1   [ RunTime:0.000126s ]
SQL: SELECT `username` FROM `lj_user` WHERE ( 1=1 AND userid='AP1006429' ) LIMIT 1   [ RunTime:0.000127s ]
SQL: SELECT `username` FROM `lj_user` WHERE ( 1=1 AND userid='AP1006429' ) LIMIT 1   [ RunTime:0.000125s ]
SQL: SELECT `username` FROM `lj_user` WHERE ( 1=1 AND userid='AP1006429' ) LIMIT 1   [ RunTime:0.000131s ]
INFO: [ view_template ] --START--
INFO: Run LocationTemplate Behavior [ RunTime:0.001000s ]
INFO: [ view_template ] --END-- [ RunTime:0.001072s ]
INFO: [ view_parse ] --START--
INFO: Run ParseTemplate Behavior [ RunTime:0.012541s ]
INFO: [ view_parse ] --END-- [ RunTime:0.012613s ]
INFO: [ view_filter ] --START--
INFO: Run ContentReplace Behavior [ RunTime:0.000949s ]
INFO: Run TokenBuild Behavior [ RunTime:0.000455s ]
INFO: Run WriteHtmlCache Behavior [ RunTime:0.000305s ]
INFO: Run ShowRuntime Behavior [ RunTime:0.000574s ]
INFO: [ view_filter ] --END-- [ RunTime:0.002437s ]
INFO: [ view_end ] --START--
INFO: Run ShowPageTrace Behavior [ RunTime:0.000626s ]
INFO: [ view_end ] --END-- [ RunTime:0.000677s ]

[ 2014-06-06T22:00:45+08:00 ] 127.0.0.1 /wyulianjiang/index.php/Discuss/
INFO: [ route_check ] --START--
INFO: Run CheckRoute Behavior [ RunTime:0.000525s ]
INFO: [ route_check ] --END-- [ RunTime:0.000595s ]
INFO: [ app_begin ] --START--
INFO: Run ReadHtmlCache Behavior [ RunTime:0.000376s ]
INFO: [ app_begin ] --END-- [ RunTime:0.000424s ]
INFO: [ view_template ] --START--
INFO: Run LocationTemplate Behavior [ RunTime:0.000519s ]
INFO: [ view_template ] --END-- [ RunTime:0.000584s ]
INFO: [ view_parse ] --START--
INFO: Run ParseTemplate Behavior [ RunTime:0.030995s ]
INFO: [ view_parse ] --END-- [ RunTime:0.031065s ]
INFO: [ view_filter ] --START--
INFO: Run ContentReplace Behavior [ RunTime:0.000509s ]
INFO: Run TokenBuild Behavior [ RunTime:0.000278s ]
INFO: Run WriteHtmlCache Behavior [ RunTime:0.000190s ]
INFO: Run ShowRuntime Behavior [ RunTime:0.000363s ]
INFO: [ view_filter ] --END-- [ RunTime:0.001458s ]
INFO: [ view_end ] --START--
INFO: Run ShowPageTrace Behavior [ RunTime:0.000400s ]
INFO: [ view_end ] --END-- [ RunTime:0.000444s ]

[ 2014-06-06T22:00:46+08:00 ] 127.0.0.1 /wyulianjiang/index.php/User/
INFO: [ route_check ] --START--
INFO: Run CheckRoute Behavior [ RunTime:0.000975s ]
INFO: [ route_check ] --END-- [ RunTime:0.001052s ]
INFO: [ app_begin ] --START--
INFO: Run ReadHtmlCache Behavior [ RunTime:0.000421s ]
INFO: [ app_begin ] --END-- [ RunTime:0.000481s ]
SQL: SHOW COLUMNS FROM `lj_user` [ RunTime:0.003003s ]
SQL: SELECT * FROM `lj_user` WHERE ( `userid` = 'AP1006429' )  [ RunTime:0.000317s ]
INFO: [ view_template ] --START--
INFO: Run LocationTemplate Behavior [ RunTime:0.000803s ]
INFO: [ view_template ] --END-- [ RunTime:0.000892s ]
INFO: [ view_parse ] --START--
NOTIC: [8] Undefined index: userid == $user[0] F:\server\workspace\wyulianjiang\LjHome\Runtime\Cache\30c1118cbccce52e0eea5da18b1e0da9.php 第 182 行.
NOTIC: [8] Use of undefined constant userid - assumed 'userid' F:\server\workspace\wyulianjiang\LjHome\Runtime\Cache\30c1118cbccce52e0eea5da18b1e0da9.php 第 435 行.
NOTIC: [8] Use of undefined constant userid - assumed 'userid' F:\server\workspace\wyulianjiang\LjHome\Runtime\Cache\30c1118cbccce52e0eea5da18b1e0da9.php 第 453 行.
INFO: Run ParseTemplate Behavior [ RunTime:0.010982s ]
INFO: [ view_parse ] --END-- [ RunTime:0.011039s ]
INFO: [ view_filter ] --START--
INFO: Run ContentReplace Behavior [ RunTime:0.000547s ]
INFO: Run TokenBuild Behavior [ RunTime:0.000274s ]
INFO: Run WriteHtmlCache Behavior [ RunTime:0.000201s ]
INFO: Run ShowRuntime Behavior [ RunTime:0.000346s ]
INFO: [ view_filter ] --END-- [ RunTime:0.001493s ]
INFO: [ view_end ] --START--
INFO: Run ShowPageTrace Behavior [ RunTime:0.000429s ]
INFO: [ view_end ] --END-- [ RunTime:0.000470s ]

[ 2014-06-06T22:00:47+08:00 ] 127.0.0.1 /wyulianjiang/index.php/Source/
INFO: [ route_check ] --START--
INFO: Run CheckRoute Behavior [ RunTime:0.000547s ]
INFO: [ route_check ] --END-- [ RunTime:0.000615s ]
INFO: [ app_begin ] --START--
INFO: Run ReadHtmlCache Behavior [ RunTime:0.000344s ]
INFO: [ app_begin ] --END-- [ RunTime:0.000389s ]
SQL: SHOW COLUMNS FROM `lj_source` [ RunTime:0.002618s ]
SQL: SELECT COUNT(*) AS tp_count FROM `lj_source` WHERE ( `status` = 0 ) LIMIT 1   [ RunTime:0.000262s ]
SQL: SELECT * FROM `lj_source` WHERE ( `status` = 0 ) ORDER BY addtime desc LIMIT 0,10   [ RunTime:0.000279s ]
SQL: SHOW COLUMNS FROM `lj_user` [ RunTime:0.002694s ]
SQL: SELECT `username` FROM `lj_user` WHERE ( 1=1 AND userid='AP1006429' ) LIMIT 1   [ RunTime:0.000224s ]
SQL: SELECT `username` FROM `lj_user` WHERE ( 1=1 AND userid='AP1006429' ) LIMIT 1   [ RunTime:0.000151s ]
SQL: SELECT `username` FROM `lj_user` WHERE ( 1=1 AND userid='ap1006429' ) LIMIT 1   [ RunTime:0.000141s ]
SQL: SELECT `username` FROM `lj_user` WHERE ( 1=1 AND userid='ap1006429' ) LIMIT 1   [ RunTime:0.000140s ]
SQL: SELECT `username` FROM `lj_user` WHERE ( 1=1 AND userid='AP1006453' ) LIMIT 1   [ RunTime:0.000126s ]
SQL: SELECT `username` FROM `lj_user` WHERE ( 1=1 AND userid='AP1006429' ) LIMIT 1   [ RunTime:0.000160s ]
SQL: SELECT `username` FROM `lj_user` WHERE ( 1=1 AND userid='AP1006419' ) LIMIT 1   [ RunTime:0.000265s ]
SQL: SELECT `username` FROM `lj_user` WHERE ( 1=1 AND userid='AP1006429' ) LIMIT 1   [ RunTime:0.000196s ]
SQL: SELECT `username` FROM `lj_user` WHERE ( 1=1 AND userid='AP1006429' ) LIMIT 1   [ RunTime:0.000168s ]
SQL: SELECT `username` FROM `lj_user` WHERE ( 1=1 AND userid='AP1006429' ) LIMIT 1   [ RunTime:0.000205s ]
INFO: [ view_template ] --START--
INFO: Run LocationTemplate Behavior [ RunTime:0.000449s ]
INFO: [ view_template ] --END-- [ RunTime:0.000507s ]
INFO: [ view_parse ] --START--
INFO: Run ParseTemplate Behavior [ RunTime:0.010372s ]
INFO: [ view_parse ] --END-- [ RunTime:0.010432s ]
INFO: [ view_filter ] --START--
INFO: Run ContentReplace Behavior [ RunTime:0.000610s ]
INFO: Run TokenBuild Behavior [ RunTime:0.000312s ]
INFO: Run WriteHtmlCache Behavior [ RunTime:0.000189s ]
INFO: Run ShowRuntime Behavior [ RunTime:0.000359s ]
INFO: [ view_filter ] --END-- [ RunTime:0.001587s ]
INFO: [ view_end ] --START--
INFO: Run ShowPageTrace Behavior [ RunTime:0.000452s ]
INFO: [ view_end ] --END-- [ RunTime:0.000498s ]

[ 2014-06-06T22:00:48+08:00 ] 127.0.0.1 /wyulianjiang/index.php/Discuss/
INFO: [ route_check ] --START--
INFO: Run CheckRoute Behavior [ RunTime:0.000508s ]
INFO: [ route_check ] --END-- [ RunTime:0.000575s ]
INFO: [ app_begin ] --START--
INFO: Run ReadHtmlCache Behavior [ RunTime:0.000368s ]
INFO: [ app_begin ] --END-- [ RunTime:0.000422s ]
INFO: [ view_template ] --START--
INFO: Run LocationTemplate Behavior [ RunTime:0.000270s ]
INFO: [ view_template ] --END-- [ RunTime:0.000315s ]
INFO: [ view_parse ] --START--
INFO: Run ParseTemplate Behavior [ RunTime:0.007774s ]
INFO: [ view_parse ] --END-- [ RunTime:0.007852s ]
INFO: [ view_filter ] --START--
INFO: Run ContentReplace Behavior [ RunTime:0.000478s ]
INFO: Run TokenBuild Behavior [ RunTime:0.000275s ]
INFO: Run WriteHtmlCache Behavior [ RunTime:0.000217s ]
INFO: Run ShowRuntime Behavior [ RunTime:0.000316s ]
INFO: [ view_filter ] --END-- [ RunTime:0.001403s ]
INFO: [ view_end ] --START--
INFO: Run ShowPageTrace Behavior [ RunTime:0.000368s ]
INFO: [ view_end ] --END-- [ RunTime:0.000408s ]

[ 2014-06-06T22:10:57+08:00 ] 127.0.0.1 /wyulianjiang/index.php/Source/
INFO: [ route_check ] --START--
INFO: Run CheckRoute Behavior [ RunTime:0.000726s ]
INFO: [ route_check ] --END-- [ RunTime:0.000809s ]
INFO: [ app_begin ] --START--
INFO: Run ReadHtmlCache Behavior [ RunTime:0.000470s ]
INFO: [ app_begin ] --END-- [ RunTime:0.000523s ]
SQL: SHOW COLUMNS FROM `lj_source` [ RunTime:0.002865s ]
SQL: SELECT COUNT(*) AS tp_count FROM `lj_source` WHERE ( `status` = 0 ) LIMIT 1   [ RunTime:0.000270s ]
SQL: SELECT * FROM `lj_source` WHERE ( `status` = 0 ) ORDER BY addtime desc LIMIT 0,10   [ RunTime:0.000683s ]
SQL: SHOW COLUMNS FROM `lj_user` [ RunTime:0.002650s ]
SQL: SELECT `username` FROM `lj_user` WHERE ( 1=1 AND userid='AP1006429' ) LIMIT 1   [ RunTime:0.000217s ]
SQL: SELECT `username` FROM `lj_user` WHERE ( 1=1 AND userid='AP1006429' ) LIMIT 1   [ RunTime:0.000151s ]
SQL: SELECT `username` FROM `lj_user` WHERE ( 1=1 AND userid='ap1006429' ) LIMIT 1   [ RunTime:0.000149s ]
SQL: SELECT `username` FROM `lj_user` WHERE ( 1=1 AND userid='ap1006429' ) LIMIT 1   [ RunTime:0.000154s ]
SQL: SELECT `username` FROM `lj_user` WHERE ( 1=1 AND userid='AP1006453' ) LIMIT 1   [ RunTime:0.000137s ]
SQL: SELECT `username` FROM `lj_user` WHERE ( 1=1 AND userid='AP1006429' ) LIMIT 1   [ RunTime:0.000140s ]
SQL: SELECT `username` FROM `lj_user` WHERE ( 1=1 AND userid='AP1006419' ) LIMIT 1   [ RunTime:0.000130s ]
SQL: SELECT `username` FROM `lj_user` WHERE ( 1=1 AND userid='AP1006429' ) LIMIT 1   [ RunTime:0.000140s ]
SQL: SELECT `username` FROM `lj_user` WHERE ( 1=1 AND userid='AP1006429' ) LIMIT 1   [ RunTime:0.000135s ]
SQL: SELECT `username` FROM `lj_user` WHERE ( 1=1 AND userid='AP1006429' ) LIMIT 1   [ RunTime:0.000137s ]
INFO: [ view_template ] --START--
INFO: Run LocationTemplate Behavior [ RunTime:0.000787s ]
INFO: [ view_template ] --END-- [ RunTime:0.000837s ]
INFO: [ view_parse ] --START--
INFO: Run ParseTemplate Behavior [ RunTime:0.012237s ]
INFO: [ view_parse ] --END-- [ RunTime:0.012303s ]
INFO: [ view_filter ] --START--
INFO: Run ContentReplace Behavior [ RunTime:0.000829s ]
INFO: Run TokenBuild Behavior [ RunTime:0.000417s ]
INFO: Run WriteHtmlCache Behavior [ RunTime:0.000293s ]
INFO: Run ShowRuntime Behavior [ RunTime:0.000444s ]
INFO: [ view_filter ] --END-- [ RunTime:0.002114s ]
INFO: [ view_end ] --START--
INFO: Run ShowPageTrace Behavior [ RunTime:0.000504s ]
INFO: [ view_end ] --END-- [ RunTime:0.000555s ]

[ 2014-06-06T22:10:57+08:00 ] 127.0.0.1 /wyulianjiang/index.php/Activity/
INFO: [ route_check ] --START--
INFO: Run CheckRoute Behavior [ RunTime:0.000814s ]
INFO: [ route_check ] --END-- [ RunTime:0.000942s ]
INFO: [ app_begin ] --START--
INFO: Run ReadHtmlCache Behavior [ RunTime:0.000677s ]
INFO: [ app_begin ] --END-- [ RunTime:0.000776s ]
SQL: SHOW COLUMNS FROM `lj_activity` [ RunTime:0.002990s ]
SQL: SELECT COUNT(*) AS tp_count FROM `lj_activity` LIMIT 1   [ RunTime:0.000271s ]
SQL: SELECT * FROM `lj_activity` WHERE ( `status` = 0 ) ORDER BY priority,begintime desc LIMIT 0,15   [ RunTime:0.000394s ]
SQL: SHOW COLUMNS FROM `lj_admin` [ RunTime:0.003599s ]
SQL: SELECT `adminname` FROM `lj_admin` WHERE ( 1=1 AND adminid='' ) LIMIT 1   [ RunTime:0.000224s ]
SQL: SELECT `adminname` FROM `lj_admin` WHERE ( 1=1 AND adminid='' ) LIMIT 1   [ RunTime:0.000192s ]
SQL: SELECT `adminname` FROM `lj_admin` WHERE ( 1=1 AND adminid='adminxc' ) LIMIT 1   [ RunTime:0.000266s ]
SQL: SELECT `adminname` FROM `lj_admin` WHERE ( 1=1 AND adminid='adminxc' ) LIMIT 1   [ RunTime:0.000180s ]
SQL: SELECT `adminname` FROM `lj_admin` WHERE ( 1=1 AND adminid='adminxc' ) LIMIT 1   [ RunTime:0.000142s ]
SQL: SELECT `adminname` FROM `lj_admin` WHERE ( 1=1 AND adminid='' ) LIMIT 1   [ RunTime:0.000143s ]
NOTIC: [8] Use of undefined constant activitylist - assumed 'activitylist' F:\server\workspace\wyulianjiang\LjHome\Lib\Action\ActivityAction.class.php 第 21 行.
INFO: [ view_template ] --START--
INFO: Run LocationTemplate Behavior [ RunTime:0.000906s ]
INFO: [ view_template ] --END-- [ RunTime:0.000984s ]
INFO: [ view_parse ] --START--
INFO: Run ParseTemplate Behavior [ RunTime:0.010661s ]
INFO: [ view_parse ] --END-- [ RunTime:0.010739s ]
INFO: [ view_filter ] --START--
INFO: Run ContentReplace Behavior [ RunTime:0.000558s ]
INFO: Run TokenBuild Behavior [ RunTime:0.000295s ]
INFO: Run WriteHtmlCache Behavior [ RunTime:0.000201s ]
INFO: Run ShowRuntime Behavior [ RunTime:0.000336s ]
INFO: [ view_filter ] --END-- [ RunTime:0.001518s ]
INFO: [ view_end ] --START--
INFO: Run ShowPageTrace Behavior [ RunTime:0.000397s ]
INFO: [ view_end ] --END-- [ RunTime:0.000440s ]

