[ 2014-08-13T01:05:37+08:00 ] ERR: (ThinkException) 非法操作:__url__
[ 2014-08-13T01:05:43+08:00 ] ERR: (ThinkException) 非法操作:__url__
[ 2014-08-13T01:07:39+08:00 ] ERR: (ThinkException) 非法操作:__url__
[ 2014-08-13T01:10:01+08:00 ] ERR: (ThinkException) 非法操作:__url__
[ 2014-08-13T01:10:27+08:00 ] ERR: (ThinkException) 非法操作:__url__
[ 2014-08-13T01:10:54+08:00 ] ERR: (ThinkException) 非法操作:__url__
[ 2014-08-13T01:13:08+08:00 ] ERR: (ThinkException) 非法操作:__url__
[ 2014-08-13T01:13:56+08:00 ] ERR: (ThinkException) 非法操作:__url__
[ 2014-08-13T01:14:09+08:00 ] ERR: (ThinkException) 非法操作:upload
[ 2014-08-13T01:15:24+08:00 ] ERR: (ThinkException) 无法加载模块:_URL__
[ 2014-08-13T01:15:46+08:00 ] ERR: (ThinkException) 无法加载模块:_URL__
[ 2014-08-13T01:16:13+08:00 ] ERR: (ThinkException) 无法加载模块:_URL__
[ 2014-08-13T01:19:08+08:00 ] ERR: (ThinkException) 无法加载模块:_URL__
[ 2014-08-13T01:19:31+08:00 ] ERR: (ThinkException) 无法加载模块:_URL__
[ 2014-08-13T01:20:05+08:00 ] ERR: (ThinkException) 无法加载模块:_URL__
[ 2014-08-13T01:20:16+08:00 ] ERR: (ThinkException) 无法加载模块:_URL__
[ 2014-08-13T01:25:07+08:00 ] ERR: (ThinkException) 非法操作:__url__
[ 2014-08-13T01:25:14+08:00 ] ERR: (ThinkException) 无法加载模块:_URL__
[ 2014-08-13T01:25:19+08:00 ] ERR: (ThinkException) 无法加载模块:_URL__
[ 2014-08-13T01:25:33+08:00 ] ERR: (ThinkException) 无法加载模块:_URL__
[ 2014-08-13T01:25:59+08:00 ] ERR: (ThinkException) 无法加载模块:_URL__
[ 2014-08-13T01:26:24+08:00 ] ERR: (ThinkException) 无法加载模块:_URL__
[ 2014-08-13T01:27:49+08:00 ] ERR: (ThinkException) 非法操作:upload
[ 2014-08-13T01:28:04+08:00 ] ERR: (ThinkException) 非法操作:upload
[ 2014-08-13T01:28:18+08:00 ] ERR: (ThinkException) 非法操作:upload
[ 2014-08-13T01:29:21+08:00 ] ERR: (ThinkException) 非法操作:upload
[ 2014-08-13T01:31:47+08:00 ] ERR: (ThinkException) 非法操作:upload
[ 2014-08-13T01:32:12+08:00 ] ERR: (ThinkException) 非法操作:upload
[ 2014-08-13T01:33:50+08:00 ] ERR: (ThinkException) 非法操作:upload
[ 2014-08-13T01:34:27+08:00 ] ERR: (ThinkException) 非法操作:upload
[ 2014-08-13T01:35:39+08:00 ] ERR: (ThinkException) 非法操作:upload
[ 2014-08-13T01:35:43+08:00 ] ERR: (ThinkException) 非法操作:upload
[ 2014-08-13T01:35:44+08:00 ] ERR: (ThinkException) 非法操作:upload
[ 2014-08-13T01:35:48+08:00 ] ERR: (ThinkException) 非法操作:upload
[ 2014-08-13T01:35:49+08:00 ] ERR: (ThinkException) 非法操作:upload
[ 2014-08-13T01:35:52+08:00 ] ERR: (ThinkException) 非法操作:upload
[ 2014-08-13T01:35:54+08:00 ] ERR: (ThinkException) 非法操作:upload
[ 2014-08-13T01:36:03+08:00 ] ERR: (ThinkException) 非法操作:upload
[ 2014-08-13T01:36:08+08:00 ] ERR: (ThinkException) 非法操作:upload
[ 2014-08-13T01:39:34+08:00 ] ERR: (ThinkException) 非法操作:upload
[ 2014-08-13T11:35:44+08:00 ] ERR: (ThinkException) 非法操作:add
[ 2014-08-13T11:35:48+08:00 ] ERR: (ThinkException) 非法操作:add
[ 2014-08-13T22:08:15+08:00 ] ERR: (ThinkException) 非法操作:add
[ 2014-08-13T22:09:50+08:00 ] ERR: (ThinkException) 非法操作:add
[ 2014-08-13T22:10:07+08:00 ] ERR: (ThinkException) 非法操作:add
[ 2014-08-13T22:28:23+08:00 ] ERR: (ThinkException) 非法操作:activity
