[ 2014-06-15T00:10:45+08:00 ] 127.0.0.1 /wyulianjiang/index.php
INFO: [ app_begin ] --START--
INFO: Run ReadHtmlCache Behavior [ RunTime:0.023309s ]
INFO: [ app_begin ] --END-- [ RunTime:0.024245s ]
SQL: SHOW COLUMNS FROM `lj_source` [ RunTime:0.032229s ]
SQL: SELECT `sourceid`,`showname` FROM `lj_source` WHERE ( `status` = 0 ) ORDER BY downloadcount desc LIMIT 5   [ RunTime:0.002887s ]
SQL: SHOW COLUMNS FROM `lj_showpicture` [ RunTime:0.006176s ]
SQL: SELECT * FROM `lj_showpicture` WHERE ( status=1 ) ORDER BY showpictureid desc LIMIT 10   [ RunTime:0.000263s ]
SQL: SHOW COLUMNS FROM `lj_article` [ RunTime:0.004906s ]
SQL: SELECT `articleid`,`title`,`slidepicture` FROM `lj_article` WHERE ( slidestatus=1 ) ORDER BY addtime desc LIMIT 5   [ RunTime:0.000318s ]
SQL: SELECT `articleid`,`title`,`addtime` FROM `lj_article` WHERE ( classid=0 ) ORDER BY priority,addtime desc LIMIT 5   [ RunTime:0.000777s ]
SQL: SHOW COLUMNS FROM `lj_website` [ RunTime:0.004213s ]
SQL: SHOW COLUMNS FROM `lj_website` [ RunTime:0.002461s ]
SQL: SELECT * FROM `lj_website` WHERE ( `group` = 'contact' )  [ RunTime:0.000860s ]
SQL: SHOW COLUMNS FROM `lj_link` [ RunTime:0.005207s ]
SQL: SELECT * FROM `lj_link` WHERE ( linkstatus=0 ) ORDER BY linkid LIMIT 5   [ RunTime:0.000251s ]
SQL: SELECT `articleid`,`title`,`addtime` FROM `lj_article` WHERE ( classid=1 ) ORDER BY priority,addtime desc LIMIT 5   [ RunTime:0.000263s ]
SQL: SHOW COLUMNS FROM `lj_activity` [ RunTime:0.005998s ]
SQL: SELECT `activityid`,`title`,`begintime` FROM `lj_activity` WHERE ( status=0 ) ORDER BY priority,begintime desc LIMIT 4   [ RunTime:0.000283s ]
SQL: SHOW COLUMNS FROM `lj_borrow` [ RunTime:0.006022s ]
SQL: SELECT * FROM `lj_borrow` ORDER BY borrowid desc LIMIT 4   [ RunTime:0.000241s ]
SQL: SHOW COLUMNS FROM `lj_user` [ RunTime:0.005633s ]
SQL: SELECT * FROM `lj_user` WHERE ( 1=1 AND userid='ap1006454' ) LIMIT 1   [ RunTime:0.000306s ]
SQL: SELECT * FROM `lj_user` WHERE ( 1=1 AND userid='' ) LIMIT 1   [ RunTime:0.000201s ]
SQL: SHOW COLUMNS FROM `lj_book` [ RunTime:0.005451s ]
SQL: SELECT * FROM `lj_book` WHERE ( 1=1 AND isbn='9781840785371' ) LIMIT 1   [ RunTime:0.000830s ]
SQL: SELECT * FROM `lj_user` WHERE ( 1=1 AND userid='ap1006429' ) LIMIT 1   [ RunTime:0.000217s ]
SQL: SELECT * FROM `lj_user` WHERE ( 1=1 AND userid='' ) LIMIT 1   [ RunTime:0.000177s ]
SQL: SELECT * FROM `lj_book` WHERE ( 1=1 AND isbn='9787040195835' ) LIMIT 1   [ RunTime:0.000185s ]
SQL: SELECT * FROM `lj_user` WHERE ( 1=1 AND userid='AP1006453' ) LIMIT 1   [ RunTime:0.000172s ]
SQL: SELECT * FROM `lj_user` WHERE ( 1=1 AND userid='' ) LIMIT 1   [ RunTime:0.000166s ]
SQL: SELECT * FROM `lj_book` WHERE ( 1=1 AND isbn='9787550228559' ) LIMIT 1   [ RunTime:0.000169s ]
SQL: SELECT * FROM `lj_user` WHERE ( 1=1 AND userid='AP1006453' ) LIMIT 1   [ RunTime:0.000165s ]
SQL: SELECT * FROM `lj_user` WHERE ( 1=1 AND userid='' ) LIMIT 1   [ RunTime:0.000154s ]
SQL: SELECT * FROM `lj_book` WHERE ( 1=1 AND isbn='9787807590231' ) LIMIT 1   [ RunTime:0.000161s ]
INFO: [ view_template ] --START--
INFO: Run LocationTemplate Behavior [ RunTime:0.057057s ]
INFO: [ view_template ] --END-- [ RunTime:0.057144s ]
INFO: [ view_parse ] --START--
NOTIC: [8] Undefined index: userid F:\server\workspace\wyulianjiang\LjHome\Runtime\Cache\9db315b8a37b3c9f6a562a8ca9a15572.php 第 249 行.
INFO: Run ParseTemplate Behavior [ RunTime:0.434307s ]
INFO: [ view_parse ] --END-- [ RunTime:0.434377s ]
INFO: [ view_filter ] --START--
INFO: Run ContentReplace Behavior [ RunTime:0.012055s ]
INFO: Run TokenBuild Behavior [ RunTime:0.013621s ]
INFO: Run WriteHtmlCache Behavior [ RunTime:0.000764s ]
INFO: Run ShowRuntime Behavior [ RunTime:0.008252s ]
INFO: [ view_filter ] --END-- [ RunTime:0.034879s ]
INFO: [ view_end ] --START--
INFO: Run ShowPageTrace Behavior [ RunTime:0.017234s ]
INFO: [ view_end ] --END-- [ RunTime:0.017298s ]

[ 2014-06-15T00:10:48+08:00 ] ERR: (ThinkException) 无法加载模块:Showpicture
[ 2014-06-15T00:11:01+08:00 ] 127.0.0.1 /wyulianjiang/index.php/Website/about
INFO: [ route_check ] --START--
INFO: Run CheckRoute Behavior [ RunTime:0.000688s ]
INFO: [ route_check ] --END-- [ RunTime:0.000763s ]
INFO: [ app_begin ] --START--
INFO: Run ReadHtmlCache Behavior [ RunTime:0.000487s ]
INFO: [ app_begin ] --END-- [ RunTime:0.000558s ]
SQL: SHOW COLUMNS FROM `lj_website` [ RunTime:0.002856s ]
SQL: SHOW COLUMNS FROM `lj_website` [ RunTime:0.002408s ]
SQL: SELECT * FROM `lj_website` WHERE ( `group` = 'about' )  [ RunTime:0.000294s ]
INFO: [ view_template ] --START--
INFO: Run LocationTemplate Behavior [ RunTime:0.032164s ]
INFO: [ view_template ] --END-- [ RunTime:0.032242s ]
INFO: [ view_parse ] --START--
INFO: Run ParseTemplate Behavior [ RunTime:0.045134s ]
INFO: [ view_parse ] --END-- [ RunTime:0.045212s ]
INFO: [ view_filter ] --START--
INFO: Run ContentReplace Behavior [ RunTime:0.000656s ]
INFO: Run TokenBuild Behavior [ RunTime:0.000452s ]
INFO: Run WriteHtmlCache Behavior [ RunTime:0.000358s ]
INFO: Run ShowRuntime Behavior [ RunTime:0.000483s ]
INFO: [ view_filter ] --END-- [ RunTime:0.002076s ]
INFO: [ view_end ] --START--
INFO: Run ShowPageTrace Behavior [ RunTime:0.000568s ]
INFO: [ view_end ] --END-- [ RunTime:0.000608s ]

[ 2014-06-15T00:11:05+08:00 ] 127.0.0.1 /wyulianjiang/index.php/Article/newslist
INFO: [ route_check ] --START--
INFO: Run CheckRoute Behavior [ RunTime:0.000775s ]
INFO: [ route_check ] --END-- [ RunTime:0.000858s ]
INFO: [ app_begin ] --START--
INFO: Run ReadHtmlCache Behavior [ RunTime:0.000522s ]
INFO: [ app_begin ] --END-- [ RunTime:0.000582s ]
SQL: SHOW COLUMNS FROM `lj_article` [ RunTime:0.002863s ]
SQL: SELECT COUNT(*) AS tp_count FROM `lj_article` WHERE ( `classid` = 1 ) LIMIT 1   [ RunTime:0.000870s ]
SQL: SELECT * FROM `lj_article` WHERE ( `classid` = 1 ) ORDER BY priority,addtime desc LIMIT 0,10   [ RunTime:0.000588s ]
SQL: SHOW COLUMNS FROM `lj_admin` [ RunTime:0.004588s ]
SQL: SELECT `adminname` FROM `lj_admin` WHERE ( 1=1 AND adminid='admin' ) LIMIT 1   [ RunTime:0.000236s ]
SQL: SHOW COLUMNS FROM `lj_class` [ RunTime:0.004846s ]
SQL: SELECT `name` FROM `lj_class` WHERE ( 1=1 AND classid='1' ) LIMIT 1   [ RunTime:0.000234s ]
SQL: SELECT `adminname` FROM `lj_admin` WHERE ( 1=1 AND adminid='admin' ) LIMIT 1   [ RunTime:0.000155s ]
SQL: SELECT `name` FROM `lj_class` WHERE ( 1=1 AND classid='1' ) LIMIT 1   [ RunTime:0.000146s ]
SQL: SELECT `adminname` FROM `lj_admin` WHERE ( 1=1 AND adminid='adminxc' ) LIMIT 1   [ RunTime:0.000156s ]
SQL: SELECT `name` FROM `lj_class` WHERE ( 1=1 AND classid='1' ) LIMIT 1   [ RunTime:0.000145s ]
SQL: SELECT `adminname` FROM `lj_admin` WHERE ( 1=1 AND adminid='admin' ) LIMIT 1   [ RunTime:0.000142s ]
SQL: SELECT `name` FROM `lj_class` WHERE ( 1=1 AND classid='1' ) LIMIT 1   [ RunTime:0.000148s ]
SQL: SELECT `adminname` FROM `lj_admin` WHERE ( 1=1 AND adminid='admin' ) LIMIT 1   [ RunTime:0.000141s ]
SQL: SELECT `name` FROM `lj_class` WHERE ( 1=1 AND classid='1' ) LIMIT 1   [ RunTime:0.000139s ]
SQL: SELECT `adminname` FROM `lj_admin` WHERE ( 1=1 AND adminid='admin' ) LIMIT 1   [ RunTime:0.000144s ]
SQL: SELECT `name` FROM `lj_class` WHERE ( 1=1 AND classid='1' ) LIMIT 1   [ RunTime:0.000139s ]
SQL: SELECT `adminname` FROM `lj_admin` WHERE ( 1=1 AND adminid='admin' ) LIMIT 1   [ RunTime:0.000137s ]
SQL: SELECT `name` FROM `lj_class` WHERE ( 1=1 AND classid='1' ) LIMIT 1   [ RunTime:0.000135s ]
SQL: SELECT `adminname` FROM `lj_admin` WHERE ( 1=1 AND adminid='admin' ) LIMIT 1   [ RunTime:0.000142s ]
SQL: SELECT `name` FROM `lj_class` WHERE ( 1=1 AND classid='1' ) LIMIT 1   [ RunTime:0.000136s ]
SQL: SELECT `adminname` FROM `lj_admin` WHERE ( 1=1 AND adminid='admin' ) LIMIT 1   [ RunTime:0.000137s ]
SQL: SELECT `name` FROM `lj_class` WHERE ( 1=1 AND classid='1' ) LIMIT 1   [ RunTime:0.000135s ]
SQL: SELECT `adminname` FROM `lj_admin` WHERE ( 1=1 AND adminid='admin' ) LIMIT 1   [ RunTime:0.000135s ]
SQL: SELECT `name` FROM `lj_class` WHERE ( 1=1 AND classid='1' ) LIMIT 1   [ RunTime:0.000137s ]
INFO: [ view_template ] --START--
INFO: Run LocationTemplate Behavior [ RunTime:0.010167s ]
INFO: [ view_template ] --END-- [ RunTime:0.010250s ]
INFO: [ view_parse ] --START--
INFO: Run ParseTemplate Behavior [ RunTime:0.087484s ]
INFO: [ view_parse ] --END-- [ RunTime:0.087561s ]
INFO: [ view_filter ] --START--
INFO: Run ContentReplace Behavior [ RunTime:0.000782s ]
INFO: Run TokenBuild Behavior [ RunTime:0.000467s ]
INFO: Run WriteHtmlCache Behavior [ RunTime:0.000366s ]
INFO: Run ShowRuntime Behavior [ RunTime:0.000476s ]
INFO: [ view_filter ] --END-- [ RunTime:0.002219s ]
INFO: [ view_end ] --START--
INFO: Run ShowPageTrace Behavior [ RunTime:0.000586s ]
INFO: [ view_end ] --END-- [ RunTime:0.000631s ]

