[ 2014-05-12T20:35:37+08:00 ] 127.0.0.1 /wyulianjiang/ljadmin.php/Admin/checkId?adminid=addssds
INFO: [ app_begin ] --START--
INFO: Run ReadHtmlCache Behavior [ RunTime:0.000559s ]
INFO: [ app_begin ] --END-- [ RunTime:0.000637s ]
SQL: SHOW COLUMNS FROM `lj_admin` [ RunTime:0.002576s ]
SQL: SELECT COUNT(*) AS tp_count FROM `lj_admin` WHERE ( `adminid` = 'addssds' ) LIMIT 1   [ RunTime:0.000256s ]

[ 2014-05-12T20:36:37+08:00 ] 127.0.0.1 /wyulianjiang/ljadmin.php/Admin/checkId?adminid=aaaaaa
INFO: [ app_begin ] --START--
INFO: Run ReadHtmlCache Behavior [ RunTime:0.000347s ]
INFO: [ app_begin ] --END-- [ RunTime:0.000389s ]
SQL: SHOW COLUMNS FROM `lj_admin` [ RunTime:0.002579s ]
SQL: SELECT COUNT(*) AS tp_count FROM `lj_admin` WHERE ( `adminid` = 'aaaaaa' ) LIMIT 1   [ RunTime:0.000260s ]

[ 2014-05-12T21:17:38+08:00 ] 127.0.0.1 /wyulianjiang/ljadmin.php/Admin/checkId?adminid=adminaaa
INFO: [ app_begin ] --START--
INFO: Run ReadHtmlCache Behavior [ RunTime:0.000445s ]
INFO: [ app_begin ] --END-- [ RunTime:0.000494s ]
SQL: SHOW COLUMNS FROM `lj_admin` [ RunTime:0.002676s ]
SQL: SELECT COUNT(*) AS tp_count FROM `lj_admin` WHERE ( `adminid` = 'adminaaa' ) LIMIT 1   [ RunTime:0.000227s ]

[ 2014-05-12T21:17:57+08:00 ] 127.0.0.1 /wyulianjiang/ljadmin.php/Admin/checkId?adminid=adminaa
INFO: [ app_begin ] --START--
INFO: Run ReadHtmlCache Behavior [ RunTime:0.000373s ]
INFO: [ app_begin ] --END-- [ RunTime:0.000417s ]
SQL: SHOW COLUMNS FROM `lj_admin` [ RunTime:0.002628s ]
SQL: SELECT COUNT(*) AS tp_count FROM `lj_admin` WHERE ( `adminid` = 'adminaa' ) LIMIT 1   [ RunTime:0.000262s ]

[ 2014-05-12T21:19:44+08:00 ] 127.0.0.1 /wyulianjiang/ljadmin.php/Admin/checkId?adminid=admin
INFO: [ app_begin ] --START--
INFO: Run ReadHtmlCache Behavior [ RunTime:0.000448s ]
INFO: [ app_begin ] --END-- [ RunTime:0.000493s ]
SQL: SHOW COLUMNS FROM `lj_admin` [ RunTime:0.002587s ]
SQL: SELECT COUNT(*) AS tp_count FROM `lj_admin` WHERE ( `adminid` = 'admin' ) LIMIT 1   [ RunTime:0.000277s ]

[ 2014-05-12T21:19:46+08:00 ] 127.0.0.1 /wyulianjiang/ljadmin.php/Admin/checkId?adminid=adminaa
INFO: [ app_begin ] --START--
INFO: Run ReadHtmlCache Behavior [ RunTime:0.000349s ]
INFO: [ app_begin ] --END-- [ RunTime:0.000393s ]
SQL: SHOW COLUMNS FROM `lj_admin` [ RunTime:0.002548s ]
SQL: SELECT COUNT(*) AS tp_count FROM `lj_admin` WHERE ( `adminid` = 'adminaa' ) LIMIT 1   [ RunTime:0.000218s ]

[ 2014-05-12T21:21:08+08:00 ] 127.0.0.1 /wyulianjiang/ljadmin.php/Admin/checkId?adminid=aaaaaaa
INFO: [ app_begin ] --START--
INFO: Run ReadHtmlCache Behavior [ RunTime:0.000365s ]
INFO: [ app_begin ] --END-- [ RunTime:0.000413s ]
SQL: SHOW COLUMNS FROM `lj_admin` [ RunTime:0.002467s ]
SQL: SELECT COUNT(*) AS tp_count FROM `lj_admin` WHERE ( `adminid` = 'aaaaaaa' ) LIMIT 1   [ RunTime:0.000253s ]

[ 2014-05-12T21:24:27+08:00 ] 127.0.0.1 /wyulianjiang/ljadmin.php/Admin/checkId?adminid=aaaaaaa
INFO: [ app_begin ] --START--
INFO: Run ReadHtmlCache Behavior [ RunTime:0.000383s ]
INFO: [ app_begin ] --END-- [ RunTime:0.000431s ]
SQL: SHOW COLUMNS FROM `lj_admin` [ RunTime:0.002625s ]
SQL: SELECT COUNT(*) AS tp_count FROM `lj_admin` WHERE ( `adminid` = 'aaaaaaa' ) LIMIT 1   [ RunTime:0.000256s ]

[ 2014-05-12T21:24:30+08:00 ] 127.0.0.1 /wyulianjiang/ljadmin.php/Admin/checkId?adminid=aaaaaaa
INFO: [ app_begin ] --START--
INFO: Run ReadHtmlCache Behavior [ RunTime:0.000406s ]
INFO: [ app_begin ] --END-- [ RunTime:0.000452s ]
SQL: SHOW COLUMNS FROM `lj_admin` [ RunTime:0.002638s ]
SQL: SELECT COUNT(*) AS tp_count FROM `lj_admin` WHERE ( `adminid` = 'aaaaaaa' ) LIMIT 1   [ RunTime:0.000258s ]

[ 2014-05-12T21:24:32+08:00 ] 127.0.0.1 /wyulianjiang/ljadmin.php/Admin/checkId?adminid=aaaaaaaa
INFO: [ app_begin ] --START--
INFO: Run ReadHtmlCache Behavior [ RunTime:0.000367s ]
INFO: [ app_begin ] --END-- [ RunTime:0.000421s ]
SQL: SHOW COLUMNS FROM `lj_admin` [ RunTime:0.002524s ]
SQL: SELECT COUNT(*) AS tp_count FROM `lj_admin` WHERE ( `adminid` = 'aaaaaaaa' ) LIMIT 1   [ RunTime:0.000222s ]

[ 2014-05-12T21:28:34+08:00 ] 127.0.0.1 /wyulianjiang/ljadmin.php/Admin/checkId?adminid=adminaad
INFO: [ app_begin ] --START--
INFO: Run ReadHtmlCache Behavior [ RunTime:0.000361s ]
INFO: [ app_begin ] --END-- [ RunTime:0.000407s ]
SQL: SHOW COLUMNS FROM `lj_admin` [ RunTime:0.002795s ]
SQL: SELECT COUNT(*) AS tp_count FROM `lj_admin` WHERE ( `adminid` = 'adminaad' ) LIMIT 1   [ RunTime:0.000234s ]

[ 2014-05-12T21:29:39+08:00 ] 127.0.0.1 /wyulianjiang/ljadmin.php/Admin/checkId?adminid=adminxc
INFO: [ app_begin ] --START--
INFO: Run ReadHtmlCache Behavior [ RunTime:0.000375s ]
INFO: [ app_begin ] --END-- [ RunTime:0.000423s ]
SQL: SHOW COLUMNS FROM `lj_admin` [ RunTime:0.002575s ]
SQL: SELECT COUNT(*) AS tp_count FROM `lj_admin` WHERE ( `adminid` = 'adminxc' ) LIMIT 1   [ RunTime:0.000251s ]

[ 2014-05-12T21:31:57+08:00 ] 127.0.0.1 /wyulianjiang/ljadmin.php/Admin/checkId?adminid=adminwl
INFO: [ app_begin ] --START--
INFO: Run ReadHtmlCache Behavior [ RunTime:0.000450s ]
INFO: [ app_begin ] --END-- [ RunTime:0.000500s ]
SQL: SHOW COLUMNS FROM `lj_admin` [ RunTime:0.002700s ]
SQL: SELECT COUNT(*) AS tp_count FROM `lj_admin` WHERE ( `adminid` = 'adminwl' ) LIMIT 1   [ RunTime:0.000215s ]

[ 2014-05-12T21:33:23+08:00 ] ERR: (ThinkException) 非法操作:listxiangmuxinxi
[ 2014-05-12T21:47:59+08:00 ] ERR: (ThinkException) 非法操作:listgongzitype
[ 2014-05-12T21:48:00+08:00 ] ERR: (ThinkException) 非法操作:listmonthyuangonggongzi
[ 2014-05-12T21:48:06+08:00 ] ERR: (ThinkException) 非法操作:listkehuxinxi
[ 2014-05-12T21:48:07+08:00 ] ERR: (ThinkException) 非法操作:listkehuxinxi
[ 2014-05-12T21:48:08+08:00 ] ERR: (ThinkException) 非法操作:listkehuxinxi
[ 2014-05-12T21:48:10+08:00 ] ERR: (ThinkException) 非法操作:listxiangmuxinxi
[ 2014-05-12T21:48:10+08:00 ] ERR: (ThinkException) 非法操作:listjihua
[ 2014-05-12T21:48:11+08:00 ] ERR: (ThinkException) 非法操作:listxuqiu
[ 2014-05-12T21:48:14+08:00 ] ERR: (ThinkException) 非法操作:listxiaoxi
[ 2014-05-12T21:48:31+08:00 ] ERR: (ThinkException) 非法操作:listxiaoxi
[ 2014-05-12T21:48:34+08:00 ] ERR: (ThinkException) 非法操作:listxiaoxi
[ 2014-05-12T21:49:57+08:00 ] 127.0.0.1 /wyulianjiang/ljadmin.php/Admin/checkId?adminid=aadmidmd
INFO: [ app_begin ] --START--
INFO: Run ReadHtmlCache Behavior [ RunTime:0.000430s ]
INFO: [ app_begin ] --END-- [ RunTime:0.000478s ]
SQL: SHOW COLUMNS FROM `lj_admin` [ RunTime:0.002705s ]
SQL: SELECT COUNT(*) AS tp_count FROM `lj_admin` WHERE ( `adminid` = 'aadmidmd' ) LIMIT 1   [ RunTime:0.000281s ]

[ 2014-05-12T21:50:35+08:00 ] 127.0.0.1 /wyulianjiang/ljadmin.php/Admin/checkId?adminid=aaaaaa
INFO: [ app_begin ] --START--
INFO: Run ReadHtmlCache Behavior [ RunTime:0.000342s ]
INFO: [ app_begin ] --END-- [ RunTime:0.000386s ]
SQL: SHOW COLUMNS FROM `lj_admin` [ RunTime:0.002609s ]
SQL: SELECT COUNT(*) AS tp_count FROM `lj_admin` WHERE ( `adminid` = 'aaaaaa' ) LIMIT 1   [ RunTime:0.000214s ]

[ 2014-05-12T21:50:42+08:00 ] 127.0.0.1 /wyulianjiang/ljadmin.php/Admin/checkId?adminid=aaaaaa1
INFO: [ app_begin ] --START--
INFO: Run ReadHtmlCache Behavior [ RunTime:0.000352s ]
INFO: [ app_begin ] --END-- [ RunTime:0.000398s ]
SQL: SHOW COLUMNS FROM `lj_admin` [ RunTime:0.002617s ]
SQL: SELECT COUNT(*) AS tp_count FROM `lj_admin` WHERE ( `adminid` = 'aaaaaa1' ) LIMIT 1   [ RunTime:0.000227s ]

[ 2014-05-12T21:52:38+08:00 ] ERR: (ThinkException) 非法操作:listgongzitype
[ 2014-05-12T21:52:47+08:00 ] ERR: (ThinkException) 非法操作:listmonthyuangonggongzi
[ 2014-05-12T21:52:48+08:00 ] ERR: (ThinkException) 非法操作:listgongzitype
[ 2014-05-12T21:52:53+08:00 ] ERR: (ThinkException) 非法操作:listkehuxinxi
[ 2014-05-12T21:52:54+08:00 ] ERR: (ThinkException) 非法操作:listkehuxinxi
[ 2014-05-12T21:52:55+08:00 ] ERR: (ThinkException) 非法操作:listkehuxinxi
[ 2014-05-12T21:58:35+08:00 ] ERR: (ThinkException) 无法加载模块:Activity
[ 2014-05-12T21:58:35+08:00 ] ERR: (ThinkException) 无法加载模块:Activity
[ 2014-05-12T21:58:36+08:00 ] ERR: (ThinkException) 无法加载模块:Activity
[ 2014-05-12T21:58:38+08:00 ] ERR: (ThinkException) 无法加载模块:Book
[ 2014-05-12T21:58:38+08:00 ] ERR: (ThinkException) 无法加载模块:Book
[ 2014-05-12T21:58:39+08:00 ] ERR: (ThinkException) 无法加载模块:Book
[ 2014-05-12T21:58:40+08:00 ] ERR: (ThinkException) 无法加载模块:Book
[ 2014-05-12T22:34:07+08:00 ] ERR: (ThinkException) 非法操作:bookstate
[ 2014-05-12T22:35:04+08:00 ] ERR: (ThinkException) 无法加载模块:Activity
[ 2014-05-12T22:35:07+08:00 ] ERR: (ThinkException) 非法操作:bookstate
[ 2014-05-12T22:36:45+08:00 ] ERR: (ThinkException) 无法加载模块:Activity
[ 2014-05-12T22:39:49+08:00 ] ERR: (ThinkException) 非法操作:getaddactivityui
[ 2014-05-12T22:39:50+08:00 ] ERR: (ThinkException) 非法操作:getaddactivityui
[ 2014-05-12T22:39:53+08:00 ] ERR: (ThinkException) 非法操作:statistics
[ 2014-05-12T22:39:54+08:00 ] ERR: (ThinkException) 非法操作:getaddactivityui
[ 2014-05-12T22:40:22+08:00 ] ERR: (ThinkException) 非法操作:statistics
[ 2014-05-12T23:41:17+08:00 ] ERR: (ThinkException) 非法操作:resetpassword
