[ 2014-06-02T17:18:59+08:00 ] 127.0.0.1 /wyulianjiang/ljadmin.php/Login/login
INFO: [ route_check ] --START--
INFO: Run CheckRoute Behavior [ RunTime:0.000797s ]
INFO: [ route_check ] --END-- [ RunTime:0.000888s ]
INFO: [ app_begin ] --START--
INFO: Run ReadHtmlCache Behavior [ RunTime:0.000489s ]
INFO: [ app_begin ] --END-- [ RunTime:0.000545s ]
SQL: SHOW COLUMNS FROM `lj_admin` [ RunTime:0.002667s ]
SQL: SELECT COUNT(*) AS tp_count FROM `lj_admin` WHERE ( `adminid` = 'adminxc' ) AND ( `password` = 'ab7419140617adc41031c1362a8fb89a' ) LIMIT 1   [ RunTime:0.000313s ]
INFO: [ view_template ] --START--
INFO: Run LocationTemplate Behavior [ RunTime:0.000966s ]
INFO: [ view_template ] --END-- [ RunTime:0.001022s ]
INFO: [ view_parse ] --START--
INFO: Run ParseTemplate Behavior [ RunTime:0.006062s ]
INFO: [ view_parse ] --END-- [ RunTime:0.006132s ]
INFO: [ view_filter ] --START--
INFO: Run ContentReplace Behavior [ RunTime:0.000421s ]
INFO: Run TokenBuild Behavior [ RunTime:0.000374s ]
INFO: Run WriteHtmlCache Behavior [ RunTime:0.000313s ]
INFO: Run ShowRuntime Behavior [ RunTime:0.000433s ]
INFO: [ view_filter ] --END-- [ RunTime:0.001681s ]
INFO: [ view_end ] --START--
INFO: Run ShowPageTrace Behavior [ RunTime:0.000557s ]
INFO: [ view_end ] --END-- [ RunTime:0.000603s ]

[ 2014-06-02T17:19:00+08:00 ] 127.0.0.1 /wyulianjiang/ljadmin.php/index/index.html
INFO: [ route_check ] --START--
INFO: Run CheckRoute Behavior [ RunTime:0.000552s ]
INFO: [ route_check ] --END-- [ RunTime:0.000623s ]
INFO: [ app_begin ] --START--
INFO: Run ReadHtmlCache Behavior [ RunTime:0.000378s ]
INFO: [ app_begin ] --END-- [ RunTime:0.000427s ]
INFO: [ view_template ] --START--
INFO: Run LocationTemplate Behavior [ RunTime:0.000908s ]
INFO: [ view_template ] --END-- [ RunTime:0.000999s ]
INFO: [ view_parse ] --START--
INFO: Run ParseTemplate Behavior [ RunTime:0.025950s ]
INFO: [ view_parse ] --END-- [ RunTime:0.026034s ]
INFO: [ view_filter ] --START--
INFO: Run ContentReplace Behavior [ RunTime:0.000334s ]
INFO: Run TokenBuild Behavior [ RunTime:0.000268s ]
INFO: Run WriteHtmlCache Behavior [ RunTime:0.000194s ]
INFO: Run ShowRuntime Behavior [ RunTime:0.000323s ]
INFO: [ view_filter ] --END-- [ RunTime:0.001293s ]
INFO: [ view_end ] --START--
INFO: Run ShowPageTrace Behavior [ RunTime:0.000384s ]
INFO: [ view_end ] --END-- [ RunTime:0.000424s ]

[ 2014-06-02T17:19:00+08:00 ] 127.0.0.1 /wyulianjiang/ljadmin.php/Index/mainfra.html
INFO: [ route_check ] --START--
INFO: Run CheckRoute Behavior [ RunTime:0.001154s ]
INFO: [ route_check ] --END-- [ RunTime:0.001274s ]
INFO: [ app_begin ] --START--
INFO: Run ReadHtmlCache Behavior [ RunTime:0.000692s ]
INFO: [ app_begin ] --END-- [ RunTime:0.000779s ]
INFO: [ view_template ] --START--
INFO: Run LocationTemplate Behavior [ RunTime:0.000554s ]
INFO: [ view_template ] --END-- [ RunTime:0.000648s ]
INFO: [ view_parse ] --START--
INFO: Run ParseTemplate Behavior [ RunTime:0.023331s ]
INFO: [ view_parse ] --END-- [ RunTime:0.023443s ]
INFO: [ view_filter ] --START--
INFO: Run ContentReplace Behavior [ RunTime:0.000443s ]
INFO: Run TokenBuild Behavior [ RunTime:0.000378s ]
INFO: Run WriteHtmlCache Behavior [ RunTime:0.000290s ]
INFO: Run ShowRuntime Behavior [ RunTime:0.000409s ]
INFO: [ view_filter ] --END-- [ RunTime:0.001661s ]
INFO: [ view_end ] --START--
INFO: Run ShowPageTrace Behavior [ RunTime:0.000510s ]
INFO: [ view_end ] --END-- [ RunTime:0.000555s ]

[ 2014-06-02T17:19:00+08:00 ] 127.0.0.1 /wyulianjiang/ljadmin.php/Index/top.html
INFO: [ route_check ] --START--
INFO: Run CheckRoute Behavior [ RunTime:0.000906s ]
INFO: [ route_check ] --END-- [ RunTime:0.001018s ]
INFO: [ app_begin ] --START--
INFO: Run ReadHtmlCache Behavior [ RunTime:0.000625s ]
INFO: [ app_begin ] --END-- [ RunTime:0.000723s ]
INFO: [ view_template ] --START--
INFO: Run LocationTemplate Behavior [ RunTime:0.000401s ]
INFO: [ view_template ] --END-- [ RunTime:0.000519s ]
INFO: [ view_parse ] --START--
INFO: Run ParseTemplate Behavior [ RunTime:0.021308s ]
INFO: [ view_parse ] --END-- [ RunTime:0.021399s ]
INFO: [ view_filter ] --START--
INFO: Run ContentReplace Behavior [ RunTime:0.000333s ]
INFO: Run TokenBuild Behavior [ RunTime:0.000344s ]
INFO: Run WriteHtmlCache Behavior [ RunTime:0.000305s ]
INFO: Run ShowRuntime Behavior [ RunTime:0.000561s ]
INFO: [ view_filter ] --END-- [ RunTime:0.001734s ]
INFO: [ view_end ] --START--
INFO: Run ShowPageTrace Behavior [ RunTime:0.000708s ]
INFO: [ view_end ] --END-- [ RunTime:0.000798s ]

[ 2014-06-02T17:19:00+08:00 ] 127.0.0.1 /wyulianjiang/ljadmin.php/Index/left.html
INFO: [ route_check ] --START--
INFO: Run CheckRoute Behavior [ RunTime:0.001066s ]
INFO: [ route_check ] --END-- [ RunTime:0.001176s ]
INFO: [ app_begin ] --START--
INFO: Run ReadHtmlCache Behavior [ RunTime:0.000525s ]
INFO: [ app_begin ] --END-- [ RunTime:0.000594s ]
INFO: [ view_template ] --START--
INFO: Run LocationTemplate Behavior [ RunTime:0.000504s ]
INFO: [ view_template ] --END-- [ RunTime:0.000606s ]
INFO: [ view_parse ] --START--
INFO: Run ParseTemplate Behavior [ RunTime:0.045754s ]
INFO: [ view_parse ] --END-- [ RunTime:0.045853s ]
INFO: [ view_filter ] --START--
INFO: Run ContentReplace Behavior [ RunTime:0.000590s ]
INFO: Run TokenBuild Behavior [ RunTime:0.000396s ]
INFO: Run WriteHtmlCache Behavior [ RunTime:0.000295s ]
INFO: Run ShowRuntime Behavior [ RunTime:0.000509s ]
INFO: [ view_filter ] --END-- [ RunTime:0.001974s ]
INFO: [ view_end ] --START--
INFO: Run ShowPageTrace Behavior [ RunTime:0.000601s ]
INFO: [ view_end ] --END-- [ RunTime:0.000670s ]

[ 2014-06-02T17:19:12+08:00 ] 127.0.0.1 /wyulianjiang/ljadmin.php/System/system
INFO: [ route_check ] --START--
INFO: Run CheckRoute Behavior [ RunTime:0.000568s ]
INFO: [ route_check ] --END-- [ RunTime:0.000643s ]
INFO: [ app_begin ] --START--
INFO: Run ReadHtmlCache Behavior [ RunTime:0.000661s ]
INFO: [ app_begin ] --END-- [ RunTime:0.000779s ]
SQL: SHOW COLUMNS FROM `lj_website` [ RunTime:0.002807s ]
SQL: SHOW COLUMNS FROM `lj_website` [ RunTime:0.002217s ]
SQL: SELECT * FROM `lj_website` WHERE ( `group` = 'system' )  [ RunTime:0.000271s ]
INFO: [ view_template ] --START--
INFO: Run LocationTemplate Behavior [ RunTime:0.017084s ]
INFO: [ view_template ] --END-- [ RunTime:0.017160s ]
INFO: [ view_parse ] --START--
INFO: Run ParseTemplate Behavior [ RunTime:0.019154s ]
INFO: [ view_parse ] --END-- [ RunTime:0.019233s ]
INFO: [ view_filter ] --START--
INFO: Run ContentReplace Behavior [ RunTime:0.000333s ]
INFO: Run TokenBuild Behavior [ RunTime:0.000267s ]
INFO: Run WriteHtmlCache Behavior [ RunTime:0.000197s ]
INFO: Run ShowRuntime Behavior [ RunTime:0.000301s ]
INFO: [ view_filter ] --END-- [ RunTime:0.001219s ]
INFO: [ view_end ] --START--
INFO: Run ShowPageTrace Behavior [ RunTime:0.000393s ]
INFO: [ view_end ] --END-- [ RunTime:0.000452s ]

[ 2014-06-02T17:19:13+08:00 ] 127.0.0.1 /wyulianjiang/ljadmin.php/System/contact
INFO: [ route_check ] --START--
INFO: Run CheckRoute Behavior [ RunTime:0.000509s ]
INFO: [ route_check ] --END-- [ RunTime:0.000585s ]
INFO: [ app_begin ] --START--
INFO: Run ReadHtmlCache Behavior [ RunTime:0.000368s ]
INFO: [ app_begin ] --END-- [ RunTime:0.000414s ]
SQL: SHOW COLUMNS FROM `lj_website` [ RunTime:0.003175s ]
SQL: SHOW COLUMNS FROM `lj_website` [ RunTime:0.002379s ]
SQL: SELECT * FROM `lj_website` WHERE ( `group` = 'contact' )  [ RunTime:0.000298s ]
INFO: [ view_template ] --START--
INFO: Run LocationTemplate Behavior [ RunTime:0.000560s ]
INFO: [ view_template ] --END-- [ RunTime:0.000614s ]
INFO: [ view_parse ] --START--
INFO: Run ParseTemplate Behavior [ RunTime:0.036874s ]
INFO: [ view_parse ] --END-- [ RunTime:0.036983s ]
INFO: [ view_filter ] --START--
INFO: Run ContentReplace Behavior [ RunTime:0.000375s ]
INFO: Run TokenBuild Behavior [ RunTime:0.000296s ]
INFO: Run WriteHtmlCache Behavior [ RunTime:0.000213s ]
INFO: Run ShowRuntime Behavior [ RunTime:0.000334s ]
INFO: [ view_filter ] --END-- [ RunTime:0.001353s ]
INFO: [ view_end ] --START--
INFO: Run ShowPageTrace Behavior [ RunTime:0.000401s ]
INFO: [ view_end ] --END-- [ RunTime:0.000443s ]

[ 2014-06-02T17:42:10+08:00 ] 127.0.0.1 /wyulianjiang/ljadmin.php
INFO: [ app_begin ] --START--
INFO: Run ReadHtmlCache Behavior [ RunTime:0.000860s ]
INFO: [ app_begin ] --END-- [ RunTime:0.000952s ]
INFO: [ view_template ] --START--
INFO: Run LocationTemplate Behavior [ RunTime:0.000602s ]
INFO: [ view_template ] --END-- [ RunTime:0.000655s ]
INFO: [ view_parse ] --START--
INFO: Run ParseTemplate Behavior [ RunTime:0.005371s ]
INFO: [ view_parse ] --END-- [ RunTime:0.005442s ]
INFO: [ view_filter ] --START--
INFO: Run ContentReplace Behavior [ RunTime:0.000390s ]
INFO: Run TokenBuild Behavior [ RunTime:0.000407s ]
INFO: Run WriteHtmlCache Behavior [ RunTime:0.000314s ]
INFO: Run ShowRuntime Behavior [ RunTime:0.000420s ]
INFO: [ view_filter ] --END-- [ RunTime:0.001664s ]
INFO: [ view_end ] --START--
INFO: Run ShowPageTrace Behavior [ RunTime:0.000592s ]
INFO: [ view_end ] --END-- [ RunTime:0.000652s ]

[ 2014-06-02T17:42:10+08:00 ] 127.0.0.1 /wyulianjiang/ljadmin.php/Index/top.html
INFO: [ route_check ] --START--
INFO: Run CheckRoute Behavior [ RunTime:0.001057s ]
INFO: [ route_check ] --END-- [ RunTime:0.001170s ]
INFO: [ app_begin ] --START--
INFO: Run ReadHtmlCache Behavior [ RunTime:0.000598s ]
INFO: [ app_begin ] --END-- [ RunTime:0.000689s ]
INFO: [ view_template ] --START--
INFO: Run LocationTemplate Behavior [ RunTime:0.000432s ]
INFO: [ view_template ] --END-- [ RunTime:0.000525s ]
INFO: [ view_parse ] --START--
INFO: Run ParseTemplate Behavior [ RunTime:0.007509s ]
INFO: [ view_parse ] --END-- [ RunTime:0.007614s ]
INFO: [ view_filter ] --START--
INFO: Run ContentReplace Behavior [ RunTime:0.000465s ]
INFO: Run TokenBuild Behavior [ RunTime:0.000437s ]
INFO: Run WriteHtmlCache Behavior [ RunTime:0.000215s ]
INFO: Run ShowRuntime Behavior [ RunTime:0.000331s ]
INFO: [ view_filter ] --END-- [ RunTime:0.001623s ]
INFO: [ view_end ] --START--
INFO: Run ShowPageTrace Behavior [ RunTime:0.000410s ]
INFO: [ view_end ] --END-- [ RunTime:0.000455s ]

[ 2014-06-02T17:42:10+08:00 ] 127.0.0.1 /wyulianjiang/ljadmin.php/Index/left.html
INFO: [ route_check ] --START--
INFO: Run CheckRoute Behavior [ RunTime:0.001204s ]
INFO: [ route_check ] --END-- [ RunTime:0.001314s ]
INFO: [ app_begin ] --START--
INFO: Run ReadHtmlCache Behavior [ RunTime:0.000744s ]
INFO: [ app_begin ] --END-- [ RunTime:0.000840s ]
INFO: [ view_template ] --START--
INFO: Run LocationTemplate Behavior [ RunTime:0.000714s ]
INFO: [ view_template ] --END-- [ RunTime:0.000808s ]
INFO: [ view_parse ] --START--
INFO: Run ParseTemplate Behavior [ RunTime:0.013775s ]
INFO: [ view_parse ] --END-- [ RunTime:0.013862s ]
INFO: [ view_filter ] --START--
INFO: Run ContentReplace Behavior [ RunTime:0.000875s ]
INFO: Run TokenBuild Behavior [ RunTime:0.000661s ]
INFO: Run WriteHtmlCache Behavior [ RunTime:0.000476s ]
INFO: Run ShowRuntime Behavior [ RunTime:0.000734s ]
INFO: [ view_filter ] --END-- [ RunTime:0.003005s ]
INFO: [ view_end ] --START--
INFO: Run ShowPageTrace Behavior [ RunTime:0.000778s ]
INFO: [ view_end ] --END-- [ RunTime:0.000847s ]

[ 2014-06-02T17:42:10+08:00 ] 127.0.0.1 /wyulianjiang/ljadmin.php/Index/mainfra.html
INFO: [ route_check ] --START--
INFO: Run CheckRoute Behavior [ RunTime:0.001334s ]
INFO: [ route_check ] --END-- [ RunTime:0.001445s ]
INFO: [ app_begin ] --START--
INFO: Run ReadHtmlCache Behavior [ RunTime:0.000675s ]
INFO: [ app_begin ] --END-- [ RunTime:0.000788s ]
INFO: [ view_template ] --START--
INFO: Run LocationTemplate Behavior [ RunTime:0.000600s ]
INFO: [ view_template ] --END-- [ RunTime:0.000711s ]
INFO: [ view_parse ] --START--
INFO: Run ParseTemplate Behavior [ RunTime:0.008335s ]
INFO: [ view_parse ] --END-- [ RunTime:0.008453s ]
INFO: [ view_filter ] --START--
INFO: Run ContentReplace Behavior [ RunTime:0.000539s ]
INFO: Run TokenBuild Behavior [ RunTime:0.000684s ]
INFO: Run WriteHtmlCache Behavior [ RunTime:0.000559s ]
INFO: Run ShowRuntime Behavior [ RunTime:0.000620s ]
INFO: [ view_filter ] --END-- [ RunTime:0.002683s ]
INFO: [ view_end ] --START--
INFO: Run ShowPageTrace Behavior [ RunTime:0.000709s ]
INFO: [ view_end ] --END-- [ RunTime:0.000794s ]

